This is pdfTeX, Version 3.141592653-2.6-1.40.26 (TeX Live 2024) (preloaded format=pdflatex 2024.11.10)  3 DEC 2025 22:42
entering extended mode
 restricted \write18 enabled.
 file:line:error style messages enabled.
 %&-line parsing enabled.
**NotasCursoEstadisticaProbabilidad.tex
(./NotasCursoEstadisticaProbabilidad.tex
LaTeX2e <2023-11-01> patch level 1
L3 programming layer <2024-02-20>
(/usr/local/texlive/2024/texmf-dist/tex/latex/base/article.cls
Document Class: article 2023/05/17 v1.4n Standard LaTeX document class
(/usr/local/texlive/2024/texmf-dist/tex/latex/base/size12.clo
File: size12.clo 2023/05/17 v1.4n Standard LaTeX file (size option)
)
\c@part=\count188
\c@section=\count189
\c@subsection=\count190
\c@subsubsection=\count191
\c@paragraph=\count192
\c@subparagraph=\count193
\c@figure=\count194
\c@table=\count195
\abovecaptionskip=\skip48
\belowcaptionskip=\skip49
\bibindent=\dimen140
)
(/usr/local/texlive/2024/texmf-dist/tex/latex/base/inputenc.sty
Package: inputenc 2021/02/14 v1.3d Input encoding file
\inpenc@prehook=\toks17
\inpenc@posthook=\toks18

(/usr/local/texlive/2024/texmf-dist/tex/latex/base/latin1.def
File: latin1.def 2021/02/14 v1.3d Input encoding file
))
(/usr/local/texlive/2024/texmf-dist/tex/generic/babel/babel.sty
Package: babel 2024/02/07 v24.2 The Babel package
\babel@savecnt=\count196
\U@D=\dimen141
\l@unhyphenated=\language89

(/usr/local/texlive/2024/texmf-dist/tex/generic/babel/txtbabel.def)
\bbl@readstream=\read2
\bbl@dirlevel=\count197

(/usr/local/texlive/2024/texmf-dist/tex/generic/babel-spanish/spanish.ldf
Language: spanish.ldf 2021/05/27 v5.0q Spanish support from the babel system
\es@quottoks=\toks19
\es@quotdepth=\count198
Package babel Info: Making " an active character on input line 570.
Package babel Info: Making . an active character on input line 675.
Package babel Info: Making < an active character on input line 722.
Package babel Info: Making > an active character on input line 722.
))
(/usr/local/texlive/2024/texmf-dist/tex/generic/babel/locale/es/babel-spanish.t
ex
Package babel Info: Importing font and identification data for spanish
(babel)             from babel-es.ini. Reported on input line 11.
) (/usr/local/texlive/2024/texmf-dist/tex/latex/geometry/geometry.sty
Package: geometry 2020/01/02 v5.9 Page Geometry

(/usr/local/texlive/2024/texmf-dist/tex/latex/graphics/keyval.sty
Package: keyval 2022/05/29 v1.15 key=value parser (DPC)
\KV@toks@=\toks20
)
(/usr/local/texlive/2024/texmf-dist/tex/generic/iftex/ifvtex.sty
Package: ifvtex 2019/10/25 v1.7 ifvtex legacy package. Use iftex instead.

(/usr/local/texlive/2024/texmf-dist/tex/generic/iftex/iftex.sty
Package: iftex 2022/02/03 v1.0f TeX engine tests
))
\Gm@cnth=\count199
\Gm@cntv=\count266
\c@Gm@tempcnt=\count267
\Gm@bindingoffset=\dimen142
\Gm@wd@mp=\dimen143
\Gm@odd@mp=\dimen144
\Gm@even@mp=\dimen145
\Gm@layoutwidth=\dimen146
\Gm@layoutheight=\dimen147
\Gm@layouthoffset=\dimen148
\Gm@layoutvoffset=\dimen149
\Gm@dimlist=\toks21
)
(/usr/local/texlive/2024/texmf-dist/tex/latex/amsmath/amsmath.sty
Package: amsmath 2023/05/13 v2.17o AMS math features
\@mathmargin=\skip50

For additional information on amsmath, use the `?' option.
(/usr/local/texlive/2024/texmf-dist/tex/latex/amsmath/amstext.sty
Package: amstext 2021/08/26 v2.01 AMS text

(/usr/local/texlive/2024/texmf-dist/tex/latex/amsmath/amsgen.sty
File: amsgen.sty 1999/11/30 v2.0 generic functions
\@emptytoks=\toks22
\ex@=\dimen150
))
(/usr/local/texlive/2024/texmf-dist/tex/latex/amsmath/amsbsy.sty
Package: amsbsy 1999/11/29 v1.2d Bold Symbols
\pmbraise@=\dimen151
)
(/usr/local/texlive/2024/texmf-dist/tex/latex/amsmath/amsopn.sty
Package: amsopn 2022/04/08 v2.04 operator names
)
\inf@bad=\count268
LaTeX Info: Redefining \frac on input line 234.
\uproot@=\count269
\leftroot@=\count270
LaTeX Info: Redefining \overline on input line 399.
LaTeX Info: Redefining \colon on input line 410.
\classnum@=\count271
\DOTSCASE@=\count272
LaTeX Info: Redefining \ldots on input line 496.
LaTeX Info: Redefining \dots on input line 499.
LaTeX Info: Redefining \cdots on input line 620.
\Mathstrutbox@=\box51
\strutbox@=\box52
LaTeX Info: Redefining \big on input line 722.
LaTeX Info: Redefining \Big on input line 723.
LaTeX Info: Redefining \bigg on input line 724.
LaTeX Info: Redefining \Bigg on input line 725.
\big@size=\dimen152
LaTeX Font Info:    Redeclaring font encoding OML on input line 743.
LaTeX Font Info:    Redeclaring font encoding OMS on input line 744.
\macc@depth=\count273
LaTeX Info: Redefining \bmod on input line 905.
LaTeX Info: Redefining \pmod on input line 910.
LaTeX Info: Redefining \smash on input line 940.
LaTeX Info: Redefining \relbar on input line 970.
LaTeX Info: Redefining \Relbar on input line 971.
\c@MaxMatrixCols=\count274
\dotsspace@=\muskip16
\c@parentequation=\count275
\dspbrk@lvl=\count276
\tag@help=\toks23
\row@=\count277
\column@=\count278
\maxfields@=\count279
\andhelp@=\toks24
\eqnshift@=\dimen153
\alignsep@=\dimen154
\tagshift@=\dimen155
\tagwidth@=\dimen156
\totwidth@=\dimen157
\lineht@=\dimen158
\@envbody=\toks25
\multlinegap=\skip51
\multlinetaggap=\skip52
\mathdisplay@stack=\toks26
LaTeX Info: Redefining \[ on input line 2953.
LaTeX Info: Redefining \] on input line 2954.
)
(/usr/local/texlive/2024/texmf-dist/tex/latex/amscls/amsthm.sty
Package: amsthm 2020/05/29 v2.20.6
\thm@style=\toks27
\thm@bodyfont=\toks28
\thm@headfont=\toks29
\thm@notefont=\toks30
\thm@headpunct=\toks31
\thm@preskip=\skip53
\thm@postskip=\skip54
\thm@headsep=\skip55
\dth@everypar=\toks32
)
(/usr/local/texlive/2024/texmf-dist/tex/latex/amsfonts/amsfonts.sty
Package: amsfonts 2013/01/14 v3.01 Basic AMSFonts support
\symAMSa=\mathgroup4
\symAMSb=\mathgroup5
LaTeX Font Info:    Redeclaring math symbol \hbar on input line 98.
LaTeX Font Info:    Overwriting math alphabet `\mathfrak' in version `bold'
(Font)                  U/euf/m/n --> U/euf/b/n on input line 106.
)
(/usr/local/texlive/2024/texmf-dist/tex/latex/hyperref/hyperref.sty
Package: hyperref 2024-01-20 v7.01h Hypertext links for LaTeX

(/usr/local/texlive/2024/texmf-dist/tex/latex/kvsetkeys/kvsetkeys.sty
Package: kvsetkeys 2022-10-05 v1.19 Key value parser (HO)
)
(/usr/local/texlive/2024/texmf-dist/tex/generic/kvdefinekeys/kvdefinekeys.sty
Package: kvdefinekeys 2019-12-19 v1.6 Define keys (HO)
)
(/usr/local/texlive/2024/texmf-dist/tex/generic/pdfescape/pdfescape.sty
Package: pdfescape 2019/12/09 v1.15 Implements pdfTeX's escape features (HO)

(/usr/local/texlive/2024/texmf-dist/tex/generic/ltxcmds/ltxcmds.sty
Package: ltxcmds 2023-12-04 v1.26 LaTeX kernel commands for general use (HO)
)
(/usr/local/texlive/2024/texmf-dist/tex/generic/pdftexcmds/pdftexcmds.sty
Package: pdftexcmds 2020-06-27 v0.33 Utility functions of pdfTeX for LuaTeX (HO
)

(/usr/local/texlive/2024/texmf-dist/tex/generic/infwarerr/infwarerr.sty
Package: infwarerr 2019/12/03 v1.5 Providing info/warning/error messages (HO)
)
Package pdftexcmds Info: \pdf@primitive is available.
Package pdftexcmds Info: \pdf@ifprimitive is available.
Package pdftexcmds Info: \pdfdraftmode found.
))
(/usr/local/texlive/2024/texmf-dist/tex/latex/hycolor/hycolor.sty
Package: hycolor 2020-01-27 v1.10 Color options for hyperref/bookmark (HO)
)
(/usr/local/texlive/2024/texmf-dist/tex/latex/auxhook/auxhook.sty
Package: auxhook 2019-12-17 v1.6 Hooks for auxiliary files (HO)
)
(/usr/local/texlive/2024/texmf-dist/tex/latex/hyperref/nameref.sty
Package: nameref 2023-11-26 v2.56 Cross-referencing by name of section

(/usr/local/texlive/2024/texmf-dist/tex/latex/refcount/refcount.sty
Package: refcount 2019/12/15 v3.6 Data extraction from label references (HO)
)
(/usr/local/texlive/2024/texmf-dist/tex/generic/gettitlestring/gettitlestring.s
ty
Package: gettitlestring 2019/12/15 v1.6 Cleanup title references (HO)
 (/usr/local/texlive/2024/texmf-dist/tex/latex/kvoptions/kvoptions.sty
Package: kvoptions 2022-06-15 v3.15 Key value format for package options (HO)
))
\c@section@level=\count280
)
(/usr/local/texlive/2024/texmf-dist/tex/latex/etoolbox/etoolbox.sty
Package: etoolbox 2020/10/05 v2.5k e-TeX tools for LaTeX (JAW)
\etb@tempcnta=\count281
)
\@linkdim=\dimen159
\Hy@linkcounter=\count282
\Hy@pagecounter=\count283

(/usr/local/texlive/2024/texmf-dist/tex/latex/hyperref/pd1enc.def
File: pd1enc.def 2024-01-20 v7.01h Hyperref: PDFDocEncoding definition (HO)
Now handling font encoding PD1 ...
... no UTF-8 mapping file for font encoding PD1
)
(/usr/local/texlive/2024/texmf-dist/tex/generic/intcalc/intcalc.sty
Package: intcalc 2019/12/15 v1.3 Expandable calculations with integers (HO)
)
\Hy@SavedSpaceFactor=\count284

(/usr/local/texlive/2024/texmf-dist/tex/latex/hyperref/puenc.def
File: puenc.def 2024-01-20 v7.01h Hyperref: PDF Unicode definition (HO)
Now handling font encoding PU ...
... no UTF-8 mapping file for font encoding PU
)
Package hyperref Info: Hyper figures OFF on input line 4179.
Package hyperref Info: Link nesting OFF on input line 4184.
Package hyperref Info: Hyper index ON on input line 4187.
Package hyperref Info: Plain pages OFF on input line 4194.
Package hyperref Info: Backreferencing OFF on input line 4199.
Package hyperref Info: Implicit mode ON; LaTeX internals redefined.
Package hyperref Info: Bookmarks ON on input line 4446.
\c@Hy@tempcnt=\count285

(/usr/local/texlive/2024/texmf-dist/tex/latex/url/url.sty
\Urlmuskip=\muskip17
Package: url 2013/09/16  ver 3.4  Verb mode for urls, etc.
)
LaTeX Info: Redefining \url on input line 4784.
\XeTeXLinkMargin=\dimen160

(/usr/local/texlive/2024/texmf-dist/tex/generic/bitset/bitset.sty
Package: bitset 2019/12/09 v1.3 Handle bit-vector datatype (HO)

(/usr/local/texlive/2024/texmf-dist/tex/generic/bigintcalc/bigintcalc.sty
Package: bigintcalc 2019/12/15 v1.5 Expandable calculations on big integers (HO
)
))
\Fld@menulength=\count286
\Field@Width=\dimen161
\Fld@charsize=\dimen162
Package hyperref Info: Hyper figures OFF on input line 6063.
Package hyperref Info: Link nesting OFF on input line 6068.
Package hyperref Info: Hyper index ON on input line 6071.
Package hyperref Info: backreferencing OFF on input line 6078.
Package hyperref Info: Link coloring OFF on input line 6083.
Package hyperref Info: Link coloring with OCG OFF on input line 6088.
Package hyperref Info: PDF/A mode OFF on input line 6093.

(/usr/local/texlive/2024/texmf-dist/tex/latex/base/atbegshi-ltx.sty
Package: atbegshi-ltx 2021/01/10 v1.0c Emulation of the original atbegshi
package with kernel methods
)
\Hy@abspage=\count287
\c@Item=\count288
\c@Hfootnote=\count289
)
Package hyperref Info: Driver (autodetected): hpdftex.

(/usr/local/texlive/2024/texmf-dist/tex/latex/hyperref/hpdftex.def
File: hpdftex.def 2024-01-20 v7.01h Hyperref driver for pdfTeX

(/usr/local/texlive/2024/texmf-dist/tex/latex/base/atveryend-ltx.sty
Package: atveryend-ltx 2020/08/19 v1.0a Emulation of the original atveryend pac
kage
with kernel methods
)
\Fld@listcount=\count290
\c@bookmark@seq@number=\count291

(/usr/local/texlive/2024/texmf-dist/tex/latex/rerunfilecheck/rerunfilecheck.sty
Package: rerunfilecheck 2022-07-10 v1.10 Rerun checks for auxiliary files (HO)

(/usr/local/texlive/2024/texmf-dist/tex/generic/uniquecounter/uniquecounter.sty
Package: uniquecounter 2019/12/15 v1.4 Provide unlimited unique counter (HO)
)
Package uniquecounter Info: New unique counter `rerunfilecheck' on input line 2
85.
)
\Hy@SectionHShift=\skip56
) (/usr/local/texlive/2024/texmf-dist/tex/latex/fancyhdr/fancyhdr.sty
Package: fancyhdr 2022/11/09 v4.1 Extensive control of page headers and footers

\f@nch@headwidth=\skip57
\f@nch@O@elh=\skip58
\f@nch@O@erh=\skip59
\f@nch@O@olh=\skip60
\f@nch@O@orh=\skip61
\f@nch@O@elf=\skip62
\f@nch@O@erf=\skip63
\f@nch@O@olf=\skip64
\f@nch@O@orf=\skip65
)
(/usr/local/texlive/2024/texmf-dist/tex/latex/titlesec/titlesec.sty
Package: titlesec 2023/10/27 v2.16 Sectioning titles
\ttl@box=\box53
\beforetitleunit=\skip66
\aftertitleunit=\skip67
\ttl@plus=\dimen163
\ttl@minus=\dimen164
\ttl@toksa=\toks33
\titlewidth=\dimen165
\titlewidthlast=\dimen166
\titlewidthfirst=\dimen167
)
(/usr/local/texlive/2024/texmf-dist/tex/latex/listings/listings.sty
\lst@mode=\count292
\lst@gtempboxa=\box54
\lst@token=\toks34
\lst@length=\count293
\lst@currlwidth=\dimen168
\lst@column=\count294
\lst@pos=\count295
\lst@lostspace=\dimen169
\lst@width=\dimen170
\lst@newlines=\count296
\lst@lineno=\count297
\lst@maxwidth=\dimen171

(/usr/local/texlive/2024/texmf-dist/tex/latex/listings/lstpatch.sty
File: lstpatch.sty 2024/02/21 1.10 (Carsten Heinz)
)
(/usr/local/texlive/2024/texmf-dist/tex/latex/listings/lstmisc.sty
File: lstmisc.sty 2024/02/21 1.10 (Carsten Heinz)
\c@lstnumber=\count298
\lst@skipnumbers=\count299
\lst@framebox=\box55
)
(/usr/local/texlive/2024/texmf-dist/tex/latex/listings/listings.cfg
File: listings.cfg 2024/02/21 1.10 listings configuration
))
Package: listings 2024/02/21 1.10 (Carsten Heinz)

(/usr/local/texlive/2024/texmf-dist/tex/latex/graphics/graphicx.sty
Package: graphicx 2021/09/16 v1.2d Enhanced LaTeX Graphics (DPC,SPQR)

(/usr/local/texlive/2024/texmf-dist/tex/latex/graphics/graphics.sty
Package: graphics 2022/03/10 v1.4e Standard LaTeX Graphics (DPC,SPQR)

(/usr/local/texlive/2024/texmf-dist/tex/latex/graphics/trig.sty
Package: trig 2021/08/11 v1.11 sin cos tan (DPC)
)
(/usr/local/texlive/2024/texmf-dist/tex/latex/graphics-cfg/graphics.cfg
File: graphics.cfg 2016/06/04 v1.11 sample graphics configuration
)
Package graphics Info: Driver file: pdftex.def on input line 107.

(/usr/local/texlive/2024/texmf-dist/tex/latex/graphics-def/pdftex.def
File: pdftex.def 2022/09/22 v1.2b Graphics/color driver for pdftex
))
\Gin@req@height=\dimen172
\Gin@req@width=\dimen173
)
(/usr/local/texlive/2024/texmf-dist/tex/latex/tools/multicol.sty
Package: multicol 2023/03/30 v1.9f multicolumn formatting (FMi)
\c@tracingmulticols=\count300
\mult@box=\box56
\multicol@leftmargin=\dimen174
\c@unbalance=\count301
\c@collectmore=\count302
\doublecol@number=\count303
\multicoltolerance=\count304
\multicolpretolerance=\count305
\full@width=\dimen175
\page@free=\dimen176
\premulticols=\dimen177
\postmulticols=\dimen178
\multicolsep=\skip68
\multicolbaselineskip=\skip69
\partial@page=\box57
\last@line=\box58
\mc@boxedresult=\box59
\maxbalancingoverflow=\dimen179
\mult@rightbox=\box60
\mult@grightbox=\box61
\mult@firstbox=\box62
\mult@gfirstbox=\box63
\@tempa=\box64
\@tempa=\box65
\@tempa=\box66
\@tempa=\box67
\@tempa=\box68
\@tempa=\box69
\@tempa=\box70
\@tempa=\box71
\@tempa=\box72
\@tempa=\box73
\@tempa=\box74
\@tempa=\box75
\@tempa=\box76
\@tempa=\box77
\@tempa=\box78
\@tempa=\box79
\@tempa=\box80
\@tempa=\box81
\@tempa=\box82
\@tempa=\box83
\@tempa=\box84
\@tempa=\box85
\@tempa=\box86
\@tempa=\box87
\@tempa=\box88
\@tempa=\box89
\@tempa=\box90
\@tempa=\box91
\@tempa=\box92
\@tempa=\box93
\@tempa=\box94
\@tempa=\box95
\@tempa=\box96
\@tempa=\box97
\@tempa=\box98
\@tempa=\box99
\c@minrows=\count306
\c@columnbadness=\count307
\c@finalcolumnbadness=\count308
\last@try=\dimen180
\multicolovershoot=\dimen181
\multicolundershoot=\dimen182
\mult@nat@firstbox=\box100
\colbreak@box=\box101
\mc@col@check@num=\count309
)
(/usr/local/texlive/2024/texmf-dist/tex/latex/multirow/multirow.sty
Package: multirow 2021/03/15 v2.8 Span multiple rows of a table
\multirow@colwidth=\skip70
\multirow@cntb=\count310
\multirow@dima=\skip71
\bigstrutjot=\dimen183
)
(/usr/local/texlive/2024/texmf-dist/tex/latex/graphics/color.sty
Package: color 2022/01/06 v1.3d Standard LaTeX Color (DPC)

(/usr/local/texlive/2024/texmf-dist/tex/latex/graphics-cfg/color.cfg
File: color.cfg 2016/01/02 v1.6 sample color configuration
)
Package color Info: Driver file: pdftex.def on input line 149.

(/usr/local/texlive/2024/texmf-dist/tex/latex/graphics/mathcolor.ltx))
(/usr/local/texlive/2024/texmf-dist/tex/latex/subfig/subfig.sty
Package: subfig 2005/06/28 ver: 1.3 subfig package

(/usr/local/texlive/2024/texmf-dist/tex/latex/caption/caption.sty
Package: caption 2023/08/05 v3.6o Customizing captions (AR)

(/usr/local/texlive/2024/texmf-dist/tex/latex/caption/caption3.sty
Package: caption3 2023/07/31 v2.4d caption3 kernel (AR)
\caption@tempdima=\dimen184
\captionmargin=\dimen185
\caption@leftmargin=\dimen186
\caption@rightmargin=\dimen187
\caption@width=\dimen188
\caption@indent=\dimen189
\caption@parindent=\dimen190
\caption@hangindent=\dimen191
Package caption Info: Standard document class detected.
)
\c@caption@flags=\count311
\c@continuedfloat=\count312
Package caption Info: hyperref package is loaded.
Package caption Info: listings package is loaded.
)
\c@KVtest=\count313
\sf@farskip=\skip72
\sf@captopadj=\dimen192
\sf@capskip=\skip73
\sf@nearskip=\skip74
\c@subfigure=\count314
\c@subfigure@save=\count315
\c@lofdepth=\count316
\c@subtable=\count317
\c@subtable@save=\count318
\c@lotdepth=\count319
\sf@top=\skip75
\sf@bottom=\skip76
)
(/usr/local/texlive/2024/texmf-dist/tex/latex/graphics/rotating.sty
Package: rotating 2016/08/11 v2.16d rotated objects in LaTeX

(/usr/local/texlive/2024/texmf-dist/tex/latex/base/ifthen.sty
Package: ifthen 2022/04/13 v1.1d Standard LaTeX ifthen package (DPC)
)
\c@r@tfl@t=\count320
\rotFPtop=\skip77
\rotFPbot=\skip78
\rot@float@box=\box102
\rot@mess@toks=\toks35
)
(/usr/local/texlive/2024/texmf-dist/tex/latex/tools/enumerate.sty
Package: enumerate 2023/07/04 v3.00 enumerate extensions (DPC)
\@enLab=\toks36
)
(/usr/local/texlive/2024/texmf-dist/tex/latex/anysize/anysize.sty
Package: anysize 1994/08/13 setting margin sizes

document style option `anysize' loaded
Michael Salzenberg, Thomas Esser, Dirk Hillbrecht
Version 1.0, Aug 13, 1994
\@Leftmargin=\dimen193
\@Rightmargin=\dimen194
\@Topmargin=\dimen195
\@Bottommargin=\dimen196
) (/usr/local/texlive/2024/texmf-dist/tex/latex/imakeidx/imakeidx.sty
Package: imakeidx 2016/10/15 v1.3e Package for typesetting indices in a synchro
nous mode

(/usr/local/texlive/2024/texmf-dist/tex/latex/xkeyval/xkeyval.sty
Package: xkeyval 2022/06/16 v2.9 package option processing (HA)

(/usr/local/texlive/2024/texmf-dist/tex/generic/xkeyval/xkeyval.tex
(/usr/local/texlive/2024/texmf-dist/tex/generic/xkeyval/xkvutils.tex
\XKV@toks=\toks37
\XKV@tempa@toks=\toks38
)
\XKV@depth=\count321
File: xkeyval.tex 2014/12/03 v2.7a key=value parser (HA)
))
(/usr/local/texlive/2024/texmf-dist/tex/generic/iftex/ifxetex.sty
Package: ifxetex 2019/10/25 v0.7 ifxetex legacy package. Use iftex instead.
)
(/usr/local/texlive/2024/texmf-dist/tex/generic/iftex/ifluatex.sty
Package: ifluatex 2019/10/25 v1.5 ifluatex legacy package. Use iftex instead.
))
(/usr/local/texlive/2024/texmf-dist/tex/latex/float/float.sty
Package: float 2001/11/08 v1.3d Float enhancements (AL)
\c@float@type=\count322
\float@exts=\toks39
\float@box=\box103
\@float@everytoks=\toks40
\@floatcapt=\box104
)
(/usr/local/texlive/2024/texmf-dist/tex/latex/chngcntr/chngcntr.sty
Package: chngcntr 2018/04/09 v1.1a change counter resetting
Package chngcntr Info: \counterwithout already defined.
(chngcntr)             Quitting chngcntr on input line 21.
)
(/usr/local/texlive/2024/texmf-dist/tex/latex/enumitem/enumitem.sty
Package: enumitem 2019/06/20 v3.9 Customized lists
\labelindent=\skip79
\enit@outerparindent=\dimen197
\enit@toks=\toks41
\enit@inbox=\box105
\enit@count@id=\count323
\enitdp@description=\count324
)
\c@globalitem=\count325
\c@Criterio=\count326
\c@Sup=\count327
\c@Note=\count328
\c@Ejem=\count329
\c@Prop=\count330
\c@Def=\count331
\c@Teo=\count332
\c@Algthm=\count333
\c@Sol=\count334
\c@Ejer=\count335
\c@Quest=\count336
\c@Obs=\count337
\c@Propty=\count338
\c@lem=\count339

(/usr/local/texlive/2024/texmf-dist/tex/latex/l3backend/l3backend-pdftex.def
File: l3backend-pdftex.def 2024-02-20 L3 backend support: PDF output (pdfTeX)
\l__color_backend_stack_int=\count340
\l__pdf_internal_box=\box106
)
No file NotasCursoEstadisticaProbabilidad.aux.
\openout1 = `NotasCursoEstadisticaProbabilidad.aux'.

LaTeX Font Info:    Checking defaults for OML/cmm/m/it on input line 105.
LaTeX Font Info:    ... okay on input line 105.
LaTeX Font Info:    Checking defaults for OMS/cmsy/m/n on input line 105.
LaTeX Font Info:    ... okay on input line 105.
LaTeX Font Info:    Checking defaults for OT1/cmr/m/n on input line 105.
LaTeX Font Info:    ... okay on input line 105.
LaTeX Font Info:    Checking defaults for T1/cmr/m/n on input line 105.
LaTeX Font Info:    ... okay on input line 105.
LaTeX Font Info:    Checking defaults for TS1/cmr/m/n on input line 105.
LaTeX Font Info:    ... okay on input line 105.
LaTeX Font Info:    Checking defaults for OMX/cmex/m/n on input line 105.
LaTeX Font Info:    ... okay on input line 105.
LaTeX Font Info:    Checking defaults for U/cmr/m/n on input line 105.
LaTeX Font Info:    ... okay on input line 105.
LaTeX Font Info:    Checking defaults for PD1/pdf/m/n on input line 105.
LaTeX Font Info:    ... okay on input line 105.
LaTeX Font Info:    Checking defaults for PU/pdf/m/n on input line 105.
LaTeX Font Info:    ... okay on input line 105.
LaTeX Info: Redefining \. on input line 105.
LaTeX Info: Redefining \% on input line 105.
*geometry* driver: auto-detecting
*geometry* detected driver: pdftex
*geometry* verbose mode - [ preamble ] result:
* driver: pdftex
* paper: a4paper
* layout: <same size as paper>
* layoutoffset:(h,v)=(0.0pt,0.0pt)
* modes: includehead includefoot twoside 
* h-part:(L,W,R)=(42.67912pt, 519.26282pt, 35.56593pt)
* v-part:(T,H,B)=(42.67912pt, 773.91498pt, 28.45274pt)
* \paperwidth=597.50787pt
* \paperheight=845.04684pt
* \textwidth=455.24411pt
* \textheight=662.23584pt
* \oddsidemargin=13.08827pt
* \evensidemargin=-15.36449pt
* \topmargin=-15.36449pt
* \headheight=14.0pt
* \headsep=25.0pt
* \topskip=12.0pt
* \footskip=30.0pt
* \marginparwidth=95.0pt
* \marginparsep=10.0pt
* \columnsep=10.0pt
* \skip\footins=10.8pt plus 4.0pt minus 2.0pt
* \hoffset=0.0pt
* \voffset=0.0pt
* \mag=1000
* \@twocolumnfalse
* \@twosidetrue
* \@mparswitchtrue
* \@reversemarginfalse
* (1in=72.27pt=25.4mm, 1cm=28.453pt)

Package hyperref Info: Link coloring OFF on input line 105.
\@outlinefile=\write3
\openout3 = `NotasCursoEstadisticaProbabilidad.out'.

\c@lstlisting=\count341
(/usr/local/texlive/2024/texmf-dist/tex/context/base/mkii/supp-pdf.mkii
[Loading MPS to PDF converter (version 2006.09.02).]
\scratchcounter=\count342
\scratchdimen=\dimen198
\scratchbox=\box107
\nofMPsegments=\count343
\nofMParguments=\count344
\everyMPshowfont=\toks42
\MPscratchCnt=\count345
\MPscratchDim=\dimen199
\MPnumerator=\count346
\makeMPintoPDFobject=\count347
\everyMPtoPDFconversion=\toks43
) (/usr/local/texlive/2024/texmf-dist/tex/latex/epstopdf-pkg/epstopdf-base.sty
Package: epstopdf-base 2020-01-24 v2.11 Base part for package epstopdf
Package epstopdf-base Info: Redefining graphics rule for `.eps' on input line 4
85.

(/usr/local/texlive/2024/texmf-dist/tex/latex/latexconfig/epstopdf-sys.cfg
File: epstopdf-sys.cfg 2010/07/13 v1.3 Configuration of (r)epstopdf for TeX Liv
e
))
Package caption Info: Begin \AtBeginDocument code.
Package caption Info: subfig package v1.3 is loaded.
Package caption Info: float package is loaded.
Package caption Info: rotating package is loaded.
Package caption Info: End \AtBeginDocument code.

[1

{/usr/local/texlive/2024/texmf-var/fonts/map/pdftex/updmap/pdftex.map}]
No file NotasCursoEstadisticaProbabilidad.toc.
\tf@toc=\write4
\openout4 = `NotasCursoEstadisticaProbabilidad.toc'.

[2] [3

] (./NotasIntroduccionEstadistica.tex
LaTeX Info: Redefining \. on input line 32.
LaTeX Info: Redefining \% on input line 32.

pdfTeX warning (ext4): destination with the same identifier (name{page.1}) has 
been already used, duplicate ignored
<to be read again> 
                   \relax 
l.32 
      [1]
LaTeX Info: Redefining \. on input line 40.
LaTeX Info: Redefining \% on input line 40.
LaTeX Info: Redefining \. on input line 40.
LaTeX Info: Redefining \% on input line 40.

pdfTeX warning (ext4): destination with the same identifier (name{page.2}) has 
been already used, duplicate ignored
<to be read again> 
                   \relax 
l.40 
      [2]
LaTeX Info: Redefining \. on input line 50.
LaTeX Info: Redefining \% on input line 50.
LaTeX Info: Redefining \. on input line 50.
LaTeX Info: Redefining \% on input line 50.

pdfTeX warning (ext4): destination with the same identifier (name{page.3}) has 
been already used, duplicate ignored
<to be read again> 
                   \relax 
l.50 ...{Etapas de Desarrollo de la Estad\'istica}
                                                   [3]
LaTeX Info: Redefining \. on input line 66.
LaTeX Info: Redefining \% on input line 66.
LaTeX Info: Redefining \. on input line 66.
LaTeX Info: Redefining \% on input line 66.
 [4]
LaTeX Info: Redefining \. on input line 92.
LaTeX Info: Redefining \% on input line 92.
LaTeX Info: Redefining \. on input line 92.
LaTeX Info: Redefining \% on input line 92.
 [5]
LaTeX Font Info:    Trying to load font information for U+msa on input line 115
.

(/usr/local/texlive/2024/texmf-dist/tex/latex/amsfonts/umsa.fd
File: umsa.fd 2013/01/14 v3.01 AMS symbols A
)
LaTeX Font Info:    Trying to load font information for U+msb on input line 115
.

(/usr/local/texlive/2024/texmf-dist/tex/latex/amsfonts/umsb.fd
File: umsb.fd 2013/01/14 v3.01 AMS symbols B
)
LaTeX Info: Redefining \. on input line 124.
LaTeX Info: Redefining \% on input line 124.
LaTeX Info: Redefining \. on input line 124.
LaTeX Info: Redefining \% on input line 124.
 [6]
Underfull \hbox (badness 10000) in paragraph at lines 147--148

 []

LaTeX Info: Redefining \. on input line 168.
LaTeX Info: Redefining \% on input line 168.
LaTeX Info: Redefining \. on input line 168.
LaTeX Info: Redefining \% on input line 168.
[7{/usr/local/texlive/2024/texmf-dist/fonts/enc/dvips/cm-super/cm-super-ts1.enc
}]
LaTeX Info: Redefining \. on input line 191.
LaTeX Info: Redefining \% on input line 191.
LaTeX Info: Redefining \. on input line 191.
LaTeX Info: Redefining \% on input line 191.
 [8]
LaTeX Info: Redefining \. on input line 226.
LaTeX Info: Redefining \% on input line 226.
LaTeX Info: Redefining \. on input line 226.
LaTeX Info: Redefining \% on input line 226.
 [9]
LaTeX Info: Redefining \. on input line 263.
LaTeX Info: Redefining \% on input line 263.
LaTeX Info: Redefining \. on input line 263.
LaTeX Info: Redefining \% on input line 263.
 [10]
LaTeX Info: Redefining \. on input line 310.
LaTeX Info: Redefining \% on input line 310.
LaTeX Info: Redefining \. on input line 310.
LaTeX Info: Redefining \% on input line 310.
 [11]
Overfull \hbox (1.04298pt too wide) in paragraph at lines 319--320
\OT1/cmr/m/it/12 se-cun-da-ria, se-cun-da-ria, se-cun-da-ria, li-cen-cia-tu-ra,
 doc-to-ra-do, pri-ma-ria, maes-tria, pos-
 []

LaTeX Info: Redefining \. on input line 321.
LaTeX Info: Redefining \% on input line 321.
LaTeX Info: Redefining \. on input line 321.
LaTeX Info: Redefining \% on input line 321.
[12]
LaTeX Info: Redefining \. on input line 340.
LaTeX Info: Redefining \% on input line 340.
LaTeX Info: Redefining \. on input line 340.
LaTeX Info: Redefining \% on input line 340.
 [13]
LaTeX Info: Redefining \. on input line 353.
LaTeX Info: Redefining \% on input line 353.
LaTeX Info: Redefining \. on input line 353.
LaTeX Info: Redefining \% on input line 353.
 [14]
LaTeX Info: Redefining \. on input line 369.
LaTeX Info: Redefining \% on input line 369.
LaTeX Info: Redefining \. on input line 369.
LaTeX Info: Redefining \% on input line 369.
 [15]
LaTeX Info: Redefining \. on input line 397.
LaTeX Info: Redefining \% on input line 397.
LaTeX Info: Redefining \. on input line 397.
LaTeX Info: Redefining \% on input line 397.
 [16]
LaTeX Info: Redefining \. on input line 426.
LaTeX Info: Redefining \% on input line 426.
LaTeX Info: Redefining \. on input line 426.
LaTeX Info: Redefining \% on input line 426.
 [17])
LaTeX Info: Redefining \. on input line 155.
LaTeX Info: Redefining \% on input line 155.
LaTeX Info: Redefining \. on input line 155.
LaTeX Info: Redefining \% on input line 155.
 [18] (./NotasProbabilidad.tex
LaTeX Info: Redefining \. on input line 109.
LaTeX Info: Redefining \% on input line 109.
 [19]
Overfull \hbox (21.77992pt too wide) in paragraph at lines 126--127
[]\OT1/cmr/m/it/12 Sea $\OML/cmm/m/it/12 A \OT1/cmr/m/n/12 = []$\OT1/cmr/m/it/1
2 , $\OML/cmm/m/it/12 B \OT1/cmr/m/n/12 = []$\OT1/cmr/m/it/12 , $\OML/cmm/m/it/
12 C \OT1/cmr/m/n/12 = []$\OT1/cmr/m/it/12 ,
 []


Overfull \hbox (69.57149pt too wide) in paragraph at lines 130--131
[]\OT1/cmr/m/it/12 Sea $\OML/cmm/m/it/12 A \OT1/cmr/m/n/12 = []$\OT1/cmr/m/it/1
2 , $\OML/cmm/m/it/12 B \OT1/cmr/m/n/12 = []$\OT1/cmr/m/it/12 ,
 []

LaTeX Info: Redefining \. on input line 148.
LaTeX Info: Redefining \% on input line 148.
LaTeX Info: Redefining \. on input line 148.
LaTeX Info: Redefining \% on input line 148.
[20]
LaTeX Info: Redefining \. on input line 228.
LaTeX Info: Redefining \% on input line 228.
LaTeX Info: Redefining \. on input line 228.
LaTeX Info: Redefining \% on input line 228.
 [21]
<ImagenTresConjuntos.png, id=241, 519.9425pt x 621.32124pt>
File: ImagenTresConjuntos.png Graphic file (type png)
<use ImagenTresConjuntos.png>
Package pdftex.def Info: ImagenTresConjuntos.png  used on input line 257.
(pdftex.def)             Requested size: 182.09486pt x 217.59842pt.

Overfull \hbox (44.57236pt too wide) in alignment at lines 266--268
 [][][] []
 []

LaTeX Info: Redefining \. on input line 290.
LaTeX Info: Redefining \% on input line 290.
LaTeX Info: Redefining \. on input line 290.
LaTeX Info: Redefining \% on input line 290.
[22 <./ImagenTresConjuntos.png>]
LaTeX Info: Redefining \. on input line 356.
LaTeX Info: Redefining \% on input line 356.
LaTeX Info: Redefining \. on input line 356.
LaTeX Info: Redefining \% on input line 356.
 [23]
LaTeX Info: Redefining \. on input line 388.
LaTeX Info: Redefining \% on input line 388.
LaTeX Info: Redefining \. on input line 388.
LaTeX Info: Redefining \% on input line 388.
 [24]
LaTeX Info: Redefining \. on input line 414.
LaTeX Info: Redefining \% on input line 414.
LaTeX Info: Redefining \. on input line 414.
LaTeX Info: Redefining \% on input line 414.
 [25]
LaTeX Info: Redefining \. on input line 450.
LaTeX Info: Redefining \% on input line 450.
LaTeX Info: Redefining \. on input line 450.
LaTeX Info: Redefining \% on input line 450.
 [26]
LaTeX Info: Redefining \. on input line 480.
LaTeX Info: Redefining \% on input line 480.
LaTeX Info: Redefining \. on input line 480.
LaTeX Info: Redefining \% on input line 480.
 [27]
LaTeX Info: Redefining \. on input line 531.
LaTeX Info: Redefining \% on input line 531.
LaTeX Info: Redefining \. on input line 531.
LaTeX Info: Redefining \% on input line 531.
 [28]
LaTeX Info: Redefining \. on input line 571.
LaTeX Info: Redefining \% on input line 571.
LaTeX Info: Redefining \. on input line 571.
LaTeX Info: Redefining \% on input line 571.
 [29]
Overfull \hbox (18.10028pt too wide) in paragraph at lines 578--588
 [] 
 []

LaTeX Info: Redefining \. on input line 594.
LaTeX Info: Redefining \% on input line 594.
LaTeX Info: Redefining \. on input line 594.
LaTeX Info: Redefining \% on input line 594.
[30]
LaTeX Info: Redefining \. on input line 628.
LaTeX Info: Redefining \% on input line 628.
LaTeX Info: Redefining \. on input line 628.
LaTeX Info: Redefining \% on input line 628.
 [31]
LaTeX Info: Redefining \. on input line 651.
LaTeX Info: Redefining \% on input line 651.
LaTeX Info: Redefining \. on input line 651.
LaTeX Info: Redefining \% on input line 651.
 [32]
Overfull \hbox (4.27206pt too wide) in paragraph at lines 665--666
[]$\OML/cmm/m/it/12 A \OT1/cmr/m/n/12 = \OMS/cmsy/m/n/12 f$\OT1/cmr/m/it/12 dia
betes, hi-per-ten-si^^Son, en-fer-me-dad pul-mo-nar obs-truc-ti-va cr^^Soni-ca 
(EPOC),
 []


Overfull \hbox (1.87607pt too wide) in paragraph at lines 666--667
[]$\OML/cmm/m/it/12 B \OT1/cmr/m/n/12 = \OMS/cmsy/m/n/12 f[]\OML/cmm/m/it/12 ; 
[]; []; []; []\OMS/cmsy/m/n/12 g$ 
 []


Overfull \hbox (47.66284pt too wide) in paragraph at lines 681--682
[]$\OML/cmm/m/it/12 C \OT1/cmr/m/n/12 = []$\OT1/cmr/m/it/12 , 
 []


Overfull \hbox (26.54912pt too wide) in paragraph at lines 684--685
[]$\OML/cmm/m/it/12 D \OT1/cmr/m/n/12 = []$\OT1/cmr/m/it/12 , 
 []

LaTeX Info: Redefining \. on input line 686.
LaTeX Info: Redefining \% on input line 686.
LaTeX Info: Redefining \. on input line 686.
LaTeX Info: Redefining \% on input line 686.
[33]
Overfull \hbox (22.40239pt too wide) in paragraph at lines 697--698
[]$\OML/cmm/m/it/12 A \OT1/cmr/m/n/12 = \OMS/cmsy/m/n/12 f$\OT1/cmr/m/it/12 dep
resi^^Son, an-sie-dad, tras-torno bi-po-lar, es-qui-zo-fre-nia, tras-tor-nos al
imentarios$\OMS/cmsy/m/n/12 g$ 
 []


Overfull \hbox (4.11086pt too wide) in paragraph at lines 699--700
[]$\OML/cmm/m/it/12 C \OT1/cmr/m/n/12 = \OMS/cmsy/m/n/12 f$\OT1/cmr/m/it/12 psi
coterapia, te-ra-pia cognitivo-conductual, te-ra-pia ocu-pa-cio-nal, psi-coan^^
Sali-
 []

LaTeX Info: Redefining \. on input line 737.
LaTeX Info: Redefining \% on input line 737.
LaTeX Info: Redefining \. on input line 737.
LaTeX Info: Redefining \% on input line 737.
[34]
LaTeX Info: Redefining \. on input line 781.
LaTeX Info: Redefining \% on input line 781.
LaTeX Info: Redefining \. on input line 781.
LaTeX Info: Redefining \% on input line 781.
 [35]
LaTeX Info: Redefining \. on input line 850.
LaTeX Info: Redefining \% on input line 850.
LaTeX Info: Redefining \. on input line 850.
LaTeX Info: Redefining \% on input line 850.
 [36]
LaTeX Info: Redefining \. on input line 903.
LaTeX Info: Redefining \% on input line 903.
LaTeX Info: Redefining \. on input line 903.
LaTeX Info: Redefining \% on input line 903.
 [37]
LaTeX Info: Redefining \. on input line 926.
LaTeX Info: Redefining \% on input line 926.
LaTeX Info: Redefining \. on input line 926.
LaTeX Info: Redefining \% on input line 926.
 [38]
LaTeX Info: Redefining \. on input line 939.
LaTeX Info: Redefining \% on input line 939.
LaTeX Info: Redefining \. on input line 939.
LaTeX Info: Redefining \% on input line 939.
 [39]
LaTeX Info: Redefining \. on input line 963.
LaTeX Info: Redefining \% on input line 963.
LaTeX Info: Redefining \. on input line 963.
LaTeX Info: Redefining \% on input line 963.
 [40]
LaTeX Info: Redefining \. on input line 979.
LaTeX Info: Redefining \% on input line 979.
LaTeX Info: Redefining \. on input line 979.
LaTeX Info: Redefining \% on input line 979.
 [41]
LaTeX Info: Redefining \. on input line 1000.
LaTeX Info: Redefining \% on input line 1000.
LaTeX Info: Redefining \. on input line 1000.
LaTeX Info: Redefining \% on input line 1000.
 [42]
LaTeX Info: Redefining \. on input line 1014.
LaTeX Info: Redefining \% on input line 1014.
LaTeX Info: Redefining \. on input line 1014.
LaTeX Info: Redefining \% on input line 1014.
 [43]
LaTeX Info: Redefining \. on input line 1036.
LaTeX Info: Redefining \% on input line 1036.
LaTeX Info: Redefining \. on input line 1036.
LaTeX Info: Redefining \% on input line 1036.
 [44]
LaTeX Info: Redefining \. on input line 1052.
LaTeX Info: Redefining \% on input line 1052.
LaTeX Info: Redefining \. on input line 1052.
LaTeX Info: Redefining \% on input line 1052.
 [45]
LaTeX Info: Redefining \. on input line 1073.
LaTeX Info: Redefining \% on input line 1073.
LaTeX Info: Redefining \. on input line 1073.
LaTeX Info: Redefining \% on input line 1073.
 [46]
LaTeX Info: Redefining \. on input line 1088.
LaTeX Info: Redefining \% on input line 1088.
LaTeX Info: Redefining \. on input line 1088.
LaTeX Info: Redefining \% on input line 1088.
 [47]
LaTeX Info: Redefining \. on input line 1126.
LaTeX Info: Redefining \% on input line 1126.
LaTeX Info: Redefining \. on input line 1126.
LaTeX Info: Redefining \% on input line 1126.
 [48]
LaTeX Info: Redefining \. on input line 1162.
LaTeX Info: Redefining \% on input line 1162.
LaTeX Info: Redefining \. on input line 1162.
LaTeX Info: Redefining \% on input line 1162.

[49]
LaTeX Info: Redefining \. on input line 1197.
LaTeX Info: Redefining \% on input line 1197.
LaTeX Info: Redefining \. on input line 1197.
LaTeX Info: Redefining \% on input line 1197.
 [50]
LaTeX Info: Redefining \. on input line 1221.
LaTeX Info: Redefining \% on input line 1221.
LaTeX Info: Redefining \. on input line 1221.
LaTeX Info: Redefining \% on input line 1221.
 [51]
LaTeX Info: Redefining \. on input line 1237.
LaTeX Info: Redefining \% on input line 1237.
LaTeX Info: Redefining \. on input line 1237.
LaTeX Info: Redefining \% on input line 1237.
 [52]
LaTeX Info: Redefining \. on input line 1257.
LaTeX Info: Redefining \% on input line 1257.
LaTeX Info: Redefining \. on input line 1257.
LaTeX Info: Redefining \% on input line 1257.
 [53]
LaTeX Info: Redefining \. on input line 1272.
LaTeX Info: Redefining \% on input line 1272.
LaTeX Info: Redefining \. on input line 1272.
LaTeX Info: Redefining \% on input line 1272.
 [54]
LaTeX Info: Redefining \. on input line 1287.
LaTeX Info: Redefining \% on input line 1287.
LaTeX Info: Redefining \. on input line 1287.
LaTeX Info: Redefining \% on input line 1287.
 [55]
LaTeX Info: Redefining \. on input line 1305.
LaTeX Info: Redefining \% on input line 1305.
LaTeX Info: Redefining \. on input line 1305.
LaTeX Info: Redefining \% on input line 1305.
 [56]
LaTeX Info: Redefining \. on input line 1323.
LaTeX Info: Redefining \% on input line 1323.
LaTeX Info: Redefining \. on input line 1323.
LaTeX Info: Redefining \% on input line 1323.
 [57]
LaTeX Info: Redefining \. on input line 1336.
LaTeX Info: Redefining \% on input line 1336.
LaTeX Info: Redefining \. on input line 1336.
LaTeX Info: Redefining \% on input line 1336.
 [58])
LaTeX Info: Redefining \. on input line 158.
LaTeX Info: Redefining \% on input line 158.
LaTeX Info: Redefining \. on input line 158.
LaTeX Info: Redefining \% on input line 158.
 [59]
(./NotasVariablesAleatorias.tex
Overfull \hbox (7.08353pt too wide) in paragraph at lines 26--28
[]\OT1/cmr/m/it/12 Primero ha-lla-mos la cons-tan-te de nor-ma-li-za-ci^^Son $\
OML/cmm/m/it/12 C$\OT1/cmr/m/it/12 , lo cual re-quie-re co-no-cer $[][] \OML/cm
m/m/it/12 e[] dx$\OT1/cmr/m/it/12 . 
 []

LaTeX Info: Redefining \. on input line 93.
LaTeX Info: Redefining \% on input line 93.
[60]
Overfull \hbox (25.67783pt too wide) in paragraph at lines 121--122
[][]\OT1/cmr/bx/n/12 Definici^^Son 20. []\OT1/cmr/m/it/12 Sea $\OML/cmm/m/it/12
 X$ \OT1/cmr/m/it/12 va-ria-ble alea-to-ria, tal que se dis-tri-bu-ye Binomial$
\OT1/cmr/m/n/12 (\OML/cmm/m/it/12 n; p\OT1/cmr/m/n/12 )$\OT1/cmr/m/it/12 , $\OM
L/cmm/m/it/12 x \OMS/cmsy/m/n/12 2 f\OT1/cmr/m/n/12 0\OML/cmm/m/it/12 ; \OT1/cm
r/m/n/12 1\OML/cmm/m/it/12 ; [] ; n\OMS/cmsy/m/n/12 g$\OT1/cmr/m/it/12 ,
 []


Overfull \hbox (23.73209pt too wide) in paragraph at lines 126--129
[][]\OT1/cmr/bx/n/12 Definici^^Son 21. []\OT1/cmr/m/it/12 Sea $\OML/cmm/m/it/12
 X$ \OT1/cmr/m/it/12 va-ria-ble alea-to-ria, tal que se dis-tri-bu-ye Geom^^Set
rica$\OT1/cmr/m/n/12 (\OML/cmm/m/it/12 p\OT1/cmr/m/n/12 )$\OT1/cmr/m/it/12 ; $\
OML/cmm/m/it/12 x \OMS/cmsy/m/n/12 2 f\OT1/cmr/m/n/12 1\OML/cmm/m/it/12 ; \OT1/
cmr/m/n/12 2\OML/cmm/m/it/12 ; \OT1/cmr/m/n/12 3\OML/cmm/m/it/12 ; [] \OMS/cmsy
/m/n/12 g$\OT1/cmr/m/it/12 ,
 []


Overfull \hbox (6.31822pt too wide) in paragraph at lines 134--135
[][]\OT1/cmr/bx/n/12 Definici^^Son 22. []\OT1/cmr/m/it/12 Sea $\OML/cmm/m/it/12
 X$ \OT1/cmr/m/it/12 va-ria-ble alea-to-ria, tal que se dis-tri-bu-ye Poisson$\
OT1/cmr/m/n/12 (\OML/cmm/m/it/12 ^^U\OT1/cmr/m/n/12 )$\OT1/cmr/m/it/12 , $\OML/
cmm/m/it/12 x \OMS/cmsy/m/n/12 2 f\OT1/cmr/m/n/12 0\OML/cmm/m/it/12 ; \OT1/cmr/
m/n/12 1\OML/cmm/m/it/12 ; \OT1/cmr/m/n/12 2\OML/cmm/m/it/12 ; [] \OMS/cmsy/m/n
/12 g$\OT1/cmr/m/it/12 ,
 []

LaTeX Info: Redefining \. on input line 141.
LaTeX Info: Redefining \% on input line 141.
[61]
LaTeX Info: Redefining \. on input line 179.
LaTeX Info: Redefining \% on input line 179.
 [62]
Overfull \hbox (14.59721pt too wide) in paragraph at lines 182--183
\OT1/cmr/m/it/12 Par^^Same-tros: $\OML/cmm/m/it/12 N$ \OT1/cmr/m/it/12 to-tal, 
$\OML/cmm/m/it/12 M$ \OT1/cmr/m/it/12 ^^Sexi-tos en la po-bla-ci^^Son, $\OML/cm
m/m/it/12 n$ \OT1/cmr/m/it/12 ex-trac-cio-nes sin re-em-pla-zo. $\OML/cmm/m/it/
12 x \OMS/cmsy/m/n/12 2 f[]\OT1/cmr/m/n/12 (0\OML/cmm/m/it/12 ;  n \OMS/cmsy/m/
n/12 ^^@
 []

LaTeX Info: Redefining \. on input line 213.
LaTeX Info: Redefining \% on input line 213.
[63]
LaTeX Info: Redefining \. on input line 278.
LaTeX Info: Redefining \% on input line 278.
LaTeX Info: Redefining \. on input line 278.
LaTeX Info: Redefining \% on input line 278.
 [64]
LaTeX Info: Redefining \. on input line 329.
LaTeX Info: Redefining \% on input line 329.
LaTeX Info: Redefining \. on input line 329.
LaTeX Info: Redefining \% on input line 329.
 [65]
LaTeX Info: Redefining \. on input line 363.
LaTeX Info: Redefining \% on input line 363.
LaTeX Info: Redefining \. on input line 363.
LaTeX Info: Redefining \% on input line 363.
 [66]
LaTeX Info: Redefining \. on input line 387.
LaTeX Info: Redefining \% on input line 387.
LaTeX Info: Redefining \. on input line 387.
LaTeX Info: Redefining \% on input line 387.
 [67]
LaTeX Info: Redefining \. on input line 416.
LaTeX Info: Redefining \% on input line 416.
LaTeX Info: Redefining \. on input line 416.
LaTeX Info: Redefining \% on input line 416.
 [68]
LaTeX Info: Redefining \. on input line 440.
LaTeX Info: Redefining \% on input line 440.
LaTeX Info: Redefining \. on input line 440.
LaTeX Info: Redefining \% on input line 440.
 [69]
LaTeX Info: Redefining \. on input line 475.
LaTeX Info: Redefining \% on input line 475.
LaTeX Info: Redefining \. on input line 475.
LaTeX Info: Redefining \% on input line 475.
 [70]
LaTeX Info: Redefining \. on input line 496.
LaTeX Info: Redefining \% on input line 496.
LaTeX Info: Redefining \. on input line 496.
LaTeX Info: Redefining \% on input line 496.
 [71]
LaTeX Info: Redefining \. on input line 516.
LaTeX Info: Redefining \% on input line 516.
LaTeX Info: Redefining \. on input line 516.
LaTeX Info: Redefining \% on input line 516.
 [72]
LaTeX Info: Redefining \. on input line 536.
LaTeX Info: Redefining \% on input line 536.
LaTeX Info: Redefining \. on input line 536.
LaTeX Info: Redefining \% on input line 536.
 [73]
LaTeX Info: Redefining \. on input line 555.
LaTeX Info: Redefining \% on input line 555.
LaTeX Info: Redefining \. on input line 555.
LaTeX Info: Redefining \% on input line 555.
 [74]
LaTeX Info: Redefining \. on input line 574.
LaTeX Info: Redefining \% on input line 574.
LaTeX Info: Redefining \. on input line 574.
LaTeX Info: Redefining \% on input line 574.
 [75]

Package hyperref Warning: Token not allowed in a PDF string (Unicode):
(hyperref)                removing `math shift' on input line 584.


Package hyperref Warning: Token not allowed in a PDF string (Unicode):
(hyperref)                removing `\chi' on input line 584.


Package hyperref Warning: Token not allowed in a PDF string (Unicode):
(hyperref)                removing `superscript' on input line 584.


Package hyperref Warning: Token not allowed in a PDF string (Unicode):
(hyperref)                removing `math shift' on input line 584.

LaTeX Info: Redefining \. on input line 593.
LaTeX Info: Redefining \% on input line 593.
LaTeX Info: Redefining \. on input line 593.
LaTeX Info: Redefining \% on input line 593.
[76]
LaTeX Info: Redefining \. on input line 600.
LaTeX Info: Redefining \% on input line 600.
LaTeX Info: Redefining \. on input line 600.
LaTeX Info: Redefining \% on input line 600.
 [77]
LaTeX Info: Redefining \. on input line 619.
LaTeX Info: Redefining \% on input line 619.
LaTeX Info: Redefining \. on input line 619.
LaTeX Info: Redefining \% on input line 619.
 [78]
LaTeX Info: Redefining \. on input line 623.
LaTeX Info: Redefining \% on input line 623.
LaTeX Info: Redefining \. on input line 623.
LaTeX Info: Redefining \% on input line 623.
 [79]
LaTeX Info: Redefining \. on input line 679.
LaTeX Info: Redefining \% on input line 679.
LaTeX Info: Redefining \. on input line 679.
LaTeX Info: Redefining \% on input line 679.
 [80]
LaTeX Info: Redefining \. on input line 711.
LaTeX Info: Redefining \% on input line 711.
LaTeX Info: Redefining \. on input line 711.
LaTeX Info: Redefining \% on input line 711.
 [81]
LaTeX Info: Redefining \. on input line 763.
LaTeX Info: Redefining \% on input line 763.
LaTeX Info: Redefining \. on input line 763.
LaTeX Info: Redefining \% on input line 763.
 [82]
LaTeX Info: Redefining \. on input line 809.
LaTeX Info: Redefining \% on input line 809.
LaTeX Info: Redefining \. on input line 809.
LaTeX Info: Redefining \% on input line 809.
 [83]
LaTeX Info: Redefining \. on input line 845.
LaTeX Info: Redefining \% on input line 845.
LaTeX Info: Redefining \. on input line 845.
LaTeX Info: Redefining \% on input line 845.
 [84]
LaTeX Info: Redefining \. on input line 881.
LaTeX Info: Redefining \% on input line 881.
LaTeX Info: Redefining \. on input line 881.
LaTeX Info: Redefining \% on input line 881.
 [85]
LaTeX Info: Redefining \. on input line 912.
LaTeX Info: Redefining \% on input line 912.
LaTeX Info: Redefining \. on input line 912.
LaTeX Info: Redefining \% on input line 912.
 [86]
LaTeX Info: Redefining \. on input line 954.
LaTeX Info: Redefining \% on input line 954.
LaTeX Info: Redefining \. on input line 954.
LaTeX Info: Redefining \% on input line 954.
 [87]
LaTeX Info: Redefining \. on input line 989.
LaTeX Info: Redefining \% on input line 989.
LaTeX Info: Redefining \. on input line 989.
LaTeX Info: Redefining \% on input line 989.
 [88]
LaTeX Info: Redefining \. on input line 1018.
LaTeX Info: Redefining \% on input line 1018.
LaTeX Info: Redefining \. on input line 1018.
LaTeX Info: Redefining \% on input line 1018.
 [89]
LaTeX Info: Redefining \. on input line 1049.
LaTeX Info: Redefining \% on input line 1049.
LaTeX Info: Redefining \. on input line 1049.
LaTeX Info: Redefining \% on input line 1049.
 [90]
LaTeX Info: Redefining \. on input line 1074.
LaTeX Info: Redefining \% on input line 1074.
LaTeX Info: Redefining \. on input line 1074.
LaTeX Info: Redefining \% on input line 1074.

[91]
LaTeX Info: Redefining \. on input line 1107.
LaTeX Info: Redefining \% on input line 1107.
LaTeX Info: Redefining \. on input line 1107.
LaTeX Info: Redefining \% on input line 1107.
 [92]
LaTeX Info: Redefining \. on input line 1139.
LaTeX Info: Redefining \% on input line 1139.
LaTeX Info: Redefining \. on input line 1139.
LaTeX Info: Redefining \% on input line 1139.
 [93]
LaTeX Info: Redefining \. on input line 1168.
LaTeX Info: Redefining \% on input line 1168.
LaTeX Info: Redefining \. on input line 1168.
LaTeX Info: Redefining \% on input line 1168.
 [94]
LaTeX Info: Redefining \. on input line 1184.
LaTeX Info: Redefining \% on input line 1184.
LaTeX Info: Redefining \. on input line 1184.
LaTeX Info: Redefining \% on input line 1184.
 [95]
LaTeX Info: Redefining \. on input line 1212.
LaTeX Info: Redefining \% on input line 1212.
LaTeX Info: Redefining \. on input line 1212.
LaTeX Info: Redefining \% on input line 1212.
 [96]
LaTeX Info: Redefining \. on input line 1245.
LaTeX Info: Redefining \% on input line 1245.
LaTeX Info: Redefining \. on input line 1245.
LaTeX Info: Redefining \% on input line 1245.
 [97]
LaTeX Info: Redefining \. on input line 1278.
LaTeX Info: Redefining \% on input line 1278.
LaTeX Info: Redefining \. on input line 1278.
LaTeX Info: Redefining \% on input line 1278.
 [98]
LaTeX Info: Redefining \. on input line 1310.
LaTeX Info: Redefining \% on input line 1310.
LaTeX Info: Redefining \. on input line 1310.
LaTeX Info: Redefining \% on input line 1310.
 [99]
LaTeX Info: Redefining \. on input line 1347.
LaTeX Info: Redefining \% on input line 1347.
LaTeX Info: Redefining \. on input line 1347.
LaTeX Info: Redefining \% on input line 1347.
 [100]
LaTeX Info: Redefining \. on input line 1386.
LaTeX Info: Redefining \% on input line 1386.
LaTeX Info: Redefining \. on input line 1386.
LaTeX Info: Redefining \% on input line 1386.
 [101]
LaTeX Info: Redefining \. on input line 1420.
LaTeX Info: Redefining \% on input line 1420.
LaTeX Info: Redefining \. on input line 1420.
LaTeX Info: Redefining \% on input line 1420.
 [102]
LaTeX Info: Redefining \. on input line 1433.
LaTeX Info: Redefining \% on input line 1433.
LaTeX Info: Redefining \. on input line 1433.
LaTeX Info: Redefining \% on input line 1433.
 [103]
LaTeX Info: Redefining \. on input line 1446.
LaTeX Info: Redefining \% on input line 1446.
LaTeX Info: Redefining \. on input line 1446.
LaTeX Info: Redefining \% on input line 1446.
 [104]
LaTeX Info: Redefining \. on input line 1459.
LaTeX Info: Redefining \% on input line 1459.
LaTeX Info: Redefining \. on input line 1459.
LaTeX Info: Redefining \% on input line 1459.

[105]
LaTeX Info: Redefining \. on input line 1470.
LaTeX Info: Redefining \% on input line 1470.
LaTeX Info: Redefining \. on input line 1470.
LaTeX Info: Redefining \% on input line 1470.
 [106]
LaTeX Info: Redefining \. on input line 1484.
LaTeX Info: Redefining \% on input line 1484.
LaTeX Info: Redefining \. on input line 1484.
LaTeX Info: Redefining \% on input line 1484.
 [107]
LaTeX Info: Redefining \. on input line 1507.
LaTeX Info: Redefining \% on input line 1507.
LaTeX Info: Redefining \. on input line 1507.
LaTeX Info: Redefining \% on input line 1507.
 [108]
LaTeX Info: Redefining \. on input line 1528.
LaTeX Info: Redefining \% on input line 1528.
LaTeX Info: Redefining \. on input line 1528.
LaTeX Info: Redefining \% on input line 1528.
 [109]
LaTeX Info: Redefining \. on input line 1552.
LaTeX Info: Redefining \% on input line 1552.
LaTeX Info: Redefining \. on input line 1552.
LaTeX Info: Redefining \% on input line 1552.
 [110]
LaTeX Info: Redefining \. on input line 1575.
LaTeX Info: Redefining \% on input line 1575.
LaTeX Info: Redefining \. on input line 1575.
LaTeX Info: Redefining \% on input line 1575.
 [111]
LaTeX Info: Redefining \. on input line 1595.
LaTeX Info: Redefining \% on input line 1595.
LaTeX Info: Redefining \. on input line 1595.
LaTeX Info: Redefining \% on input line 1595.
 [112]
LaTeX Info: Redefining \. on input line 1617.
LaTeX Info: Redefining \% on input line 1617.
LaTeX Info: Redefining \. on input line 1617.
LaTeX Info: Redefining \% on input line 1617.
 [113]
LaTeX Info: Redefining \. on input line 1643.
LaTeX Info: Redefining \% on input line 1643.
LaTeX Info: Redefining \. on input line 1643.
LaTeX Info: Redefining \% on input line 1643.
 [114]
LaTeX Info: Redefining \. on input line 1668.
LaTeX Info: Redefining \% on input line 1668.
LaTeX Info: Redefining \. on input line 1668.
LaTeX Info: Redefining \% on input line 1668.
 [115]
LaTeX Info: Redefining \. on input line 1688.
LaTeX Info: Redefining \% on input line 1688.
LaTeX Info: Redefining \. on input line 1688.
LaTeX Info: Redefining \% on input line 1688.
 [116]
LaTeX Info: Redefining \. on input line 1709.
LaTeX Info: Redefining \% on input line 1709.
LaTeX Info: Redefining \. on input line 1709.
LaTeX Info: Redefining \% on input line 1709.

[117]
LaTeX Info: Redefining \. on input line 1730.
LaTeX Info: Redefining \% on input line 1730.
LaTeX Info: Redefining \. on input line 1730.
LaTeX Info: Redefining \% on input line 1730.
 [118]
LaTeX Info: Redefining \. on input line 1749.
LaTeX Info: Redefining \% on input line 1749.
LaTeX Info: Redefining \. on input line 1749.
LaTeX Info: Redefining \% on input line 1749.
 [119]
LaTeX Info: Redefining \. on input line 1769.
LaTeX Info: Redefining \% on input line 1769.
LaTeX Info: Redefining \. on input line 1769.
LaTeX Info: Redefining \% on input line 1769.
 [120]
LaTeX Info: Redefining \. on input line 1791.
LaTeX Info: Redefining \% on input line 1791.
LaTeX Info: Redefining \. on input line 1791.
LaTeX Info: Redefining \% on input line 1791.
 [121]
LaTeX Info: Redefining \. on input line 1813.
LaTeX Info: Redefining \% on input line 1813.
LaTeX Info: Redefining \. on input line 1813.
LaTeX Info: Redefining \% on input line 1813.
 [122]
LaTeX Info: Redefining \. on input line 1837.
LaTeX Info: Redefining \% on input line 1837.
LaTeX Info: Redefining \. on input line 1837.
LaTeX Info: Redefining \% on input line 1837.
 [123]
LaTeX Info: Redefining \. on input line 1860.
LaTeX Info: Redefining \% on input line 1860.
LaTeX Info: Redefining \. on input line 1860.
LaTeX Info: Redefining \% on input line 1860.
 [124]
LaTeX Info: Redefining \. on input line 1880.
LaTeX Info: Redefining \% on input line 1880.
LaTeX Info: Redefining \. on input line 1880.
LaTeX Info: Redefining \% on input line 1880.
 [125]
LaTeX Info: Redefining \. on input line 1899.
LaTeX Info: Redefining \% on input line 1899.
LaTeX Info: Redefining \. on input line 1899.
LaTeX Info: Redefining \% on input line 1899.
 [126]
LaTeX Info: Redefining \. on input line 1923.
LaTeX Info: Redefining \% on input line 1923.
LaTeX Info: Redefining \. on input line 1923.
LaTeX Info: Redefining \% on input line 1923.
 [127]
LaTeX Info: Redefining \. on input line 1943.
LaTeX Info: Redefining \% on input line 1943.
LaTeX Info: Redefining \. on input line 1943.
LaTeX Info: Redefining \% on input line 1943.
 [128]
LaTeX Info: Redefining \. on input line 1969.
LaTeX Info: Redefining \% on input line 1969.
LaTeX Info: Redefining \. on input line 1969.
LaTeX Info: Redefining \% on input line 1969.

[129]
LaTeX Info: Redefining \. on input line 1990.
LaTeX Info: Redefining \% on input line 1990.
LaTeX Info: Redefining \. on input line 1990.
LaTeX Info: Redefining \% on input line 1990.
 [130]
LaTeX Info: Redefining \. on input line 2015.
LaTeX Info: Redefining \% on input line 2015.
LaTeX Info: Redefining \. on input line 2015.
LaTeX Info: Redefining \% on input line 2015.
 [131]
LaTeX Info: Redefining \. on input line 2041.
LaTeX Info: Redefining \% on input line 2041.
LaTeX Info: Redefining \. on input line 2041.
LaTeX Info: Redefining \% on input line 2041.
 [132]
LaTeX Info: Redefining \. on input line 2063.
LaTeX Info: Redefining \% on input line 2063.
LaTeX Info: Redefining \. on input line 2063.
LaTeX Info: Redefining \% on input line 2063.
 [133]
LaTeX Info: Redefining \. on input line 2085.
LaTeX Info: Redefining \% on input line 2085.
LaTeX Info: Redefining \. on input line 2085.
LaTeX Info: Redefining \% on input line 2085.
 [134]
LaTeX Info: Redefining \. on input line 2106.
LaTeX Info: Redefining \% on input line 2106.
LaTeX Info: Redefining \. on input line 2106.
LaTeX Info: Redefining \% on input line 2106.
 [135]
LaTeX Info: Redefining \. on input line 2129.
LaTeX Info: Redefining \% on input line 2129.
LaTeX Info: Redefining \. on input line 2129.
LaTeX Info: Redefining \% on input line 2129.
 [136]
LaTeX Info: Redefining \. on input line 2151.
LaTeX Info: Redefining \% on input line 2151.
LaTeX Info: Redefining \. on input line 2151.
LaTeX Info: Redefining \% on input line 2151.
 [137]
LaTeX Info: Redefining \. on input line 2176.
LaTeX Info: Redefining \% on input line 2176.
LaTeX Info: Redefining \. on input line 2176.
LaTeX Info: Redefining \% on input line 2176.
 [138]
LaTeX Info: Redefining \. on input line 2197.
LaTeX Info: Redefining \% on input line 2197.
LaTeX Info: Redefining \. on input line 2197.
LaTeX Info: Redefining \% on input line 2197.
 [139]
LaTeX Info: Redefining \. on input line 2217.
LaTeX Info: Redefining \% on input line 2217.
LaTeX Info: Redefining \. on input line 2217.
LaTeX Info: Redefining \% on input line 2217.
 [140]
LaTeX Info: Redefining \. on input line 2237.
LaTeX Info: Redefining \% on input line 2237.
LaTeX Info: Redefining \. on input line 2237.
LaTeX Info: Redefining \% on input line 2237.

[141]
LaTeX Info: Redefining \. on input line 2256.
LaTeX Info: Redefining \% on input line 2256.
LaTeX Info: Redefining \. on input line 2256.
LaTeX Info: Redefining \% on input line 2256.
 [142]
LaTeX Info: Redefining \. on input line 2275.
LaTeX Info: Redefining \% on input line 2275.
LaTeX Info: Redefining \. on input line 2275.
LaTeX Info: Redefining \% on input line 2275.
 [143]
LaTeX Info: Redefining \. on input line 2293.
LaTeX Info: Redefining \% on input line 2293.
LaTeX Info: Redefining \. on input line 2293.
LaTeX Info: Redefining \% on input line 2293.
 [144]
LaTeX Info: Redefining \. on input line 2308.
LaTeX Info: Redefining \% on input line 2308.
LaTeX Info: Redefining \. on input line 2308.
LaTeX Info: Redefining \% on input line 2308.
 [145]
LaTeX Info: Redefining \. on input line 2323.
LaTeX Info: Redefining \% on input line 2323.
LaTeX Info: Redefining \. on input line 2323.
LaTeX Info: Redefining \% on input line 2323.
 [146]
LaTeX Info: Redefining \. on input line 2336.
LaTeX Info: Redefining \% on input line 2336.
LaTeX Info: Redefining \. on input line 2336.
LaTeX Info: Redefining \% on input line 2336.
 [147]
LaTeX Info: Redefining \. on input line 2350.
LaTeX Info: Redefining \% on input line 2350.
LaTeX Info: Redefining \. on input line 2350.
LaTeX Info: Redefining \% on input line 2350.
 [148]
LaTeX Info: Redefining \. on input line 2364.
LaTeX Info: Redefining \% on input line 2364.
LaTeX Info: Redefining \. on input line 2364.
LaTeX Info: Redefining \% on input line 2364.
 [149]
LaTeX Info: Redefining \. on input line 2381.
LaTeX Info: Redefining \% on input line 2381.
LaTeX Info: Redefining \. on input line 2381.
LaTeX Info: Redefining \% on input line 2381.
 [150]
LaTeX Info: Redefining \. on input line 2397.
LaTeX Info: Redefining \% on input line 2397.
LaTeX Info: Redefining \. on input line 2397.
LaTeX Info: Redefining \% on input line 2397.
 [151]
LaTeX Info: Redefining \. on input line 2414.
LaTeX Info: Redefining \% on input line 2414.
LaTeX Info: Redefining \. on input line 2414.
LaTeX Info: Redefining \% on input line 2414.
 [152]
LaTeX Info: Redefining \. on input line 2431.
LaTeX Info: Redefining \% on input line 2431.
LaTeX Info: Redefining \. on input line 2431.
LaTeX Info: Redefining \% on input line 2431.

[153]
LaTeX Info: Redefining \. on input line 2450.
LaTeX Info: Redefining \% on input line 2450.
LaTeX Info: Redefining \. on input line 2450.
LaTeX Info: Redefining \% on input line 2450.
 [154]
LaTeX Info: Redefining \. on input line 2473.
LaTeX Info: Redefining \% on input line 2473.
LaTeX Info: Redefining \. on input line 2473.
LaTeX Info: Redefining \% on input line 2473.
 [155]
LaTeX Info: Redefining \. on input line 2495.
LaTeX Info: Redefining \% on input line 2495.
LaTeX Info: Redefining \. on input line 2495.
LaTeX Info: Redefining \% on input line 2495.
 [156]
LaTeX Info: Redefining \. on input line 2509.
LaTeX Info: Redefining \% on input line 2509.
LaTeX Info: Redefining \. on input line 2509.
LaTeX Info: Redefining \% on input line 2509.
 [157]
LaTeX Info: Redefining \. on input line 2524.
LaTeX Info: Redefining \% on input line 2524.
LaTeX Info: Redefining \. on input line 2524.
LaTeX Info: Redefining \% on input line 2524.
 [158]
LaTeX Info: Redefining \. on input line 2540.
LaTeX Info: Redefining \% on input line 2540.
LaTeX Info: Redefining \. on input line 2540.
LaTeX Info: Redefining \% on input line 2540.
 [159]
LaTeX Info: Redefining \. on input line 2558.
LaTeX Info: Redefining \% on input line 2558.
LaTeX Info: Redefining \. on input line 2558.
LaTeX Info: Redefining \% on input line 2558.
 [160])
LaTeX Info: Redefining \. on input line 161.
LaTeX Info: Redefining \% on input line 161.
LaTeX Info: Redefining \. on input line 161.
LaTeX Info: Redefining \% on input line 161.
 [161] (./NotasInferencia.tex
LaTeX Info: Redefining \. on input line 76.
LaTeX Info: Redefining \% on input line 76.

[162]
LaTeX Info: Redefining \. on input line 123.
LaTeX Info: Redefining \% on input line 123.
LaTeX Info: Redefining \. on input line 123.
LaTeX Info: Redefining \% on input line 123.
 [163]
LaTeX Info: Redefining \. on input line 188.
LaTeX Info: Redefining \% on input line 188.
LaTeX Info: Redefining \. on input line 188.
LaTeX Info: Redefining \% on input line 188.
 [164]
LaTeX Info: Redefining \. on input line 225.
LaTeX Info: Redefining \% on input line 225.
LaTeX Info: Redefining \. on input line 225.
LaTeX Info: Redefining \% on input line 225.
 [165]
LaTeX Info: Redefining \. on input line 296.
LaTeX Info: Redefining \% on input line 296.
LaTeX Info: Redefining \. on input line 296.
LaTeX Info: Redefining \% on input line 296.
 [166]
LaTeX Info: Redefining \. on input line 341.
LaTeX Info: Redefining \% on input line 341.
LaTeX Info: Redefining \. on input line 341.
LaTeX Info: Redefining \% on input line 341.
 [167]
LaTeX Info: Redefining \. on input line 371.
LaTeX Info: Redefining \% on input line 371.
LaTeX Info: Redefining \. on input line 371.
LaTeX Info: Redefining \% on input line 371.
 [168]
LaTeX Info: Redefining \. on input line 394.
LaTeX Info: Redefining \% on input line 394.
LaTeX Info: Redefining \. on input line 394.
LaTeX Info: Redefining \% on input line 394.
 [169]
LaTeX Info: Redefining \. on input line 443.
LaTeX Info: Redefining \% on input line 443.
LaTeX Info: Redefining \. on input line 443.
LaTeX Info: Redefining \% on input line 443.
 [170]
LaTeX Info: Redefining \. on input line 478.
LaTeX Info: Redefining \% on input line 478.
LaTeX Info: Redefining \. on input line 478.
LaTeX Info: Redefining \% on input line 478.
 [171]
LaTeX Info: Redefining \. on input line 523.
LaTeX Info: Redefining \% on input line 523.
LaTeX Info: Redefining \. on input line 523.
LaTeX Info: Redefining \% on input line 523.
 [172]
LaTeX Info: Redefining \. on input line 570.
LaTeX Info: Redefining \% on input line 570.
LaTeX Info: Redefining \. on input line 570.
LaTeX Info: Redefining \% on input line 570.
 [173]
LaTeX Info: Redefining \. on input line 622.
LaTeX Info: Redefining \% on input line 622.
LaTeX Info: Redefining \. on input line 622.
LaTeX Info: Redefining \% on input line 622.

[174]
LaTeX Info: Redefining \. on input line 661.
LaTeX Info: Redefining \% on input line 661.
LaTeX Info: Redefining \. on input line 661.
LaTeX Info: Redefining \% on input line 661.
 [175]
LaTeX Info: Redefining \. on input line 702.
LaTeX Info: Redefining \% on input line 702.
LaTeX Info: Redefining \. on input line 702.
LaTeX Info: Redefining \% on input line 702.
 [176]
LaTeX Info: Redefining \. on input line 734.
LaTeX Info: Redefining \% on input line 734.
LaTeX Info: Redefining \. on input line 734.
LaTeX Info: Redefining \% on input line 734.
 [177]
LaTeX Info: Redefining \. on input line 777.
LaTeX Info: Redefining \% on input line 777.
LaTeX Info: Redefining \. on input line 777.
LaTeX Info: Redefining \% on input line 777.
 [178]
LaTeX Info: Redefining \. on input line 820.
LaTeX Info: Redefining \% on input line 820.
LaTeX Info: Redefining \. on input line 820.
LaTeX Info: Redefining \% on input line 820.
 [179]
LaTeX Info: Redefining \. on input line 843.
LaTeX Info: Redefining \% on input line 843.
LaTeX Info: Redefining \. on input line 843.
LaTeX Info: Redefining \% on input line 843.
 [180]
LaTeX Info: Redefining \. on input line 855.
LaTeX Info: Redefining \% on input line 855.
LaTeX Info: Redefining \. on input line 855.
LaTeX Info: Redefining \% on input line 855.
 [181]
LaTeX Info: Redefining \. on input line 885.
LaTeX Info: Redefining \% on input line 885.
LaTeX Info: Redefining \. on input line 885.
LaTeX Info: Redefining \% on input line 885.
 [182]
LaTeX Info: Redefining \. on input line 899.
LaTeX Info: Redefining \% on input line 899.
LaTeX Info: Redefining \. on input line 899.
LaTeX Info: Redefining \% on input line 899.
 [183]
LaTeX Info: Redefining \. on input line 928.
LaTeX Info: Redefining \% on input line 928.
LaTeX Info: Redefining \. on input line 928.
LaTeX Info: Redefining \% on input line 928.
 [184]
LaTeX Info: Redefining \. on input line 951.
LaTeX Info: Redefining \% on input line 951.
LaTeX Info: Redefining \. on input line 951.
LaTeX Info: Redefining \% on input line 951.
 [185]
Overfull \hbox (58.21985pt too wide) in paragraph at lines 958--959
\OT1/cmr/m/it/12 tos bru-tos; se to-man $\OT1/cmr/m/n/12 10$ \OT1/cmr/m/it/12 p
er-so-nas por ti-po, ti-po A: $\OT1/cmr/m/n/12 (124\OML/cmm/m/it/12 ; \OT1/cmr/
m/n/12 134\OML/cmm/m/it/12 ; \OT1/cmr/m/n/12 137\OML/cmm/m/it/12 ; \OT1/cmr/m/n
/12 120\OML/cmm/m/it/12 ; \OT1/cmr/m/n/12 129\OML/cmm/m/it/12 ; \OT1/cmr/m/n/12
 132\OML/cmm/m/it/12 ; \OT1/cmr/m/n/12 136\OML/cmm/m/it/12 ; \OT1/cmr/m/n/12 13
1\OML/cmm/m/it/12 ; \OT1/cmr/m/n/12 130\OML/cmm/m/it/12 ; \OT1/cmr/m/n/12 128)$
\OT1/cmr/m/it/12 ,
 []


Overfull \hbox (0.79892pt too wide) in paragraph at lines 960--961
\OT1/cmr/m/it/12 bru-tos; se to-man $\OT1/cmr/m/n/12 12$ \OT1/cmr/m/it/12 en-tr
e-gas por com-pa~n^^S^^Pa, com-pa~n^^S^^Pa A: $\OT1/cmr/m/n/12 (4\OML/cmm/m/it/
12 ; \OT1/cmr/m/n/12 5\OML/cmm/m/it/12 ; \OT1/cmr/m/n/12 6\OML/cmm/m/it/12 ; \O
T1/cmr/m/n/12 3\OML/cmm/m/it/12 ; \OT1/cmr/m/n/12 4\OML/cmm/m/it/12 ; \OT1/cmr/
m/n/12 5\OML/cmm/m/it/12 ; \OT1/cmr/m/n/12 6\OML/cmm/m/it/12 ; \OT1/cmr/m/n/12 
3\OML/cmm/m/it/12 ; \OT1/cmr/m/n/12 4\OML/cmm/m/it/12 ; \OT1/cmr/m/n/12 5\OML/c
mm/m/it/12 ; \OT1/cmr/m/n/12 6\OML/cmm/m/it/12 ; \OT1/cmr/m/n/12 3)$\OT1/cmr/m/
it/12 ,
 []


Overfull \hbox (137.21059pt too wide) in paragraph at lines 962--963
\OT1/cmr/m/it/12 pa-cien-tes por tra-ta-mien-to, tra-ta-mien-to A: $\OT1/cmr/m/
n/12 (182\OML/cmm/m/it/12 ; \OT1/cmr/m/n/12 172\OML/cmm/m/it/12 ; \OT1/cmr/m/n/
12 193\OML/cmm/m/it/12 ; \OT1/cmr/m/n/12 198\OML/cmm/m/it/12 ; \OT1/cmr/m/n/12 
168\OML/cmm/m/it/12 ; \OT1/cmr/m/n/12 178\OML/cmm/m/it/12 ; \OT1/cmr/m/n/12 186
\OML/cmm/m/it/12 ; \OT1/cmr/m/n/12 192\OML/cmm/m/it/12 ; \OT1/cmr/m/n/12 182\OM
L/cmm/m/it/12 ; \OT1/cmr/m/n/12 175\OML/cmm/m/it/12 ; \OT1/cmr/m/n/12 168\OML/c
mm/m/it/12 ; \OT1/cmr/m/n/12 177\OML/cmm/m/it/12 ; \OT1/cmr/m/n/12 183\OML/cmm/
m/it/12 ; \OT1/cmr/m/n/12 188\OML/cmm/m/it/12 ; \OT1/cmr/m/n/12 178)$\OT1/cmr/m
/it/12 ,
 []


Overfull \hbox (2.04703pt too wide) in paragraph at lines 962--963
\OT1/cmr/m/it/12 tra-ta-mien-to B: $\OT1/cmr/m/n/12 (188\OML/cmm/m/it/12 ; \OT1
/cmr/m/n/12 198\OML/cmm/m/it/12 ; \OT1/cmr/m/n/12 183\OML/cmm/m/it/12 ; \OT1/cm
r/m/n/12 192\OML/cmm/m/it/12 ; \OT1/cmr/m/n/12 202\OML/cmm/m/it/12 ; \OT1/cmr/m
/n/12 194\OML/cmm/m/it/12 ; \OT1/cmr/m/n/12 187\OML/cmm/m/it/12 ; \OT1/cmr/m/n/
12 182\OML/cmm/m/it/12 ; \OT1/cmr/m/n/12 189\OML/cmm/m/it/12 ; \OT1/cmr/m/n/12 
193\OML/cmm/m/it/12 ; \OT1/cmr/m/n/12 196\OML/cmm/m/it/12 ; \OT1/cmr/m/n/12 185
\OML/cmm/m/it/12 ; \OT1/cmr/m/n/12 182\OML/cmm/m/it/12 ; \OT1/cmr/m/n/12 197\OM
L/cmm/m/it/12 ; \OT1/cmr/m/n/12 190)$\OT1/cmr/m/it/12 ;
 []


Overfull \hbox (39.88498pt too wide) in paragraph at lines 964--965
\OT1/cmr/m/it/12 man $\OT1/cmr/m/n/12 7$ \OT1/cmr/m/it/12 ho-ras por turno, tur
no A: $\OT1/cmr/m/n/12 (57\OML/cmm/m/it/12 ; \OT1/cmr/m/n/12 60\OML/cmm/m/it/12
 ; \OT1/cmr/m/n/12 59\OML/cmm/m/it/12 ; \OT1/cmr/m/n/12 62\OML/cmm/m/it/12 ; \O
T1/cmr/m/n/12 58\OML/cmm/m/it/12 ; \OT1/cmr/m/n/12 56\OML/cmm/m/it/12 ; \OT1/cm
r/m/n/12 61)$\OT1/cmr/m/it/12 , turno B: $\OT1/cmr/m/n/12 (63\OML/cmm/m/it/12 ;
 \OT1/cmr/m/n/12 61\OML/cmm/m/it/12 ; \OT1/cmr/m/n/12 64\OML/cmm/m/it/12 ; \OT1
/cmr/m/n/12 60\OML/cmm/m/it/12 ; \OT1/cmr/m/n/12 62\OML/cmm/m/it/12 ; \OT1/cmr/
m/n/12 61\OML/cmm/m/it/12 ; \OT1/cmr/m/n/12 63)$\OT1/cmr/m/it/12 ;
 []

LaTeX Info: Redefining \. on input line 980.
LaTeX Info: Redefining \% on input line 980.
LaTeX Info: Redefining \. on input line 980.
LaTeX Info: Redefining \% on input line 980.
[186]
LaTeX Info: Redefining \. on input line 1019.
LaTeX Info: Redefining \% on input line 1019.
LaTeX Info: Redefining \. on input line 1019.
LaTeX Info: Redefining \% on input line 1019.
 [187]
LaTeX Info: Redefining \. on input line 1042.
LaTeX Info: Redefining \% on input line 1042.
LaTeX Info: Redefining \. on input line 1042.
LaTeX Info: Redefining \% on input line 1042.
 [188]
LaTeX Info: Redefining \. on input line 1059.
LaTeX Info: Redefining \% on input line 1059.
LaTeX Info: Redefining \. on input line 1059.
LaTeX Info: Redefining \% on input line 1059.
 [189]
LaTeX Info: Redefining \. on input line 1069.
LaTeX Info: Redefining \% on input line 1069.
LaTeX Info: Redefining \. on input line 1069.
LaTeX Info: Redefining \% on input line 1069.
 [190]
LaTeX Info: Redefining \. on input line 1089.
LaTeX Info: Redefining \% on input line 1089.
LaTeX Info: Redefining \. on input line 1089.
LaTeX Info: Redefining \% on input line 1089.
 [191]
LaTeX Info: Redefining \. on input line 1105.
LaTeX Info: Redefining \% on input line 1105.
LaTeX Info: Redefining \. on input line 1105.
LaTeX Info: Redefining \% on input line 1105.
 [192]
LaTeX Info: Redefining \. on input line 1127.
LaTeX Info: Redefining \% on input line 1127.
LaTeX Info: Redefining \. on input line 1127.
LaTeX Info: Redefining \% on input line 1127.
 [193]
LaTeX Info: Redefining \. on input line 1145.
LaTeX Info: Redefining \% on input line 1145.
LaTeX Info: Redefining \. on input line 1145.
LaTeX Info: Redefining \% on input line 1145.
 [194])
LaTeX Info: Redefining \. on input line 164.
LaTeX Info: Redefining \% on input line 164.
LaTeX Info: Redefining \. on input line 164.
LaTeX Info: Redefining \% on input line 164.
 [195]
(./NotasCursoEstadisticaProbabilidad.aux
LaTeX Info: Redefining \. on input line 11.
LaTeX Info: Redefining \% on input line 11.
)
 ***********
LaTeX2e <2023-11-01> patch level 1
L3 programming layer <2024-02-20>
 ***********


LaTeX Warning: Label(s) may have changed. Rerun to get cross-references right.


Package rerunfilecheck Warning: File `NotasCursoEstadisticaProbabilidad.out' ha
s changed.
(rerunfilecheck)                Rerun to get outlines right
(rerunfilecheck)                or use package `bookmark'.

Package rerunfilecheck Info: Checksums for `NotasCursoEstadisticaProbabilidad.o
ut':
(rerunfilecheck)             Before: <no file>
(rerunfilecheck)             After:  2691B6A3173E19807691089C1BC1BF14;11565.
 ) 
Here is how much of TeX's memory you used:
 18134 strings out of 474116
 273689 string characters out of 5743681
 1955187 words of memory out of 5000000
 38128 multiletter control sequences out of 15000+600000
 571714 words of font info for 86 fonts, out of 8000000 for 9000
 1141 hyphenation exceptions out of 8191
 75i,15n,79p,1750b,915s stack positions out of 10000i,1000n,20000p,200000b,200000s
</usr/local/texlive/2024/texmf-dist/fonts/type1/public/amsfonts/cm/cmbx12.pfb
></usr/local/texlive/2024/texmf-dist/fonts/type1/public/amsfonts/cm/cmbxti10.pf
b></usr/local/texlive/2024/texmf-dist/fonts/type1/public/amsfonts/cm/cmcsc10.pf
b></usr/local/texlive/2024/texmf-dist/fonts/type1/public/amsfonts/cm/cmex10.pfb
></usr/local/texlive/2024/texmf-dist/fonts/type1/public/amsfonts/cm/cmmi12.pfb>
</usr/local/texlive/2024/texmf-dist/fonts/type1/public/amsfonts/cm/cmmi6.pfb></
usr/local/texlive/2024/texmf-dist/fonts/type1/public/amsfonts/cm/cmmi8.pfb></us
r/local/texlive/2024/texmf-dist/fonts/type1/public/amsfonts/cm/cmr10.pfb></usr/
local/texlive/2024/texmf-dist/fonts/type1/public/amsfonts/cm/cmr12.pfb></usr/lo
cal/texlive/2024/texmf-dist/fonts/type1/public/amsfonts/cm/cmr6.pfb></usr/local
/texlive/2024/texmf-dist/fonts/type1/public/amsfonts/cm/cmr8.pfb></usr/local/te
xlive/2024/texmf-dist/fonts/type1/public/amsfonts/cm/cmsy10.pfb></usr/local/tex
live/2024/texmf-dist/fonts/type1/public/amsfonts/cm/cmsy6.pfb></usr/local/texli
ve/2024/texmf-dist/fonts/type1/public/amsfonts/cm/cmsy8.pfb></usr/local/texlive
/2024/texmf-dist/fonts/type1/public/amsfonts/cm/cmti10.pfb></usr/local/texlive/
2024/texmf-dist/fonts/type1/public/amsfonts/cm/cmti12.pfb></usr/local/texlive/2
024/texmf-dist/fonts/type1/public/amsfonts/cm/cmtt12.pfb></usr/local/texlive/20
24/texmf-dist/fonts/type1/public/amsfonts/symbols/msbm10.pfb></usr/local/texliv
e/2024/texmf-dist/fonts/type1/public/cm-super/sfrm1200.pfb></usr/local/texlive/
2024/texmf-dist/fonts/type1/public/cm-super/sfti1200.pfb>
Output written on NotasCursoEstadisticaProbabilidad.pdf (198 pages, 879940 byte
s).
PDF statistics:
 3334 PDF objects out of 3580 (max. 8388607)
 3061 compressed objects within 31 object streams
 2131 named destinations out of 2487 (max. 500000)
 6 words of extra memory for PDF output out of 10000 (max. 10000000)

