This is pdfTeX, Version 3.141592653-2.6-1.40.26 (TeX Live 2024) (preloaded format=pdflatex 2024.11.10)  19 JAN 2026 10:19
entering extended mode
 restricted \write18 enabled.
 file:line:error style messages enabled.
 %&-line parsing enabled.
**NotasCursoProbabilidad.tex
(./NotasCursoProbabilidad.tex
LaTeX2e <2023-11-01> patch level 1
L3 programming layer <2024-02-20>
(/usr/local/texlive/2024/texmf-dist/tex/latex/base/article.cls
Document Class: article 2023/05/17 v1.4n Standard LaTeX document class
(/usr/local/texlive/2024/texmf-dist/tex/latex/base/size12.clo
File: size12.clo 2023/05/17 v1.4n Standard LaTeX file (size option)
)
\c@part=\count188
\c@section=\count189
\c@subsection=\count190
\c@subsubsection=\count191
\c@paragraph=\count192
\c@subparagraph=\count193
\c@figure=\count194
\c@table=\count195
\abovecaptionskip=\skip48
\belowcaptionskip=\skip49
\bibindent=\dimen140
)
(/usr/local/texlive/2024/texmf-dist/tex/latex/base/inputenc.sty
Package: inputenc 2021/02/14 v1.3d Input encoding file
\inpenc@prehook=\toks17
\inpenc@posthook=\toks18

(/usr/local/texlive/2024/texmf-dist/tex/latex/base/latin1.def
File: latin1.def 2021/02/14 v1.3d Input encoding file
))
(/usr/local/texlive/2024/texmf-dist/tex/generic/babel/babel.sty
Package: babel 2024/02/07 v24.2 The Babel package
\babel@savecnt=\count196
\U@D=\dimen141
\l@unhyphenated=\language89

(/usr/local/texlive/2024/texmf-dist/tex/generic/babel/txtbabel.def)
\bbl@readstream=\read2
\bbl@dirlevel=\count197

(/usr/local/texlive/2024/texmf-dist/tex/generic/babel-spanish/spanish.ldf
Language: spanish.ldf 2021/05/27 v5.0q Spanish support from the babel system
\es@quottoks=\toks19
\es@quotdepth=\count198
Package babel Info: Making " an active character on input line 570.
Package babel Info: Making . an active character on input line 675.
Package babel Info: Making < an active character on input line 722.
Package babel Info: Making > an active character on input line 722.
))
(/usr/local/texlive/2024/texmf-dist/tex/generic/babel/locale/es/babel-spanish.t
ex
Package babel Info: Importing font and identification data for spanish
(babel)             from babel-es.ini. Reported on input line 11.
) (/usr/local/texlive/2024/texmf-dist/tex/latex/geometry/geometry.sty
Package: geometry 2020/01/02 v5.9 Page Geometry

(/usr/local/texlive/2024/texmf-dist/tex/latex/graphics/keyval.sty
Package: keyval 2022/05/29 v1.15 key=value parser (DPC)
\KV@toks@=\toks20
)
(/usr/local/texlive/2024/texmf-dist/tex/generic/iftex/ifvtex.sty
Package: ifvtex 2019/10/25 v1.7 ifvtex legacy package. Use iftex instead.

(/usr/local/texlive/2024/texmf-dist/tex/generic/iftex/iftex.sty
Package: iftex 2022/02/03 v1.0f TeX engine tests
))
\Gm@cnth=\count199
\Gm@cntv=\count266
\c@Gm@tempcnt=\count267
\Gm@bindingoffset=\dimen142
\Gm@wd@mp=\dimen143
\Gm@odd@mp=\dimen144
\Gm@even@mp=\dimen145
\Gm@layoutwidth=\dimen146
\Gm@layoutheight=\dimen147
\Gm@layouthoffset=\dimen148
\Gm@layoutvoffset=\dimen149
\Gm@dimlist=\toks21
)
(/usr/local/texlive/2024/texmf-dist/tex/latex/amsmath/amsmath.sty
Package: amsmath 2023/05/13 v2.17o AMS math features
\@mathmargin=\skip50

For additional information on amsmath, use the `?' option.
(/usr/local/texlive/2024/texmf-dist/tex/latex/amsmath/amstext.sty
Package: amstext 2021/08/26 v2.01 AMS text

(/usr/local/texlive/2024/texmf-dist/tex/latex/amsmath/amsgen.sty
File: amsgen.sty 1999/11/30 v2.0 generic functions
\@emptytoks=\toks22
\ex@=\dimen150
))
(/usr/local/texlive/2024/texmf-dist/tex/latex/amsmath/amsbsy.sty
Package: amsbsy 1999/11/29 v1.2d Bold Symbols
\pmbraise@=\dimen151
)
(/usr/local/texlive/2024/texmf-dist/tex/latex/amsmath/amsopn.sty
Package: amsopn 2022/04/08 v2.04 operator names
)
\inf@bad=\count268
LaTeX Info: Redefining \frac on input line 234.
\uproot@=\count269
\leftroot@=\count270
LaTeX Info: Redefining \overline on input line 399.
LaTeX Info: Redefining \colon on input line 410.
\classnum@=\count271
\DOTSCASE@=\count272
LaTeX Info: Redefining \ldots on input line 496.
LaTeX Info: Redefining \dots on input line 499.
LaTeX Info: Redefining \cdots on input line 620.
\Mathstrutbox@=\box51
\strutbox@=\box52
LaTeX Info: Redefining \big on input line 722.
LaTeX Info: Redefining \Big on input line 723.
LaTeX Info: Redefining \bigg on input line 724.
LaTeX Info: Redefining \Bigg on input line 725.
\big@size=\dimen152
LaTeX Font Info:    Redeclaring font encoding OML on input line 743.
LaTeX Font Info:    Redeclaring font encoding OMS on input line 744.
\macc@depth=\count273
LaTeX Info: Redefining \bmod on input line 905.
LaTeX Info: Redefining \pmod on input line 910.
LaTeX Info: Redefining \smash on input line 940.
LaTeX Info: Redefining \relbar on input line 970.
LaTeX Info: Redefining \Relbar on input line 971.
\c@MaxMatrixCols=\count274
\dotsspace@=\muskip16
\c@parentequation=\count275
\dspbrk@lvl=\count276
\tag@help=\toks23
\row@=\count277
\column@=\count278
\maxfields@=\count279
\andhelp@=\toks24
\eqnshift@=\dimen153
\alignsep@=\dimen154
\tagshift@=\dimen155
\tagwidth@=\dimen156
\totwidth@=\dimen157
\lineht@=\dimen158
\@envbody=\toks25
\multlinegap=\skip51
\multlinetaggap=\skip52
\mathdisplay@stack=\toks26
LaTeX Info: Redefining \[ on input line 2953.
LaTeX Info: Redefining \] on input line 2954.
)
(/usr/local/texlive/2024/texmf-dist/tex/latex/amscls/amsthm.sty
Package: amsthm 2020/05/29 v2.20.6
\thm@style=\toks27
\thm@bodyfont=\toks28
\thm@headfont=\toks29
\thm@notefont=\toks30
\thm@headpunct=\toks31
\thm@preskip=\skip53
\thm@postskip=\skip54
\thm@headsep=\skip55
\dth@everypar=\toks32
)
(/usr/local/texlive/2024/texmf-dist/tex/latex/amsfonts/amsfonts.sty
Package: amsfonts 2013/01/14 v3.01 Basic AMSFonts support
\symAMSa=\mathgroup4
\symAMSb=\mathgroup5
LaTeX Font Info:    Redeclaring math symbol \hbar on input line 98.
LaTeX Font Info:    Overwriting math alphabet `\mathfrak' in version `bold'
(Font)                  U/euf/m/n --> U/euf/b/n on input line 106.
)
(/usr/local/texlive/2024/texmf-dist/tex/latex/hyperref/hyperref.sty
Package: hyperref 2024-01-20 v7.01h Hypertext links for LaTeX

(/usr/local/texlive/2024/texmf-dist/tex/latex/kvsetkeys/kvsetkeys.sty
Package: kvsetkeys 2022-10-05 v1.19 Key value parser (HO)
)
(/usr/local/texlive/2024/texmf-dist/tex/generic/kvdefinekeys/kvdefinekeys.sty
Package: kvdefinekeys 2019-12-19 v1.6 Define keys (HO)
)
(/usr/local/texlive/2024/texmf-dist/tex/generic/pdfescape/pdfescape.sty
Package: pdfescape 2019/12/09 v1.15 Implements pdfTeX's escape features (HO)

(/usr/local/texlive/2024/texmf-dist/tex/generic/ltxcmds/ltxcmds.sty
Package: ltxcmds 2023-12-04 v1.26 LaTeX kernel commands for general use (HO)
)
(/usr/local/texlive/2024/texmf-dist/tex/generic/pdftexcmds/pdftexcmds.sty
Package: pdftexcmds 2020-06-27 v0.33 Utility functions of pdfTeX for LuaTeX (HO
)

(/usr/local/texlive/2024/texmf-dist/tex/generic/infwarerr/infwarerr.sty
Package: infwarerr 2019/12/03 v1.5 Providing info/warning/error messages (HO)
)
Package pdftexcmds Info: \pdf@primitive is available.
Package pdftexcmds Info: \pdf@ifprimitive is available.
Package pdftexcmds Info: \pdfdraftmode found.
))
(/usr/local/texlive/2024/texmf-dist/tex/latex/hycolor/hycolor.sty
Package: hycolor 2020-01-27 v1.10 Color options for hyperref/bookmark (HO)
)
(/usr/local/texlive/2024/texmf-dist/tex/latex/auxhook/auxhook.sty
Package: auxhook 2019-12-17 v1.6 Hooks for auxiliary files (HO)
)
(/usr/local/texlive/2024/texmf-dist/tex/latex/hyperref/nameref.sty
Package: nameref 2023-11-26 v2.56 Cross-referencing by name of section

(/usr/local/texlive/2024/texmf-dist/tex/latex/refcount/refcount.sty
Package: refcount 2019/12/15 v3.6 Data extraction from label references (HO)
)
(/usr/local/texlive/2024/texmf-dist/tex/generic/gettitlestring/gettitlestring.s
ty
Package: gettitlestring 2019/12/15 v1.6 Cleanup title references (HO)
 (/usr/local/texlive/2024/texmf-dist/tex/latex/kvoptions/kvoptions.sty
Package: kvoptions 2022-06-15 v3.15 Key value format for package options (HO)
))
\c@section@level=\count280
)
(/usr/local/texlive/2024/texmf-dist/tex/latex/etoolbox/etoolbox.sty
Package: etoolbox 2020/10/05 v2.5k e-TeX tools for LaTeX (JAW)
\etb@tempcnta=\count281
)
\@linkdim=\dimen159
\Hy@linkcounter=\count282
\Hy@pagecounter=\count283

(/usr/local/texlive/2024/texmf-dist/tex/latex/hyperref/pd1enc.def
File: pd1enc.def 2024-01-20 v7.01h Hyperref: PDFDocEncoding definition (HO)
Now handling font encoding PD1 ...
... no UTF-8 mapping file for font encoding PD1
)
(/usr/local/texlive/2024/texmf-dist/tex/generic/intcalc/intcalc.sty
Package: intcalc 2019/12/15 v1.3 Expandable calculations with integers (HO)
)
\Hy@SavedSpaceFactor=\count284

(/usr/local/texlive/2024/texmf-dist/tex/latex/hyperref/puenc.def
File: puenc.def 2024-01-20 v7.01h Hyperref: PDF Unicode definition (HO)
Now handling font encoding PU ...
... no UTF-8 mapping file for font encoding PU
)
Package hyperref Info: Hyper figures OFF on input line 4179.
Package hyperref Info: Link nesting OFF on input line 4184.
Package hyperref Info: Hyper index ON on input line 4187.
Package hyperref Info: Plain pages OFF on input line 4194.
Package hyperref Info: Backreferencing OFF on input line 4199.
Package hyperref Info: Implicit mode ON; LaTeX internals redefined.
Package hyperref Info: Bookmarks ON on input line 4446.
\c@Hy@tempcnt=\count285

(/usr/local/texlive/2024/texmf-dist/tex/latex/url/url.sty
\Urlmuskip=\muskip17
Package: url 2013/09/16  ver 3.4  Verb mode for urls, etc.
)
LaTeX Info: Redefining \url on input line 4784.
\XeTeXLinkMargin=\dimen160

(/usr/local/texlive/2024/texmf-dist/tex/generic/bitset/bitset.sty
Package: bitset 2019/12/09 v1.3 Handle bit-vector datatype (HO)

(/usr/local/texlive/2024/texmf-dist/tex/generic/bigintcalc/bigintcalc.sty
Package: bigintcalc 2019/12/15 v1.5 Expandable calculations on big integers (HO
)
))
\Fld@menulength=\count286
\Field@Width=\dimen161
\Fld@charsize=\dimen162
Package hyperref Info: Hyper figures OFF on input line 6063.
Package hyperref Info: Link nesting OFF on input line 6068.
Package hyperref Info: Hyper index ON on input line 6071.
Package hyperref Info: backreferencing OFF on input line 6078.
Package hyperref Info: Link coloring OFF on input line 6083.
Package hyperref Info: Link coloring with OCG OFF on input line 6088.
Package hyperref Info: PDF/A mode OFF on input line 6093.

(/usr/local/texlive/2024/texmf-dist/tex/latex/base/atbegshi-ltx.sty
Package: atbegshi-ltx 2021/01/10 v1.0c Emulation of the original atbegshi
package with kernel methods
)
\Hy@abspage=\count287
\c@Item=\count288
\c@Hfootnote=\count289
)
Package hyperref Info: Driver (autodetected): hpdftex.

(/usr/local/texlive/2024/texmf-dist/tex/latex/hyperref/hpdftex.def
File: hpdftex.def 2024-01-20 v7.01h Hyperref driver for pdfTeX

(/usr/local/texlive/2024/texmf-dist/tex/latex/base/atveryend-ltx.sty
Package: atveryend-ltx 2020/08/19 v1.0a Emulation of the original atveryend pac
kage
with kernel methods
)
\Fld@listcount=\count290
\c@bookmark@seq@number=\count291

(/usr/local/texlive/2024/texmf-dist/tex/latex/rerunfilecheck/rerunfilecheck.sty
Package: rerunfilecheck 2022-07-10 v1.10 Rerun checks for auxiliary files (HO)

(/usr/local/texlive/2024/texmf-dist/tex/generic/uniquecounter/uniquecounter.sty
Package: uniquecounter 2019/12/15 v1.4 Provide unlimited unique counter (HO)
)
Package uniquecounter Info: New unique counter `rerunfilecheck' on input line 2
85.
)
\Hy@SectionHShift=\skip56
) (/usr/local/texlive/2024/texmf-dist/tex/latex/fancyhdr/fancyhdr.sty
Package: fancyhdr 2022/11/09 v4.1 Extensive control of page headers and footers

\f@nch@headwidth=\skip57
\f@nch@O@elh=\skip58
\f@nch@O@erh=\skip59
\f@nch@O@olh=\skip60
\f@nch@O@orh=\skip61
\f@nch@O@elf=\skip62
\f@nch@O@erf=\skip63
\f@nch@O@olf=\skip64
\f@nch@O@orf=\skip65
)
(/usr/local/texlive/2024/texmf-dist/tex/latex/titlesec/titlesec.sty
Package: titlesec 2023/10/27 v2.16 Sectioning titles
\ttl@box=\box53
\beforetitleunit=\skip66
\aftertitleunit=\skip67
\ttl@plus=\dimen163
\ttl@minus=\dimen164
\ttl@toksa=\toks33
\titlewidth=\dimen165
\titlewidthlast=\dimen166
\titlewidthfirst=\dimen167
)
(/usr/local/texlive/2024/texmf-dist/tex/latex/listings/listings.sty
\lst@mode=\count292
\lst@gtempboxa=\box54
\lst@token=\toks34
\lst@length=\count293
\lst@currlwidth=\dimen168
\lst@column=\count294
\lst@pos=\count295
\lst@lostspace=\dimen169
\lst@width=\dimen170
\lst@newlines=\count296
\lst@lineno=\count297
\lst@maxwidth=\dimen171

(/usr/local/texlive/2024/texmf-dist/tex/latex/listings/lstpatch.sty
File: lstpatch.sty 2024/02/21 1.10 (Carsten Heinz)
)
(/usr/local/texlive/2024/texmf-dist/tex/latex/listings/lstmisc.sty
File: lstmisc.sty 2024/02/21 1.10 (Carsten Heinz)
\c@lstnumber=\count298
\lst@skipnumbers=\count299
\lst@framebox=\box55
)
(/usr/local/texlive/2024/texmf-dist/tex/latex/listings/listings.cfg
File: listings.cfg 2024/02/21 1.10 listings configuration
))
Package: listings 2024/02/21 1.10 (Carsten Heinz)

(/usr/local/texlive/2024/texmf-dist/tex/latex/graphics/graphicx.sty
Package: graphicx 2021/09/16 v1.2d Enhanced LaTeX Graphics (DPC,SPQR)

(/usr/local/texlive/2024/texmf-dist/tex/latex/graphics/graphics.sty
Package: graphics 2022/03/10 v1.4e Standard LaTeX Graphics (DPC,SPQR)

(/usr/local/texlive/2024/texmf-dist/tex/latex/graphics/trig.sty
Package: trig 2021/08/11 v1.11 sin cos tan (DPC)
)
(/usr/local/texlive/2024/texmf-dist/tex/latex/graphics-cfg/graphics.cfg
File: graphics.cfg 2016/06/04 v1.11 sample graphics configuration
)
Package graphics Info: Driver file: pdftex.def on input line 107.

(/usr/local/texlive/2024/texmf-dist/tex/latex/graphics-def/pdftex.def
File: pdftex.def 2022/09/22 v1.2b Graphics/color driver for pdftex
))
\Gin@req@height=\dimen172
\Gin@req@width=\dimen173
)
(/usr/local/texlive/2024/texmf-dist/tex/latex/tools/multicol.sty
Package: multicol 2023/03/30 v1.9f multicolumn formatting (FMi)
\c@tracingmulticols=\count300
\mult@box=\box56
\multicol@leftmargin=\dimen174
\c@unbalance=\count301
\c@collectmore=\count302
\doublecol@number=\count303
\multicoltolerance=\count304
\multicolpretolerance=\count305
\full@width=\dimen175
\page@free=\dimen176
\premulticols=\dimen177
\postmulticols=\dimen178
\multicolsep=\skip68
\multicolbaselineskip=\skip69
\partial@page=\box57
\last@line=\box58
\mc@boxedresult=\box59
\maxbalancingoverflow=\dimen179
\mult@rightbox=\box60
\mult@grightbox=\box61
\mult@firstbox=\box62
\mult@gfirstbox=\box63
\@tempa=\box64
\@tempa=\box65
\@tempa=\box66
\@tempa=\box67
\@tempa=\box68
\@tempa=\box69
\@tempa=\box70
\@tempa=\box71
\@tempa=\box72
\@tempa=\box73
\@tempa=\box74
\@tempa=\box75
\@tempa=\box76
\@tempa=\box77
\@tempa=\box78
\@tempa=\box79
\@tempa=\box80
\@tempa=\box81
\@tempa=\box82
\@tempa=\box83
\@tempa=\box84
\@tempa=\box85
\@tempa=\box86
\@tempa=\box87
\@tempa=\box88
\@tempa=\box89
\@tempa=\box90
\@tempa=\box91
\@tempa=\box92
\@tempa=\box93
\@tempa=\box94
\@tempa=\box95
\@tempa=\box96
\@tempa=\box97
\@tempa=\box98
\@tempa=\box99
\c@minrows=\count306
\c@columnbadness=\count307
\c@finalcolumnbadness=\count308
\last@try=\dimen180
\multicolovershoot=\dimen181
\multicolundershoot=\dimen182
\mult@nat@firstbox=\box100
\colbreak@box=\box101
\mc@col@check@num=\count309
)
(/usr/local/texlive/2024/texmf-dist/tex/latex/multirow/multirow.sty
Package: multirow 2021/03/15 v2.8 Span multiple rows of a table
\multirow@colwidth=\skip70
\multirow@cntb=\count310
\multirow@dima=\skip71
\bigstrutjot=\dimen183
)
(/usr/local/texlive/2024/texmf-dist/tex/latex/graphics/color.sty
Package: color 2022/01/06 v1.3d Standard LaTeX Color (DPC)

(/usr/local/texlive/2024/texmf-dist/tex/latex/graphics-cfg/color.cfg
File: color.cfg 2016/01/02 v1.6 sample color configuration
)
Package color Info: Driver file: pdftex.def on input line 149.

(/usr/local/texlive/2024/texmf-dist/tex/latex/graphics/mathcolor.ltx))
(/usr/local/texlive/2024/texmf-dist/tex/latex/subfig/subfig.sty
Package: subfig 2005/06/28 ver: 1.3 subfig package

(/usr/local/texlive/2024/texmf-dist/tex/latex/caption/caption.sty
Package: caption 2023/08/05 v3.6o Customizing captions (AR)

(/usr/local/texlive/2024/texmf-dist/tex/latex/caption/caption3.sty
Package: caption3 2023/07/31 v2.4d caption3 kernel (AR)
\caption@tempdima=\dimen184
\captionmargin=\dimen185
\caption@leftmargin=\dimen186
\caption@rightmargin=\dimen187
\caption@width=\dimen188
\caption@indent=\dimen189
\caption@parindent=\dimen190
\caption@hangindent=\dimen191
Package caption Info: Standard document class detected.
)
\c@caption@flags=\count311
\c@continuedfloat=\count312
Package caption Info: hyperref package is loaded.
Package caption Info: listings package is loaded.
)
\c@KVtest=\count313
\sf@farskip=\skip72
\sf@captopadj=\dimen192
\sf@capskip=\skip73
\sf@nearskip=\skip74
\c@subfigure=\count314
\c@subfigure@save=\count315
\c@lofdepth=\count316
\c@subtable=\count317
\c@subtable@save=\count318
\c@lotdepth=\count319
\sf@top=\skip75
\sf@bottom=\skip76
)
(/usr/local/texlive/2024/texmf-dist/tex/latex/graphics/rotating.sty
Package: rotating 2016/08/11 v2.16d rotated objects in LaTeX

(/usr/local/texlive/2024/texmf-dist/tex/latex/base/ifthen.sty
Package: ifthen 2022/04/13 v1.1d Standard LaTeX ifthen package (DPC)
)
\c@r@tfl@t=\count320
\rotFPtop=\skip77
\rotFPbot=\skip78
\rot@float@box=\box102
\rot@mess@toks=\toks35
)
(/usr/local/texlive/2024/texmf-dist/tex/latex/tools/enumerate.sty
Package: enumerate 2023/07/04 v3.00 enumerate extensions (DPC)
\@enLab=\toks36
)
(/usr/local/texlive/2024/texmf-dist/tex/latex/anysize/anysize.sty
Package: anysize 1994/08/13 setting margin sizes

document style option `anysize' loaded
Michael Salzenberg, Thomas Esser, Dirk Hillbrecht
Version 1.0, Aug 13, 1994
\@Leftmargin=\dimen193
\@Rightmargin=\dimen194
\@Topmargin=\dimen195
\@Bottommargin=\dimen196
) (/usr/local/texlive/2024/texmf-dist/tex/latex/imakeidx/imakeidx.sty
Package: imakeidx 2016/10/15 v1.3e Package for typesetting indices in a synchro
nous mode

(/usr/local/texlive/2024/texmf-dist/tex/latex/xkeyval/xkeyval.sty
Package: xkeyval 2022/06/16 v2.9 package option processing (HA)

(/usr/local/texlive/2024/texmf-dist/tex/generic/xkeyval/xkeyval.tex
(/usr/local/texlive/2024/texmf-dist/tex/generic/xkeyval/xkvutils.tex
\XKV@toks=\toks37
\XKV@tempa@toks=\toks38
)
\XKV@depth=\count321
File: xkeyval.tex 2014/12/03 v2.7a key=value parser (HA)
))
(/usr/local/texlive/2024/texmf-dist/tex/generic/iftex/ifxetex.sty
Package: ifxetex 2019/10/25 v0.7 ifxetex legacy package. Use iftex instead.
)
(/usr/local/texlive/2024/texmf-dist/tex/generic/iftex/ifluatex.sty
Package: ifluatex 2019/10/25 v1.5 ifluatex legacy package. Use iftex instead.
))
(/usr/local/texlive/2024/texmf-dist/tex/latex/float/float.sty
Package: float 2001/11/08 v1.3d Float enhancements (AL)
\c@float@type=\count322
\float@exts=\toks39
\float@box=\box103
\@float@everytoks=\toks40
\@floatcapt=\box104
)
(/usr/local/texlive/2024/texmf-dist/tex/latex/chngcntr/chngcntr.sty
Package: chngcntr 2018/04/09 v1.1a change counter resetting
Package chngcntr Info: \counterwithout already defined.
(chngcntr)             Quitting chngcntr on input line 21.
)
(/usr/local/texlive/2024/texmf-dist/tex/latex/enumitem/enumitem.sty
Package: enumitem 2019/06/20 v3.9 Customized lists
\labelindent=\skip79
\enit@outerparindent=\dimen197
\enit@toks=\toks41
\enit@inbox=\box105
\enit@count@id=\count323
\enitdp@description=\count324
)
\c@globalitem=\count325
\c@Criterio=\count326
\c@Sup=\count327
\c@Note=\count328
\c@Ejem=\count329
\c@Prop=\count330
\c@Def=\count331
\c@Teo=\count332
\c@Algthm=\count333
\c@Sol=\count334
\c@Ejer=\count335
\c@Quest=\count336
\c@Obs=\count337
\c@Propty=\count338
\c@lem=\count339

(/usr/local/texlive/2024/texmf-dist/tex/latex/l3backend/l3backend-pdftex.def
File: l3backend-pdftex.def 2024-02-20 L3 backend support: PDF output (pdfTeX)
\l__color_backend_stack_int=\count340
\l__pdf_internal_box=\box106
)
(./NotasCursoProbabilidad.aux
LaTeX Info: Redefining \. on input line 11.
LaTeX Info: Redefining \% on input line 11.
)
\openout1 = `NotasCursoProbabilidad.aux'.

LaTeX Font Info:    Checking defaults for OML/cmm/m/it on input line 105.
LaTeX Font Info:    ... okay on input line 105.
LaTeX Font Info:    Checking defaults for OMS/cmsy/m/n on input line 105.
LaTeX Font Info:    ... okay on input line 105.
LaTeX Font Info:    Checking defaults for OT1/cmr/m/n on input line 105.
LaTeX Font Info:    ... okay on input line 105.
LaTeX Font Info:    Checking defaults for T1/cmr/m/n on input line 105.
LaTeX Font Info:    ... okay on input line 105.
LaTeX Font Info:    Checking defaults for TS1/cmr/m/n on input line 105.
LaTeX Font Info:    ... okay on input line 105.
LaTeX Font Info:    Checking defaults for OMX/cmex/m/n on input line 105.
LaTeX Font Info:    ... okay on input line 105.
LaTeX Font Info:    Checking defaults for U/cmr/m/n on input line 105.
LaTeX Font Info:    ... okay on input line 105.
LaTeX Font Info:    Checking defaults for PD1/pdf/m/n on input line 105.
LaTeX Font Info:    ... okay on input line 105.
LaTeX Font Info:    Checking defaults for PU/pdf/m/n on input line 105.
LaTeX Font Info:    ... okay on input line 105.
LaTeX Info: Redefining \. on input line 105.
LaTeX Info: Redefining \% on input line 105.

*geometry* driver: auto-detecting
*geometry* detected driver: pdftex
*geometry* verbose mode - [ preamble ] result:
* driver: pdftex
* paper: a4paper
* layout: <same size as paper>
* layoutoffset:(h,v)=(0.0pt,0.0pt)
* modes: includehead includefoot twoside 
* h-part:(L,W,R)=(42.67912pt, 519.26282pt, 35.56593pt)
* v-part:(T,H,B)=(42.67912pt, 773.91498pt, 28.45274pt)
* \paperwidth=597.50787pt
* \paperheight=845.04684pt
* \textwidth=455.24411pt
* \textheight=662.23584pt
* \oddsidemargin=13.08827pt
* \evensidemargin=-15.36449pt
* \topmargin=-15.36449pt
* \headheight=14.0pt
* \headsep=25.0pt
* \topskip=12.0pt
* \footskip=30.0pt
* \marginparwidth=95.0pt
* \marginparsep=10.0pt
* \columnsep=10.0pt
* \skip\footins=10.8pt plus 4.0pt minus 2.0pt
* \hoffset=0.0pt
* \voffset=0.0pt
* \mag=1000
* \@twocolumnfalse
* \@twosidetrue
* \@mparswitchtrue
* \@reversemarginfalse
* (1in=72.27pt=25.4mm, 1cm=28.453pt)

Package hyperref Info: Link coloring OFF on input line 105.
(./NotasCursoProbabilidad.out) (./NotasCursoProbabilidad.out)
\@outlinefile=\write3
\openout3 = `NotasCursoProbabilidad.out'.

\c@lstlisting=\count341

(/usr/local/texlive/2024/texmf-dist/tex/context/base/mkii/supp-pdf.mkii
[Loading MPS to PDF converter (version 2006.09.02).]
\scratchcounter=\count342
\scratchdimen=\dimen198
\scratchbox=\box107
\nofMPsegments=\count343
\nofMParguments=\count344
\everyMPshowfont=\toks42
\MPscratchCnt=\count345
\MPscratchDim=\dimen199
\MPnumerator=\count346
\makeMPintoPDFobject=\count347
\everyMPtoPDFconversion=\toks43
) (/usr/local/texlive/2024/texmf-dist/tex/latex/epstopdf-pkg/epstopdf-base.sty
Package: epstopdf-base 2020-01-24 v2.11 Base part for package epstopdf
Package epstopdf-base Info: Redefining graphics rule for `.eps' on input line 4
85.

(/usr/local/texlive/2024/texmf-dist/tex/latex/latexconfig/epstopdf-sys.cfg
File: epstopdf-sys.cfg 2010/07/13 v1.3 Configuration of (r)epstopdf for TeX Liv
e
))
Package caption Info: Begin \AtBeginDocument code.
Package caption Info: subfig package v1.3 is loaded.
Package caption Info: float package is loaded.
Package caption Info: rotating package is loaded.
Package caption Info: End \AtBeginDocument code.

[1

{/usr/local/texlive/2024/texmf-var/fonts/map/pdftex/updmap/pdftex.map}]
(./NotasCursoProbabilidad.toc
LaTeX Info: Redefining \. on input line 1.
LaTeX Info: Redefining \% on input line 1.
)
\tf@toc=\write4
\openout4 = `NotasCursoProbabilidad.toc'.

 [2] [3

] (./Cap1_IntrodProb.tex
LaTeX Font Info:    Trying to load font information for U+msa on input line 15.


(/usr/local/texlive/2024/texmf-dist/tex/latex/amsfonts/umsa.fd
File: umsa.fd 2013/01/14 v3.01 AMS symbols A
)
LaTeX Font Info:    Trying to load font information for U+msb on input line 15.


(/usr/local/texlive/2024/texmf-dist/tex/latex/amsfonts/umsb.fd
File: umsb.fd 2013/01/14 v3.01 AMS symbols B
)

./Cap1_IntrodProb.tex:58: Package amsmath Error: \tag not allowed here.

See the amsmath package documentation for explanation.
Type  H <return>  for immediate help.
 ...                                              
                                                  
l.58 \tag
         {1}
? 
LaTeX Info: Redefining \. on input line 59.
LaTeX Info: Redefining \% on input line 59.

pdfTeX warning (ext4): destination with the same identifier (name{page.1}) has 
been already used, duplicate ignored
<to be read again> 
                   \relax 
l.59 \end{eqnarray}
                    [1]

./Cap1_IntrodProb.tex:79: Package amsmath Error: \tag not allowed here.

See the amsmath package documentation for explanation.
Type  H <return>  for immediate help.
 ...                                              
                                                  
l.79 \tag
         {2}
? 

./Cap1_IntrodProb.tex:84: Package amsmath Error: \tag not allowed here.

See the amsmath package documentation for explanation.
Type  H <return>  for immediate help.
 ...                                              
                                                  
l.84 \tag
         {3}
? 
LaTeX Info: Redefining \. on input line 127.
LaTeX Info: Redefining \% on input line 127.

pdfTeX warning (ext4): destination with the same identifier (name{page.2}) has 
been already used, duplicate ignored
<to be read again> 
                   \relax 
l.127 \end{eqnarray}
                     [2]

./Cap1_IntrodProb.tex:198: LaTeX Error: \begin{document} ended by \end{Ejem}.

See the LaTeX manual or LaTeX Companion for explanation.
Type  H <return>  for immediate help.
 ...                                              
                                                  
l.198 \end{Ejem}
                
? 
./Cap1_IntrodProb.tex:198: Extra \endgroup.
<recently read> \endgroup 
                          
l.198 \end{Ejem}
                
? 
LaTeX Info: Redefining \. on input line 213.
LaTeX Info: Redefining \% on input line 213.

pdfTeX warning (ext4): destination with the same identifier (name{page.3}) has 
been already used, duplicate ignored
<to be read again> 
                   \relax 
l.213 \end{eqnarray}
                     [3]
./Cap1_IntrodProb.tex:280: Undefined control sequence.
l.280 A_\alpha\cap A_{\alpha^{'}}=\varnothing
                                              \quad \text{para } \alpha\neq\...

? 
LaTeX Info: Redefining \. on input line 298.
LaTeX Info: Redefining \% on input line 298.
[4]
LaTeX Info: Redefining \. on input line 365.
LaTeX Info: Redefining \% on input line 365.
 [5]
LaTeX Info: Redefining \. on input line 440.
LaTeX Info: Redefining \% on input line 440.
 [6]
LaTeX Info: Redefining \. on input line 520.
LaTeX Info: Redefining \% on input line 520.
 [7]
LaTeX Info: Redefining \. on input line 592.
LaTeX Info: Redefining \% on input line 592.
 [8]
LaTeX Info: Redefining \. on input line 665.
LaTeX Info: Redefining \% on input line 665.
 [9]
LaTeX Info: Redefining \. on input line 735.
LaTeX Info: Redefining \% on input line 735.
 [10]
LaTeX Info: Redefining \. on input line 814.
LaTeX Info: Redefining \% on input line 814.
 [11]
LaTeX Info: Redefining \. on input line 882.
LaTeX Info: Redefining \% on input line 882.
 [12]
LaTeX Info: Redefining \. on input line 959.
LaTeX Info: Redefining \% on input line 959.
 [13]
LaTeX Info: Redefining \. on input line 1039.
LaTeX Info: Redefining \% on input line 1039.
 [14]
LaTeX Info: Redefining \. on input line 1114.
LaTeX Info: Redefining \% on input line 1114.
 [15]
LaTeX Info: Redefining \. on input line 1186.
LaTeX Info: Redefining \% on input line 1186.
 [16]
LaTeX Info: Redefining \. on input line 1257.
LaTeX Info: Redefining \% on input line 1257.
 [17]
LaTeX Info: Redefining \. on input line 1329.
LaTeX Info: Redefining \% on input line 1329.
 [18]
LaTeX Info: Redefining \. on input line 1387.
LaTeX Info: Redefining \% on input line 1387.
 [19]
LaTeX Info: Redefining \. on input line 1439.
LaTeX Info: Redefining \% on input line 1439.

[20]
LaTeX Info: Redefining \. on input line 1498.
LaTeX Info: Redefining \% on input line 1498.
 [21]
LaTeX Info: Redefining \. on input line 1559.
LaTeX Info: Redefining \% on input line 1559.
 [22]
LaTeX Info: Redefining \. on input line 1620.
LaTeX Info: Redefining \% on input line 1620.
 [23]
LaTeX Info: Redefining \. on input line 1678.
LaTeX Info: Redefining \% on input line 1678.
 [24]
Overfull \hbox (18.32495pt too wide) in paragraph at lines 1694--1696
[]\OT1/cmr/bx/n/12 Def. \OT1/cmr/m/n/12 La fun-ci^^Son de den-si-dad de pro-ba-
bi-li-dad con-jun-ta de $\OML/cmm/m/it/12 X[]; X[]$ \OT1/cmr/m/n/12 se de-no-ta
 por $\OML/cmm/m/it/12 f[]\OT1/cmr/m/n/12 (\OML/cmm/m/it/12 x; y\OT1/cmr/m/n/12
 )$. 
 []

LaTeX Info: Redefining \. on input line 1760.
LaTeX Info: Redefining \% on input line 1760.
[25]
Overfull \hbox (39.77863pt too wide) in paragraph at lines 1785--1788
[]\OT1/cmr/bx/n/12 Def. \OT1/cmr/m/n/12 La va-ria-ble alea-to-ria $(\OML/cmm/m/
it/12 X[]; [] ; X[]\OT1/cmr/m/n/12 )$ es ab-so-lu-ta-men-te con-ti-nua si exis-
te $\OML/cmm/m/it/12 f[]\OT1/cmr/m/n/12 (\OML/cmm/m/it/12 x[]; [] ; x[]\OT1/cmr
/m/n/12 )$
 []

LaTeX Info: Redefining \. on input line 1839.
LaTeX Info: Redefining \% on input line 1839.
[26]
LaTeX Info: Redefining \. on input line 1906.
LaTeX Info: Redefining \% on input line 1906.
 [27]
LaTeX Info: Redefining \. on input line 1967.
LaTeX Info: Redefining \% on input line 1967.
 [28]
LaTeX Info: Redefining \. on input line 2027.
LaTeX Info: Redefining \% on input line 2027.
 [29]
LaTeX Info: Redefining \. on input line 2087.
LaTeX Info: Redefining \% on input line 2087.
 [30]
LaTeX Info: Redefining \. on input line 2140.
LaTeX Info: Redefining \% on input line 2140.
 [31]
LaTeX Info: Redefining \. on input line 2201.
LaTeX Info: Redefining \% on input line 2201.
 [32]
LaTeX Info: Redefining \. on input line 2264.
LaTeX Info: Redefining \% on input line 2264.
 [33]
LaTeX Info: Redefining \. on input line 2325.
LaTeX Info: Redefining \% on input line 2325.
 [34]
LaTeX Info: Redefining \. on input line 2390.
LaTeX Info: Redefining \% on input line 2390.
 [35]
LaTeX Info: Redefining \. on input line 2449.
LaTeX Info: Redefining \% on input line 2449.
 [36]
LaTeX Info: Redefining \. on input line 2515.
LaTeX Info: Redefining \% on input line 2515.
 [37]
LaTeX Info: Redefining \. on input line 2592.
LaTeX Info: Redefining \% on input line 2592.
 [38]
LaTeX Info: Redefining \. on input line 2693.
LaTeX Info: Redefining \% on input line 2693.
 [39]
LaTeX Info: Redefining \. on input line 2782.
LaTeX Info: Redefining \% on input line 2782.
 [40]
LaTeX Info: Redefining \. on input line 2853.
LaTeX Info: Redefining \% on input line 2853.

[41]
LaTeX Info: Redefining \. on input line 2923.
LaTeX Info: Redefining \% on input line 2923.
 [42]
LaTeX Info: Redefining \. on input line 3020.
LaTeX Info: Redefining \% on input line 3020.
 [43]
LaTeX Info: Redefining \. on input line 3088.
LaTeX Info: Redefining \% on input line 3088.
 [44]
LaTeX Info: Redefining \. on input line 3153.
LaTeX Info: Redefining \% on input line 3153.
 [45]
LaTeX Info: Redefining \. on input line 3222.
LaTeX Info: Redefining \% on input line 3222.
 [46]
./Cap1_IntrodProb.tex:3254: Missing $ inserted.
<inserted text> 
                $
l.3254 X_
         1, X_2 \ \text{V.A.C.C. con densidad}
? 
./Cap1_IntrodProb.tex:3255: Missing \endgroup inserted.
<inserted text> 
                \endgroup 
l.3255 \begin{eqnarray}
                       
? 
./Cap1_IntrodProb.tex:3255: You can't use `\halign' in math mode.
\H@eqnarray ...let \\\@eqncr $$\everycr {}\halign 
                                                  to\displaywidth \bgroup \h...
l.3255 \begin{eqnarray}
                       
? 
./Cap1_IntrodProb.tex:3255: Missing number, treated as zero.
<to be read again> 
                   \bgroup 
l.3255 \begin{eqnarray}
                       
? 
./Cap1_IntrodProb.tex:3255: Illegal unit of measure (pt inserted).
<to be read again> 
                   \bgroup 
l.3255 \begin{eqnarray}
                       
? 
./Cap1_IntrodProb.tex:3255: Missing } inserted.
<inserted text> 
                }
l.3255 \begin{eqnarray}
                       
? 
./Cap1_IntrodProb.tex:3255: Missing $ inserted.
<inserted text> 
                $
l.3255 \begin{eqnarray}
                       
? 
./Cap1_IntrodProb.tex:3255: You can't use `macro parameter character #' in math
 mode.
\H@eqnarray ...$\displaystyle \tabskip \z@skip {##
                                                  }$\@eqnsel &\global \@eqcn...
l.3255 \begin{eqnarray}
                       
? 
./Cap1_IntrodProb.tex:3255: Misplaced alignment tab character &.
\H@eqnarray ...le \tabskip \z@skip {##}$\@eqnsel &
                                                  \global \@eqcnt \@ne \hski...
l.3255 \begin{eqnarray}
                       
? 
./Cap1_IntrodProb.tex:3255: You can't use `macro parameter character #' in math
 mode.
\H@eqnarray ...\hskip \tw@ \arraycolsep \hfil ${##
                                                  }$\hfil &\global \@eqcnt \...
l.3255 \begin{eqnarray}
                       
? 
./Cap1_IntrodProb.tex:3255: Misplaced alignment tab character &.
\H@eqnarray ...w@ \arraycolsep \hfil ${##}$\hfil &
                                                  \global \@eqcnt \tw@ \hski...
l.3255 \begin{eqnarray}
                       
? 
./Cap1_IntrodProb.tex:3255: You can't use `macro parameter character #' in math
 mode.
\H@eqnarray ...tw@ \arraycolsep $\displaystyle {##
                                                  }$\hfil \tabskip \@centeri...
l.3255 \begin{eqnarray}
                       
? 
./Cap1_IntrodProb.tex:3255: Misplaced alignment tab character &.
\H@eqnarray ...e {##}$\hfil \tabskip \@centering &
                                                  \global \@eqcnt \thr@@ \hb...
l.3255 \begin{eqnarray}
                       
? 
./Cap1_IntrodProb.tex:3255: You can't use `macro parameter character #' in rest
ricted horizontal mode.
\H@eqnarray ... \thr@@ \hb@xt@ \z@ \bgroup \hss ##
                                                  \egroup \tabskip \z@skip \cr 
l.3255 \begin{eqnarray}
                       
? 
./Cap1_IntrodProb.tex:3255: Misplaced \cr.
\H@eqnarray ...hss ##\egroup \tabskip \z@skip \cr 
                                                  
l.3255 \begin{eqnarray}
                       
? 
./Cap1_IntrodProb.tex:3255: Missing $ inserted.
<inserted text> 
                $
l.3255 \begin{eqnarray}
                       
? 

./Cap1_IntrodProb.tex:3257: LaTeX Error: Too many columns in eqnarray environme
nt.

See the LaTeX manual or LaTeX Companion for explanation.
Type  H <return>  for immediate help.
 ...                                              
                                                  
l.3257 \end{eqnarray}
                     
? 
./Cap1_IntrodProb.tex:3257: Misplaced \cr.
\@@eqncr ...l \@eqnswtrue \global \@eqcnt \z@ \cr 
                                                  
l.3257 \end{eqnarray}
                     
? 
./Cap1_IntrodProb.tex:3257: Extra }, or forgotten $.
\H@endeqnarray ->\@@eqncr \egroup 
                                  \global \advance \c@equation \m@ne $$\@ign...
l.3257 \end{eqnarray}
                     
? 

./Cap1_IntrodProb.tex:3257: LaTeX Error: \begin{document} ended by \end{eqnarra
y}.

See the LaTeX manual or LaTeX Companion for explanation.
Type  H <return>  for immediate help.
 ...                                              
                                                  
l.3257 \end{eqnarray}
                     
? 
./Cap1_IntrodProb.tex:3257: Missing $ inserted.
<inserted text> 
                $
l.3257 \end{eqnarray}
                     
? 
./Cap1_IntrodProb.tex:3257: Extra \endgroup.
<recently read> \endgroup 
                          
l.3257 \end{eqnarray}
                     
? 
./Cap1_IntrodProb.tex:3259: Missing $ inserted.
<inserted text> 
                $
l.3259 \textbf{Sup.} \quad Y_
                             1 = g_1(x_1,x_2), \quad Y_2 = g_2(x_1,x_2)
? 
./Cap1_IntrodProb.tex:3261: Missing $ inserted.
<inserted text> 
                $
l.3261 
       
? 
./Cap1_IntrodProb.tex:3275: Missing $ inserted.
<inserted text> 
                $
l.3275 B) \quad \text{las funciones } y_
                                        1,y_2 \text{ tienen derivadas}
? 
./Cap1_IntrodProb.tex:3276: Missing \endgroup inserted.
<inserted text> 
                \endgroup 
l.3276 \begin{eqnarray}
                       
? 
./Cap1_IntrodProb.tex:3276: You can't use `\halign' in math mode.
\H@eqnarray ...let \\\@eqncr $$\everycr {}\halign 
                                                  to\displaywidth \bgroup \h...
l.3276 \begin{eqnarray}
                       
? 
./Cap1_IntrodProb.tex:3276: Missing number, treated as zero.
<to be read again> 
                   \bgroup 
l.3276 \begin{eqnarray}
                       
? 
./Cap1_IntrodProb.tex:3276: Illegal unit of measure (pt inserted).
<to be read again> 
                   \bgroup 
l.3276 \begin{eqnarray}
                       
? 
./Cap1_IntrodProb.tex:3276: Missing } inserted.
<inserted text> 
                }
l.3276 \begin{eqnarray}
                       
? 
./Cap1_IntrodProb.tex:3276: Missing $ inserted.
<inserted text> 
                $
l.3276 \begin{eqnarray}
                       
? 
./Cap1_IntrodProb.tex:3276: You can't use `macro parameter character #' in math
 mode.
\H@eqnarray ...$\displaystyle \tabskip \z@skip {##
                                                  }$\@eqnsel &\global \@eqcn...
l.3276 \begin{eqnarray}
                       
? 
./Cap1_IntrodProb.tex:3276: Misplaced alignment tab character &.
\H@eqnarray ...le \tabskip \z@skip {##}$\@eqnsel &
                                                  \global \@eqcnt \@ne \hski...
l.3276 \begin{eqnarray}
                       
? 
./Cap1_IntrodProb.tex:3276: You can't use `macro parameter character #' in math
 mode.
\H@eqnarray ...\hskip \tw@ \arraycolsep \hfil ${##
                                                  }$\hfil &\global \@eqcnt \...
l.3276 \begin{eqnarray}
                       
? 
./Cap1_IntrodProb.tex:3276: Misplaced alignment tab character &.
\H@eqnarray ...w@ \arraycolsep \hfil ${##}$\hfil &
                                                  \global \@eqcnt \tw@ \hski...
l.3276 \begin{eqnarray}
                       
? 
./Cap1_IntrodProb.tex:3276: You can't use `macro parameter character #' in math
 mode.
\H@eqnarray ...tw@ \arraycolsep $\displaystyle {##
                                                  }$\hfil \tabskip \@centeri...
l.3276 \begin{eqnarray}
                       
? 
./Cap1_IntrodProb.tex:3276: Misplaced alignment tab character &.
\H@eqnarray ...e {##}$\hfil \tabskip \@centering &
                                                  \global \@eqcnt \thr@@ \hb...
l.3276 \begin{eqnarray}
                       
? 
./Cap1_IntrodProb.tex:3276: You can't use `macro parameter character #' in rest
ricted horizontal mode.
\H@eqnarray ... \thr@@ \hb@xt@ \z@ \bgroup \hss ##
                                                  \egroup \tabskip \z@skip \cr 
l.3276 \begin{eqnarray}
                       
? 
./Cap1_IntrodProb.tex:3276: Misplaced \cr.
\H@eqnarray ...hss ##\egroup \tabskip \z@skip \cr 
                                                  
l.3276 \begin{eqnarray}
                       
? 
./Cap1_IntrodProb.tex:3276: Missing $ inserted.
<inserted text> 
                $
l.3276 \begin{eqnarray}
                       
? 

./Cap1_IntrodProb.tex:3278: LaTeX Error: Too many columns in eqnarray environme
nt.

See the LaTeX manual or LaTeX Companion for explanation.
Type  H <return>  for immediate help.
 ...                                              
                                                  
l.3278 \end{eqnarray}
                     
? 
./Cap1_IntrodProb.tex:3278: Misplaced \cr.
\@@eqncr ...l \@eqnswtrue \global \@eqcnt \z@ \cr 
                                                  
l.3278 \end{eqnarray}
                     
? 
./Cap1_IntrodProb.tex:3278: Extra }, or forgotten $.
\H@endeqnarray ->\@@eqncr \egroup 
                                  \global \advance \c@equation \m@ne $$\@ign...
l.3278 \end{eqnarray}
                     
? 

./Cap1_IntrodProb.tex:3278: LaTeX Error: \begin{document} ended by \end{eqnarra
y}.

See the LaTeX manual or LaTeX Companion for explanation.
Type  H <return>  for immediate help.
 ...                                              
                                                  
l.3278 \end{eqnarray}
                     
? 
./Cap1_IntrodProb.tex:3278: Missing $ inserted.
<inserted text> 
                $
l.3278 \end{eqnarray}
                     
? 
./Cap1_IntrodProb.tex:3278: Extra \endgroup.
<recently read> \endgroup 
                          
l.3278 \end{eqnarray}
                     
? 
./Cap1_IntrodProb.tex:3290: Missing $ inserted.
<inserted text> 
                $
l.3290 \textbf{Entonces} \quad Y_
                                 1 \text{ y } Y_2 \ \text{son V.A.C.C.}
? 
./Cap1_IntrodProb.tex:3291: Missing $ inserted.
<inserted text> 
                $
l.3291 
       
? 
LaTeX Info: Redefining \. on input line 3297.
LaTeX Info: Redefining \% on input line 3297.
[47]
LaTeX Info: Redefining \. on input line 3383.
LaTeX Info: Redefining \% on input line 3383.
 [48]
LaTeX Info: Redefining \. on input line 3479.
LaTeX Info: Redefining \% on input line 3479.
 [49]
LaTeX Info: Redefining \. on input line 3547.
LaTeX Info: Redefining \% on input line 3547.
 [50]
Overfull \hbox (10.64981pt too wide) in alignment at lines 3606--3620
 [][][] []
 []

LaTeX Info: Redefining \. on input line 3651.
LaTeX Info: Redefining \% on input line 3651.
[51]
LaTeX Info: Redefining \. on input line 3728.
LaTeX Info: Redefining \% on input line 3728.
 [52]
LaTeX Info: Redefining \. on input line 3806.
LaTeX Info: Redefining \% on input line 3806.
 [53]
LaTeX Info: Redefining \. on input line 3915.
LaTeX Info: Redefining \% on input line 3915.
 [54]
LaTeX Info: Redefining \. on input line 3987.
LaTeX Info: Redefining \% on input line 3987.
 [55]
LaTeX Info: Redefining \. on input line 4064.
LaTeX Info: Redefining \% on input line 4064.
 [56]
LaTeX Info: Redefining \. on input line 4136.
LaTeX Info: Redefining \% on input line 4136.
 [57]
LaTeX Info: Redefining \. on input line 4235.
LaTeX Info: Redefining \% on input line 4235.
 [58]
LaTeX Info: Redefining \. on input line 4367.
LaTeX Info: Redefining \% on input line 4367.
 [59]
LaTeX Info: Redefining \. on input line 4449.
LaTeX Info: Redefining \% on input line 4449.
 [60]
./Cap1_IntrodProb.tex:4480: Missing $ inserted.
<inserted text> 
                $
l.4480 
       
? 
./Cap1_IntrodProb.tex:4480: Missing } inserted.
<inserted text> 
                }
l.4480 
       
? 
./Cap1_IntrodProb.tex:4480: Missing } inserted.
<inserted text> 
                }
l.4480 
       
? 
./Cap1_IntrodProb.tex:4480: Missing \cr inserted.
<inserted text> 
                \cr 
l.4480 
       
? 
./Cap1_IntrodProb.tex:4480: Missing { inserted.
<inserted text> 
                {
l.4480 
       
? 
./Cap1_IntrodProb.tex:4480: Missing $ inserted.
<inserted text> 
                $
l.4480 
       
? 
./Cap1_IntrodProb.tex:4480: Missing $$ inserted.
<to be read again> 
                   \tex_par:D 
l.4480 
       
? 
LaTeX Info: Redefining \. on input line 4517.
LaTeX Info: Redefining \% on input line 4517.
[61]
./Cap1_IntrodProb.tex:4555: Missing $ inserted.
<inserted text> 
                $
l.4555 
       
? 
./Cap1_IntrodProb.tex:4555: Missing } inserted.
<inserted text> 
                }
l.4555 
       
? 
./Cap1_IntrodProb.tex:4555: Missing } inserted.
<inserted text> 
                }
l.4555 
       
? 
./Cap1_IntrodProb.tex:4555: Missing \cr inserted.
<inserted text> 
                \cr 
l.4555 
       
? 
./Cap1_IntrodProb.tex:4555: Missing { inserted.
<inserted text> 
                {
l.4555 
       
? 
./Cap1_IntrodProb.tex:4555: Missing $ inserted.
<inserted text> 
                $
l.4555 
       
? 
./Cap1_IntrodProb.tex:4555: Missing $$ inserted.
<to be read again> 
                   \tex_par:D 
l.4555 
       
? 
LaTeX Info: Redefining \. on input line 4594.
LaTeX Info: Redefining \% on input line 4594.
[62]
LaTeX Info: Redefining \. on input line 4666.
LaTeX Info: Redefining \% on input line 4666.
 [63]
LaTeX Info: Redefining \. on input line 4751.
LaTeX Info: Redefining \% on input line 4751.
 [64]
LaTeX Info: Redefining \. on input line 4839.
LaTeX Info: Redefining \% on input line 4839.
 [65])
LaTeX Info: Redefining \. on input line 155.
LaTeX Info: Redefining \% on input line 155.
 [66]

./NotasCursoProbabilidad.tex:168: LaTeX Error: \begin{eqnarray} on input line 4
551 ended by \end{document}.

See the LaTeX manual or LaTeX Companion for explanation.
Type  H <return>  for immediate help.
 ...                                              
                                                  
l.168 \end{document}
                    
? 
(./NotasCursoProbabilidad.aux
LaTeX Info: Redefining \. on input line 11.
LaTeX Info: Redefining \% on input line 11.
)
 ***********
LaTeX2e <2023-11-01> patch level 1
L3 programming layer <2024-02-20>
 ***********
Package rerunfilecheck Info: File `NotasCursoProbabilidad.out' has not changed.

(rerunfilecheck)             Checksum: 5E00727EEF0FB33F569B2B5B41D4F487;98.
 )
(\end occurred inside a group at level 2)

### semi simple group (level 2) entered at line 4551 (\begingroup)
### semi simple group (level 1) entered at line 4476 (\begingroup)
### bottom level 
Here is how much of TeX's memory you used:
 16652 strings out of 474116
 263258 string characters out of 5743681
 1944187 words of memory out of 5000000
 38016 multiletter control sequences out of 15000+600000
 568067 words of font info for 71 fonts, out of 8000000 for 9000
 1141 hyphenation exceptions out of 8191
 75i,18n,79p,584b,686s stack positions out of 10000i,1000n,20000p,200000b,200000s
</usr/local/texlive/2024/texmf-dist/fonts/type1/public/amsfonts
/cm/cmbx12.pfb></usr/local/texlive/2024/texmf-dist/fonts/type1/public/amsfonts/
cm/cmbxti10.pfb></usr/local/texlive/2024/texmf-dist/fonts/type1/public/amsfonts
/cm/cmex10.pfb></usr/local/texlive/2024/texmf-dist/fonts/type1/public/amsfonts/
cmextra/cmex8.pfb></usr/local/texlive/2024/texmf-dist/fonts/type1/public/amsfon
ts/cm/cmmi12.pfb></usr/local/texlive/2024/texmf-dist/fonts/type1/public/amsfont
s/cm/cmmi6.pfb></usr/local/texlive/2024/texmf-dist/fonts/type1/public/amsfonts/
cm/cmmi8.pfb></usr/local/texlive/2024/texmf-dist/fonts/type1/public/amsfonts/cm
/cmr10.pfb></usr/local/texlive/2024/texmf-dist/fonts/type1/public/amsfonts/cm/c
mr12.pfb></usr/local/texlive/2024/texmf-dist/fonts/type1/public/amsfonts/cm/cmr
6.pfb></usr/local/texlive/2024/texmf-dist/fonts/type1/public/amsfonts/cm/cmr8.p
fb></usr/local/texlive/2024/texmf-dist/fonts/type1/public/amsfonts/cm/cmsy10.pf
b></usr/local/texlive/2024/texmf-dist/fonts/type1/public/amsfonts/cm/cmsy6.pfb>
</usr/local/texlive/2024/texmf-dist/fonts/type1/public/amsfonts/cm/cmsy8.pfb></
usr/local/texlive/2024/texmf-dist/fonts/type1/public/amsfonts/cm/cmti10.pfb></u
sr/local/texlive/2024/texmf-dist/fonts/type1/public/amsfonts/cm/cmti12.pfb></us
r/local/texlive/2024/texmf-dist/fonts/type1/public/amsfonts/cm/cmtt12.pfb></usr
/local/texlive/2024/texmf-dist/fonts/type1/public/amsfonts/symbols/msbm10.pfb>
Output written on NotasCursoProbabilidad.pdf (69 pages, 378280 bytes).
PDF statistics:
 1255 PDF objects out of 1440 (max. 8388607)
 1136 compressed objects within 12 object streams
 766 named destinations out of 1000 (max. 500000)
 9 words of extra memory for PDF output out of 10000 (max. 10000000)

