\BOOKMARK [0][-]{chapter.1}{\376\377\000I\000n\000t\000r\000o\000d\000u\000c\000c\000i\000\363\000n}{}% 1
\BOOKMARK [1][-]{section.1.1}{\376\377\000S\000o\000b\000r\000e\000\040\000e\000l\000\040\000c\000u\000r\000s\000o}{chapter.1}% 2
\BOOKMARK [1][-]{section.1.2}{\376\377\000R\000e\000q\000u\000i\000s\000i\000t\000o\000s\000\040\000p\000a\000r\000a\000\040\000a\000c\000r\000e\000d\000i\000t\000a\000r\000\040\000l\000a\000\040\000m\000a\000t\000e\000r\000i\000a}{chapter.1}% 3
\BOOKMARK [1][-]{section.1.3}{\376\377\000D\000e\000\040\000l\000a\000\040\000n\000a\000t\000u\000r\000a\000l\000e\000z\000a\000\040\000d\000e\000l\000\040\000c\000u\000r\000s\000o}{chapter.1}% 4
\BOOKMARK [1][-]{section.1.4}{\376\377\000I\000n\000t\000r\000o\000d\000u\000c\000c\000i\000\363\000n}{chapter.1}% 5
\BOOKMARK [1][-]{section.1.5}{\376\377\000R\000e\000v\000i\000s\000i\000\363\000n\000\040\000d\000e\000\040\000t\000e\000m\000a\000s\000\040\000i\000m\000p\000o\000r\000t\000a\000n\000t\000e\000s}{chapter.1}% 6
\BOOKMARK [2][-]{subsection.1.5.1}{\376\377\000C\000\341\000l\000c\000u\000l\000o}{section.1.5}% 7
\BOOKMARK [2][-]{subsection.1.5.2}{\376\377\000D\000e\000r\000i\000v\000a\000b\000i\000l\000i\000d\000a\000d}{section.1.5}% 8
\BOOKMARK [2][-]{subsection.1.5.3}{\376\377\000I\000n\000t\000e\000g\000r\000a\000c\000i\000\363\000n}{section.1.5}% 9
\BOOKMARK [2][-]{subsection.1.5.4}{\376\377\000P\000o\000l\000i\000n\000o\000m\000i\000o\000s\000\040\000d\000e\000\040\000T\000a\000y\000l\000o\000r}{section.1.5}% 10
\BOOKMARK [2][-]{subsection.1.5.5}{\376\377\000T\000e\000o\000r\000e\000m\000a\000s\000\040\000a\000d\000i\000c\000i\000o\000n\000a\000l\000e\000s}{section.1.5}% 11
\BOOKMARK [1][-]{section.1.6}{\376\377\000\341\000l\000g\000e\000b\000r\000a\000\040\000L\000i\000n\000e\000a\000l}{chapter.1}% 12
\BOOKMARK [2][-]{subsection.1.6.1}{\376\377\000M\000a\000t\000r\000i\000c\000e\000s}{section.1.6}% 13
\BOOKMARK [2][-]{subsection.1.6.2}{\376\377\000O\000p\000e\000r\000a\000c\000i\000o\000n\000e\000s\000\040\000c\000o\000n\000\040\000m\000a\000t\000r\000i\000c\000e\000s}{section.1.6}% 14
\BOOKMARK [2][-]{subsection.1.6.3}{\376\377\000M\000a\000t\000r\000i\000c\000e\000s\000\040\000e\000s\000p\000e\000c\000i\000a\000l\000e\000s}{section.1.6}% 15
\BOOKMARK [2][-]{subsection.1.6.4}{\376\377\000D\000e\000t\000e\000r\000m\000i\000n\000a\000n\000t\000e\000\040\000d\000e\000\040\000u\000n\000a\000\040\000m\000a\000t\000r\000i\000z}{section.1.6}% 16
\BOOKMARK [2][-]{subsection.1.6.5}{\376\377\000V\000a\000l\000o\000r\000e\000s\000\040\000p\000r\000o\000p\000i\000o\000s\000\040\000y\000\040\000v\000e\000c\000t\000o\000r\000e\000s\000\040\000p\000r\000o\000p\000i\000o\000s}{section.1.6}% 17
\BOOKMARK [2][-]{subsection.1.6.6}{\376\377\000N\000o\000r\000m\000a\000s\000\040\000v\000e\000c\000t\000o\000r\000i\000a\000l\000e\000s\000\040\000y\000\040\000n\000o\000r\000m\000a\000s\000\040\000m\000a\000t\000r\000i\000c\000i\000a\000l\000e\000s}{section.1.6}% 18
\BOOKMARK [1][-]{section.1.7}{\376\377\000B\000r\000e\000v\000e\000\040\000h\000i\000s\000t\000o\000r\000i\000a\000\040\000d\000e\000\040\000l\000o\000s\000\040\000M\000\351\000t\000o\000d\000o\000s\000\040\000N\000u\000m\000\351\000r\000i\000c\000o\000s}{chapter.1}% 19
\BOOKMARK [0][-]{chapter.2}{\376\377\000S\000i\000s\000t\000e\000m\000a\000s\000\040\000d\000e\000\040\000P\000u\000n\000t\000o\000\040\000F\000l\000o\000t\000a\000n\000t\000e}{}% 20
\BOOKMARK [1][-]{section.2.1}{\376\377\000O\000p\000e\000r\000a\000c\000i\000o\000n\000e\000s\000\040\000d\000e\000\040\000p\000u\000n\000t\000o\000\040\000f\000l\000o\000t\000a\000n\000t\000e}{chapter.2}% 21
\BOOKMARK [2][-]{subsection.2.1.1}{\376\377\000S\000i\000s\000t\000e\000m\000a\000s\000\040\000d\000e\000c\000i\000m\000a\000l\000\040\000y\000\040\000b\000i\000n\000a\000r\000i\000o}{section.2.1}% 22
\BOOKMARK [2][-]{subsection.2.1.2}{\376\377\000N\000\372\000m\000e\000r\000o\000s\000\040\000e\000n\000\040\000p\000u\000n\000t\000o\000\040\000f\000l\000o\000t\000a\000n\000t\000e}{section.2.1}% 23
\BOOKMARK [2][-]{subsection.2.1.3}{\376\377\000R\000e\000p\000r\000e\000s\000e\000n\000t\000a\000c\000i\000\363\000n}{section.2.1}% 24
\BOOKMARK [2][-]{subsection.2.1.4}{\376\377\000E\000r\000r\000o\000r\000e\000s}{section.2.1}% 25
\BOOKMARK [2][-]{subsection.2.1.5}{\376\377\000C\000u\000a\000n\000t\000i\000f\000i\000c\000a\000c\000i\000\363\000n\000\040\000d\000e\000\040\000e\000r\000r\000o\000r\000e\000s}{section.2.1}% 26
\BOOKMARK [2][-]{subsection.2.1.6}{\376\377\000E\000r\000r\000o\000r\000e\000s\000\040\000e\000n\000\040\000p\000u\000n\000t\000o\000\040\000f\000l\000o\000t\000a\000n\000t\000e}{section.2.1}% 27
\BOOKMARK [2][-]{subsection.2.1.7}{\376\377\000A\000p\000r\000o\000x\000i\000m\000a\000c\000i\000\363\000n\000\040\000n\000u\000m\000\351\000r\000i\000c\000a\000\040\000y\000\040\000e\000r\000r\000o\000r\000e\000s}{section.2.1}% 28
\BOOKMARK [2][-]{subsection.2.1.8}{\376\377\000E\000j\000e\000r\000c\000i\000c\000i\000o\000s}{section.2.1}% 29
\BOOKMARK [0][-]{chapter.3}{\376\377\000S\000o\000l\000u\000c\000i\000\363\000n\000\040\000d\000e\000\040\000S\000i\000s\000t\000e\000m\000a\000s\000\040\000d\000e\000\040\000E\000c\000u\000a\000c\000i\000o\000n\000e\000s\000\040\000L\000i\000n\000e\000a\000l\000e\000s}{}% 30
\BOOKMARK [1][-]{section.3.1}{\376\377\000D\000e\000f\000i\000n\000i\000c\000i\000o\000n\000e\000s\000\040\000s\000o\000b\000r\000e\000\040\000m\000a\000t\000r\000i\000c\000e\000s}{chapter.3}% 31
\BOOKMARK [1][-]{section.3.2}{\376\377\000E\000l\000i\000m\000i\000n\000a\000c\000i\000\363\000n\000\040\000g\000a\000u\000s\000s\000i\000a\000n\000a\000\040\000s\000i\000m\000p\000l\000e}{chapter.3}% 32
\BOOKMARK [1][-]{section.3.3}{\376\377\000E\000l\000i\000m\000i\000n\000a\000c\000i\000\363\000n\000\040\000c\000o\000n\000\040\000p\000i\000v\000o\000t\000e\000o\000\040\000y\000\040\000e\000s\000c\000a\000l\000a\000m\000i\000e\000n\000t\000o}{chapter.3}% 33
\BOOKMARK [2][-]{subsection.3.3.1}{\376\377\000E\000l\000i\000m\000i\000n\000a\000c\000i\000\363\000n\000\040\000c\000o\000n\000\040\000P\000i\000v\000o\000t\000e\000o\000\040\000y\000\040\000E\000s\000c\000a\000l\000a\000m\000i\000e\000n\000t\000o}{section.3.3}% 34
\BOOKMARK [2][-]{subsection.3.3.2}{\376\377\000P\000i\000v\000o\000t\000e\000o\000\040\000y\000\040\000e\000s\000c\000a\000l\000a\000m\000i\000e\000n\000t\000o}{section.3.3}% 35
\BOOKMARK [1][-]{section.3.4}{\376\377\000G\000a\000u\000s\000s\040\023\000J\000o\000r\000d\000a\000n\000\040\000y\000\040\000c\000\341\000l\000c\000u\000l\000o\000\040\000d\000e\000\040\000i\000n\000v\000e\000r\000s\000a\000s}{chapter.3}% 36
\BOOKMARK [2][-]{subsection.3.4.1}{\376\377\000G\000a\000u\000s\000s\040\023\000J\000o\000r\000d\000a\000n\000\040\000e\000\040\000i\000n\000v\000e\000r\000s\000a\000s}{section.3.4}% 37
\BOOKMARK [1][-]{section.3.5}{\376\377\000F\000a\000c\000t\000o\000r\000i\000z\000a\000c\000i\000\363\000n\000\040\000L\000U}{chapter.3}% 38
\BOOKMARK [2][-]{subsection.3.5.1}{\376\377\000M\000\351\000t\000o\000d\000o\000\040\000c\000o\000n\000\040\000p\000e\000r\000m\000u\000t\000a\000c\000i\000o\000n\000e\000s}{section.3.5}% 39
\BOOKMARK [2][-]{subsection.3.5.2}{\376\377\000F\000a\000c\000t\000o\000r\000i\000z\000a\000c\000i\000\363\000n\000\040\000d\000e\000\040\000C\000h\000o\000l\000e\000s\000k\000y}{section.3.5}% 40
\BOOKMARK [2][-]{subsection.3.5.3}{\376\377\000F\000a\000c\000t\000o\000r\000i\000z\000a\000c\000i\000\363\000n\000\040\000d\000e\000\040\000D\000o\000o\000l\000i\000t\000t\000l\000e}{section.3.5}% 41
\BOOKMARK [1][-]{section.3.6}{\376\377\000D\000e\000s\000c\000o\000m\000p\000o\000s\000i\000c\000i\000\363\000n\000\040\000d\000e\000\040\000A}{chapter.3}% 42
\BOOKMARK [2][-]{subsection.3.6.1}{\376\377\000M\000\351\000t\000o\000d\000o\000\040\000d\000e\000\040\000J\000a\000c\000o\000b\000i}{section.3.6}% 43
\BOOKMARK [2][-]{subsection.3.6.2}{\376\377\000M\000\351\000t\000o\000d\000o\000\040\000d\000e\000\040\000G\000a\000u\000s\000s\040\023\000S\000e\000i\000d\000e\000l}{section.3.6}% 44
\BOOKMARK [2][-]{subsection.3.6.3}{\376\377\000M\000\351\000t\000o\000d\000o\000\040\000S\000O\000R\000\040\000\050\000S\000u\000c\000c\000e\000s\000s\000i\000v\000e\000\040\000O\000v\000e\000r\000-\000R\000e\000l\000a\000x\000a\000t\000i\000o\000n\000\051}{section.3.6}% 45
\BOOKMARK [2][-]{subsection.3.6.4}{\376\377\000D\000e\000s\000c\000o\000m\000p\000o\000s\000i\000c\000i\000\363\000n\000\040\000d\000e\000\040\000l\000a\000\040\000m\000a\000t\000r\000i\000z}{section.3.6}% 46
\BOOKMARK [2][-]{subsection.3.6.5}{\376\377\000M\000\351\000t\000o\000d\000o\000\040\000d\000e\000\040\000J\000a\000c\000o\000b\000i}{section.3.6}% 47
\BOOKMARK [2][-]{subsection.3.6.6}{\376\377\000M\000\351\000t\000o\000d\000o\000\040\000d\000e\000\040\000G\000a\000u\000s\000s\040\023\000S\000e\000i\000d\000e\000l}{section.3.6}% 48
\BOOKMARK [2][-]{subsection.3.6.7}{\376\377\000C\000o\000n\000d\000i\000c\000i\000o\000n\000e\000s\000\040\000d\000e\000\040\000c\000o\000n\000v\000e\000r\000g\000e\000n\000c\000i\000a}{section.3.6}% 49
\BOOKMARK [1][-]{section.3.7}{\376\377\000E\000j\000e\000r\000c\000i\000c\000i\000o\000s\000\040\000S\000E\000L}{chapter.3}% 50
\BOOKMARK [0][-]{chapter.4}{\376\377\000R\000a\000\355\000c\000e\000s\000\040\000d\000e\000\040\000F\000u\000n\000c\000i\000o\000n\000e\000s}{}% 51
\BOOKMARK [1][-]{section.4.1}{\376\377\000M\000\351\000t\000o\000d\000o\000\040\000d\000e\000\040\000B\000i\000s\000e\000c\000c\000i\000\363\000n}{chapter.4}% 52
\BOOKMARK [2][-]{subsection.4.1.1}{\376\377\000E\000j\000e\000m\000p\000l\000o\000s}{section.4.1}% 53
\BOOKMARK [2][-]{subsection.4.1.2}{\376\377\000I\000m\000p\000l\000e\000m\000e\000n\000t\000a\000c\000i\000o\000n\000e\000s\000\040\000n\000u\000m\000\351\000r\000i\000c\000a\000s}{section.4.1}% 54
\BOOKMARK [1][-]{section.4.2}{\376\377\000M\000\351\000t\000o\000d\000o\000\040\000d\000e\000\040\000l\000a\000\040\000S\000e\000c\000a\000n\000t\000e}{chapter.4}% 55
\BOOKMARK [1][-]{section.4.3}{\376\377\000M\000\351\000t\000o\000d\000o\000\040\000d\000e\000\040\000N\000e\000w\000t\000o\000n\000-\000R\000a\000p\000h\000s\000o\000n}{chapter.4}% 56
\BOOKMARK [1][-]{section.4.4}{\376\377\000M\000\351\000t\000o\000d\000o\000\040\000d\000e\000l\000\040\000p\000u\000n\000t\000o\000\040\000f\000i\000j\000o}{chapter.4}% 57
\BOOKMARK [1][-]{section.4.5}{\376\377\000E\000j\000e\000r\000c\000i\000c\000i\000o\000s}{chapter.4}% 58
\BOOKMARK [2][-]{subsection.4.5.1}{\376\377\000M\000\351\000t\000o\000d\000o\000\040\000d\000e\000\040\000l\000a\000\040\000S\000e\000c\000a\000n\000t\000e}{section.4.5}% 59
\BOOKMARK [1][-]{section.4.6}{\376\377\000P\000a\000r\000a\000\040\000i\000m\000p\000r\000e\000s\000i\000\363\000n}{chapter.4}% 60
\BOOKMARK [2][-]{subsection.4.6.1}{\376\377\000P\000u\000n\000t\000o\000\040\000f\000i\000j\000o}{section.4.6}% 61
\BOOKMARK [2][-]{subsection.4.6.2}{\376\377\000N\000e\000w\000t\000o\000n\000-\000R\000a\000p\000h\000s\000o\000n}{section.4.6}% 62
\BOOKMARK [2][-]{subsection.4.6.3}{\376\377\000B\000i\000s\000e\000c\000c\000i\000\363\000n}{section.4.6}% 63
\BOOKMARK [2][-]{subsection.4.6.4}{\376\377\000S\000e\000c\000a\000n\000t\000e}{section.4.6}% 64
\BOOKMARK [1][-]{section.4.7}{\376\377\000T\000a\000r\000e\000a\000\040\000p\000a\000r\000a\000\040\000e\000l\000\040\000p\000o\000r\000t\000a\000f\000o\000l\000i\000o}{chapter.4}% 65
\BOOKMARK [0][-]{chapter.5}{\376\377\000I\000n\000t\000e\000r\000p\000o\000l\000a\000c\000i\000\363\000n\000\040\000N\000u\000m\000\351\000r\000i\000c\000a}{}% 66
\BOOKMARK [1][-]{section.5.1}{\376\377\000C\000o\000n\000c\000e\000p\000t\000o\000s\000\040\000F\000u\000n\000d\000a\000m\000e\000n\000t\000a\000l\000e\000s}{chapter.5}% 67
\BOOKMARK [1][-]{section.5.2}{\376\377\000F\000o\000r\000m\000a\000\040\000G\000e\000n\000e\000r\000a\000l\000\040\000d\000e\000l\000\040\000P\000o\000l\000i\000n\000o\000m\000i\000o\000\040\000I\000n\000t\000e\000r\000p\000o\000l\000a\000n\000t\000e}{chapter.5}% 68
\BOOKMARK [1][-]{section.5.3}{\376\377\000I\000n\000t\000e\000r\000p\000o\000l\000a\000c\000i\000\363\000n\000\040\000d\000e\000\040\000L\000a\000g\000r\000a\000n\000g\000e}{chapter.5}% 69
\BOOKMARK [1][-]{section.5.4}{\376\377\000I\000n\000t\000e\000r\000p\000o\000l\000a\000c\000i\000\363\000n\000\040\000d\000e\000\040\000N\000e\000w\000t\000o\000n\040\023\000D\000i\000f\000e\000r\000e\000n\000c\000i\000a\000s\000\040\000F\000i\000n\000i\000t\000a\000s}{chapter.5}% 70
\BOOKMARK [1][-]{section.5.5}{\376\377\000P\000o\000l\000i\000n\000o\000m\000i\000o\000\040\000d\000e\000\040\000N\000e\000w\000t\000o\000n}{chapter.5}% 71
\BOOKMARK [2][-]{subsection.5.5.1}{\376\377\000E\000j\000e\000m\000p\000l\000o\000s\000\040\000d\000e\000l\000\040\000m\000\351\000t\000o\000d\000o\000\040\000d\000e\000\040\000N\000e\000w\000t\000o\000n\000\040\000c\000o\000n\000\040\000d\000i\000f\000e\000r\000e\000n\000c\000i\000a\000s\000\040\000f\000i\000n\000i\000t\000a\000s}{section.5.5}% 72
\BOOKMARK [1][-]{section.5.6}{\376\377\000S\000p\000l\000i\000n\000e\000s}{chapter.5}% 73
\BOOKMARK [1][-]{section.5.7}{\376\377\000E\000r\000r\000o\000r\000\040\000d\000e\000\040\000I\000n\000t\000e\000r\000p\000o\000l\000a\000c\000i\000\363\000n}{chapter.5}% 74
\BOOKMARK [1][-]{section.5.8}{\376\377\000E\000j\000e\000r\000c\000i\000c\000i\000o\000s\000\040}{chapter.5}% 75
\BOOKMARK [1][-]{section.5.9}{\376\377\000I\000m\000p\000l\000e\000m\000e\000n\000t\000a\000c\000i\000o\000n\000e\000s\000\040\000C\000o\000m\000p\000u\000t\000a\000c\000i\000o\000n\000a\000l\000e\000s}{chapter.5}% 76
\BOOKMARK [0][-]{chapter.6}{\376\377\000S\000o\000l\000u\000c\000i\000\363\000n\000\040\000n\000u\000m\000\351\000r\000i\000c\000a\000\040\000d\000e\000\040\000E\000c\000u\000a\000c\000i\000o\000n\000e\000s\000\040\000D\000i\000f\000e\000r\000e\000n\000c\000i\000a\000l\000e\000s}{}% 77
\BOOKMARK [1][-]{section.6.1}{\376\377\000M\000\351\000t\000o\000d\000o\000\040\000d\000e\000\040\000E\000u\000l\000e\000r\000\040\000\050\000e\000x\000p\000l\000\355\000c\000i\000t\000o\000\051}{chapter.6}% 78
\BOOKMARK [1][-]{section.6.2}{\376\377\000M\000\351\000t\000o\000d\000o\000\040\000d\000e\000\040\000E\000u\000l\000e\000r\000\040\000M\000e\000j\000o\000r\000a\000d\000o\000\040\000\050\000H\000e\000u\000n\000\051}{chapter.6}% 79
\BOOKMARK [1][-]{section.6.3}{\376\377\000M\000\351\000t\000o\000d\000o\000\040\000d\000e\000\040\000R\000u\000n\000g\000e\040\023\000K\000u\000t\000t\000a\000\040\000d\000e\000\040\000c\000u\000a\000r\000t\000o\000\040\000o\000r\000d\000e\000n\000\040\000\050\000R\000K\0004\000\051}{chapter.6}% 80
\BOOKMARK [1][-]{section.6.4}{\376\377\000M\000\351\000t\000o\000d\000o\000\040\000d\000e\000\040\000E\000u\000l\000e\000r\000\040\000i\000m\000p\000l\000\355\000c\000i\000t\000o}{chapter.6}% 81
\BOOKMARK [1][-]{section.6.5}{\376\377\000E\000j\000e\000r\000c\000i\000c\000i\000o\000s\000\040\000p\000r\000o\000p\000u\000e\000s\000t\000o\000s}{chapter.6}% 82
\BOOKMARK [0][-]{chapter.7}{\376\377\000T\000a\000r\000e\000a\000s\000\040\000d\000e\000l\000\040\000c\000u\000r\000s\000o}{}% 83
\BOOKMARK [0][-]{chapter.8}{\376\377\000I\000n\000t\000r\000o\000d\000u\000c\000c\000i\000\363\000n\000\040\000a\000l\000\040\000u\000s\000o\000\040\000d\000e\000\040\000R}{}% 84
\BOOKMARK [1][-]{section.8.1}{\376\377\000S\000e\000s\000i\000o\000n\000e\000s\000\040\000e\000n\000\040\000R\000S\000t\000u\000d\000i\000o}{chapter.8}% 85
\BOOKMARK [1][-]{section.8.2}{\376\377\000U\000s\000o\000\040\000d\000e\000\040\000R}{chapter.8}% 86
\BOOKMARK [1][-]{section.8.3}{\376\377\000F\000u\000n\000c\000i\000o\000n\000e\000s}{chapter.8}% 87
\BOOKMARK [1][-]{section.8.4}{\376\377\000C\000l\000a\000s\000e\000\040\000e\000n\000\040\000L\000a\000b\000o\000r\000a\000t\000o\000r\000i\000o\000\040\000d\000e\000\040\000C\000\363\000m\000p\000u\000t\000o}{chapter.8}% 88
\BOOKMARK [1][-]{section.8.5}{\376\377\000O\000p\000e\000r\000a\000d\000o\000r\000e\000s\000\040\000l\000\363\000g\000i\000c\000o\000s}{chapter.8}% 89
\BOOKMARK [1][-]{section.8.6}{\376\377\000O\000P\000E\000R\000A\000D\000O\000R\000E\000S\000\040\000A\000R\000I\000T\000M\000E\000T\000I\000C\000O\000S}{chapter.8}% 90
\BOOKMARK [2][-]{subsection.8.6.1}{\376\377\000S\000U\000M\000A\000,\000\040\000R\000E\000S\000T\000A\000,\000\040\000M\000U\000L\000T\000I\000P\000L\000I\000C\000A\000C\000I\000O\000N\000,\000\040\000D\000I\000V\000I\000S\000I\000O\000N\000,\000\040\000P\000O\000T\000E\000N\000C\000I\000A\000,\000\040\000M\000O\000D\000U\000L\000O\000,\000\040\000D\000I\000V\000I\000S\000I\000O\000N\000\040\000E\000N\000T\000E\000R\000A}{section.8.6}% 91
\BOOKMARK [2][-]{subsection.8.6.2}{\376\377\000L\000O\000G\000A\000R\000I\000T\000M\000O\000S\000\040\000Y\000\040\000E\000X\000P\000O\000N\000E\000N\000C\000I\000A\000L\000E\000S}{section.8.6}% 92
\BOOKMARK [2][-]{subsection.8.6.3}{\376\377\000F\000U\000N\000C\000I\000O\000N\000E\000S\000\040\000T\000R\000I\000G\000O\000N\000O\000M\000E\000T\000R\000I\000C\000A\000S}{section.8.6}% 93
\BOOKMARK [2][-]{subsection.8.6.4}{\376\377\000F\000U\000N\000C\000I\000O\000N\000E\000S\000\040\000V\000A\000R\000I\000A\000S}{section.8.6}% 94
\BOOKMARK [2][-]{subsection.8.6.5}{\376\377\000E\000J\000E\000R\000C\000I\000C\000I\000O\000S\000\040\000D\000E\000\040\000P\000R\000A\000C\000T\000I\000C\000A}{section.8.6}% 95
\BOOKMARK [1][-]{section.8.7}{\376\377\000E\000J\000E\000R\000C\000I\000C\000I\000O\000S\000\040\000D\000E\000\040\000P\000R\000A\000C\000T\000I\000C\000A}{chapter.8}% 96
\BOOKMARK [2][-]{subsection.8.7.1}{\376\377\000D\000E\000F\000I\000N\000I\000C\000I\000O\000N\000\040\000D\000E\000\040\000C\000O\000N\000S\000T\000A\000N\000T\000E\000S}{section.8.7}% 97
\BOOKMARK [2][-]{subsection.8.7.2}{\376\377\000C\000O\000N\000C\000A\000T\000E\000N\000A\000R\000\040\000Y\000\040\000P\000E\000G\000A\000R\000\040\000E\000X\000P\000R\000E\000S\000I\000O\000N\000E\000S}{section.8.7}% 98
\BOOKMARK [2][-]{subsection.8.7.3}{\376\377\000A\000S\000I\000G\000N\000A\000C\000I\000O\000N\000\040\000E\000\040\000I\000M\000P\000R\000E\000S\000I\000O\000N}{section.8.7}% 99
\BOOKMARK [2][-]{subsection.8.7.4}{\376\377\000L\000I\000S\000T\000A\000D\000O\000\040\000D\000E\000\040\000O\000B\000J\000E\000T\000O\000S\000\040\000D\000E\000F\000I\000N\000I\000D\000O\000S}{section.8.7}% 100
\BOOKMARK [2][-]{subsection.8.7.5}{\376\377\000I\000M\000P\000R\000I\000M\000I\000R\000\040\000P\000E\000G\000A\000R\000\040\000A\000V\000A\000N\000Z\000A\000D\000O}{section.8.7}% 101
\BOOKMARK [2][-]{subsection.8.7.6}{\376\377\000E\000J\000E\000R\000C\000I\000C\000I\000O\000S\000\040\000D\000E\000\040\000P\000R\000A\000C\000T\000I\000C\000A}{section.8.7}% 102
\BOOKMARK [2][-]{subsection.8.7.7}{\376\377\000D\000E\000F\000I\000N\000I\000C\000I\000O\000N\000\040\000D\000E\000\040\000F\000U\000N\000C\000I\000O\000N\000E\000S}{section.8.7}% 103
\BOOKMARK [2][-]{subsection.8.7.8}{\376\377\000E\000j\000e\000m\000p\000l\000o\000\040\0001}{section.8.7}% 104
\BOOKMARK [2][-]{subsection.8.7.9}{\376\377\000E\000j\000e\000m\000p\000l\000o\000\040\0002}{section.8.7}% 105
\BOOKMARK [2][-]{subsection.8.7.10}{\376\377\000G\000R\000A\000F\000I\000C\000A\000S}{section.8.7}% 106
\BOOKMARK [2][-]{subsection.8.7.11}{\376\377\000E\000J\000E\000M\000P\000L\000O\000S\000\040\000D\000E\000\040\000P\000R\000A\000C\000T\000I\000C\000A}{section.8.7}% 107
\BOOKMARK [1][-]{section.8.8}{\376\377\000I\000n\000t\000r\000o\000d\000u\000c\000c\000i\000\363\000n\000\040\000a\000\040\000F\000a\000c\000t\000o\000r\000i\000z\000a\000c\000i\000\363\000n\000\040\000L\000U}{chapter.8}% 108
\BOOKMARK [2][-]{subsection.8.8.1}{\376\377\000I\000n\000v\000e\000r\000s\000a\000\040\000d\000e\000\040\000u\000n\000a\000\040\000m\000a\000t\000r\000i\000z}{section.8.8}% 109
\BOOKMARK [2][-]{subsection.8.8.2}{\376\377\000F\000a\000c\000t\000o\000r\000i\000z\000a\000c\000i\000\363\000n\000\040\000L\000U}{section.8.8}% 110
\BOOKMARK [2][-]{subsection.8.8.3}{\376\377\000N\000o\000t\000a\000s\000\040\000i\000m\000p\000o\000r\000t\000a\000n\000t\000e\000s}{section.8.8}% 111
\BOOKMARK [1][-]{section.8.9}{\376\377\000M\000\351\000t\000o\000d\000o\000s\000\040\000d\000e\000\040\000E\000l\000i\000m\000i\000n\000a\000c\000i\000\363\000n\000\040\000d\000i\000r\000e\000c\000t\000a}{chapter.8}% 112
\BOOKMARK [2][-]{subsection.8.9.1}{\376\377\000G\000a\000u\000s\000s\000i\000a\000n\000a\000\040\000S\000i\000m\000p\000l\000e}{section.8.9}% 113
\BOOKMARK [2][-]{subsection.8.9.2}{\376\377\000G\000a\000u\000s\000s\000i\000a\000n\000a\000\040\000c\000o\000n\000\040\000p\000i\000v\000o\000t\000e\000o\000\040\000p\000a\000r\000c\000i\000a\000l}{section.8.9}% 114
\BOOKMARK [2][-]{subsection.8.9.3}{\376\377\000G\000a\000u\000s\000s\000\040\000J\000o\000r\000d\000a\000n}{section.8.9}% 115
\BOOKMARK [2][-]{subsection.8.9.4}{\376\377\000C\000\341\000l\000c\000u\000l\000o\000\040\000d\000e\000\040\000I\000n\000v\000e\000r\000s\000a}{section.8.9}% 116
\BOOKMARK [2][-]{subsection.8.9.5}{\376\377\000F\000a\000c\000t\000o\000r\000i\000z\000a\000c\000i\000\363\000n\000\040\000L\000U}{section.8.9}% 117
\BOOKMARK [2][-]{subsection.8.9.6}{\376\377\000R\000e\000s\000o\000l\000u\000c\000i\000o\000n\000\040\000c\000o\000n\000\040\000p\000i\000v\000o\000t\000e\000o}{section.8.9}% 118
\BOOKMARK [2][-]{subsection.8.9.7}{\376\377\000F\000a\000c\000t\000o\000r\000i\000z\000a\000c\000i\000\363\000n\000\040\000d\000e\000\040\000C\000h\000o\000l\000e\000s\000k\000y}{section.8.9}% 119
\BOOKMARK [2][-]{subsection.8.9.8}{\376\377\000S\000o\000l\000u\000c\000i\000\363\000n\000\040\000v\000\355\000a\000\040\000C\000h\000o\000l\000e\000s\000k\000y}{section.8.9}% 120
\BOOKMARK [1][-]{section.8.10}{\376\377\000M\000\351\000t\000o\000d\000o\000s\000\040\000I\000t\000e\000r\000a\000t\000i\000v\000o\000s}{chapter.8}% 121
\BOOKMARK [2][-]{subsection.8.10.1}{\376\377\000G\000a\000u\000s\000s\000\040\000J\000a\000c\000o\000b\000i}{section.8.10}% 122
\BOOKMARK [2][-]{subsection.8.10.2}{\376\377\000G\000a\000u\000s\000s\000\040\000S\000e\000i\000d\000e\000l}{section.8.10}% 123
\BOOKMARK [1][-]{section.8.11}{\376\377\000C\000l\000a\000s\000e\000s}{chapter.8}% 124
\BOOKMARK [2][-]{subsection.8.11.1}{\376\377\000M\000\351\000t\000o\000d\000o\000s\000\040\000I\000t\000e\000r\000a\000t\000i\000v\000o\000s}{section.8.11}% 125
\BOOKMARK [2][-]{subsection.8.11.2}{\376\377\000G\000a\000u\000s\000s\000-\000J\000a\000c\000o\000b\000i}{section.8.11}% 126
\BOOKMARK [2][-]{subsection.8.11.3}{\376\377\000G\000a\000u\000s\000s\000-\000S\000e\000i\000d\000e\000l}{section.8.11}% 127
