\BOOKMARK [1][-]{section.1}{\376\377\000S\000o\000b\000r\000e\000\040\000e\000l\000\040\000c\000u\000r\000s\000o}{}% 1
\BOOKMARK [2][-]{subsection.1.1}{\376\377\000R\000e\000q\000u\000i\000s\000i\000t\000o\000s\000\040\000p\000a\000r\000a\000\040\000a\000c\000r\000e\000d\000i\000t\000a\000r\000\040\000l\000a\000\040\000m\000a\000t\000e\000r\000i\000a}{section.1}% 2
\BOOKMARK [2][-]{subsection.1.2}{\376\377\000D\000e\000\040\000l\000a\000\040\000n\000a\000t\000u\000r\000a\000l\000e\000z\000a\000\040\000d\000e\000l\000\040\000c\000u\000r\000s\000o}{section.1}% 3
\BOOKMARK [1][-]{section.2}{\376\377\000I\000n\000t\000r\000o\000d\000u\000c\000c\000i\000\363\000n}{}% 4
\BOOKMARK [1][-]{section.3}{\376\377\000R\000e\000v\000i\000s\000i\000\363\000n\000\040\000d\000e\000\040\000t\000e\000m\000a\000s\000\040\000i\000m\000p\000o\000r\000t\000a\000n\000t\000e\000s}{}% 5
\BOOKMARK [2][-]{subsection.3.1}{\376\377\000C\000\341\000l\000c\000u\000l\000o}{section.3}% 6
\BOOKMARK [3][-]{subsubsection.3.1.1}{\376\377\000L\000\355\000m\000i\000t\000e\000s\000\040\000y\000\040\000c\000o\000n\000t\000i\000n\000u\000i\000d\000a\000d}{subsection.3.1}% 7
\BOOKMARK [3][-]{subsubsection.3.1.2}{\376\377\000C\000o\000n\000t\000i\000n\000u\000i\000d\000a\000d\000\040\000y\000\040\000c\000o\000n\000v\000e\000r\000g\000e\000n\000c\000i\000a\000\040\000d\000e\000\040\000s\000u\000c\000e\000s\000i\000o\000n\000e\000s}{subsection.3.1}% 8
\BOOKMARK [3][-]{subsubsection.3.1.3}{\376\377\000D\000e\000r\000i\000v\000a\000b\000i\000l\000i\000d\000a\000d}{subsection.3.1}% 9
\BOOKMARK [3][-]{subsubsection.3.1.4}{\376\377\000I\000n\000t\000e\000g\000r\000a\000c\000i\000\363\000n}{subsection.3.1}% 10
\BOOKMARK [3][-]{subsubsection.3.1.5}{\376\377\000P\000o\000l\000i\000n\000o\000m\000i\000o\000s\000\040\000d\000e\000\040\000T\000a\000y\000l\000o\000r}{subsection.3.1}% 11
\BOOKMARK [3][-]{subsubsection.3.1.6}{\376\377\000T\000e\000o\000r\000e\000m\000a\000s\000\040\000a\000d\000i\000c\000i\000o\000n\000a\000l\000e\000s}{subsection.3.1}% 12
\BOOKMARK [2][-]{subsection.3.2}{\376\377\000\301\000l\000g\000e\000b\000r\000a\000\040\000L\000i\000n\000e\000a\000l}{section.3}% 13
\BOOKMARK [3][-]{subsubsection.3.2.1}{\376\377\000M\000a\000t\000r\000i\000c\000e\000s}{subsection.3.2}% 14
\BOOKMARK [3][-]{subsubsection.3.2.2}{\376\377\000O\000p\000e\000r\000a\000c\000i\000o\000n\000e\000s\000\040\000c\000o\000n\000\040\000m\000a\000t\000r\000i\000c\000e\000s}{subsection.3.2}% 15
\BOOKMARK [3][-]{subsubsection.3.2.3}{\376\377\000M\000a\000t\000r\000i\000c\000e\000s\000\040\000e\000s\000p\000e\000c\000i\000a\000l\000e\000s}{subsection.3.2}% 16
\BOOKMARK [3][-]{subsubsection.3.2.4}{\376\377\000D\000e\000t\000e\000r\000m\000i\000n\000a\000n\000t\000e\000\040\000d\000e\000\040\000u\000n\000a\000\040\000m\000a\000t\000r\000i\000z}{subsection.3.2}% 17
\BOOKMARK [3][-]{subsubsection.3.2.5}{\376\377\000V\000a\000l\000o\000r\000e\000s\000\040\000p\000r\000o\000p\000i\000o\000s\000\040\000y\000\040\000v\000e\000c\000t\000o\000r\000e\000s\000\040\000p\000r\000o\000p\000i\000o\000s}{subsection.3.2}% 18
\BOOKMARK [3][-]{subsubsection.3.2.6}{\376\377\000N\000o\000r\000m\000a\000s\000\040\000v\000e\000c\000t\000o\000r\000i\000a\000l\000e\000s\000\040\000y\000\040\000n\000o\000r\000m\000a\000s\000\040\000m\000a\000t\000r\000i\000c\000i\000a\000l\000e\000s}{subsection.3.2}% 19
\BOOKMARK [1][-]{section.4}{\376\377\000O\000p\000e\000r\000a\000c\000i\000o\000n\000e\000s\000\040\000d\000e\000\040\000p\000u\000n\000t\000o\000\040\000f\000l\000o\000t\000a\000n\000t\000e}{}% 20
\BOOKMARK [2][-]{subsection.4.1}{\376\377\000S\000i\000s\000t\000e\000m\000a\000s\000\040\000d\000e\000c\000i\000m\000a\000l\000\040\000y\000\040\000b\000i\000n\000a\000r\000i\000o}{section.4}% 21
\BOOKMARK [2][-]{subsection.4.2}{\376\377\000N\000\372\000m\000e\000r\000o\000s\000\040\000e\000n\000\040\000p\000u\000n\000t\000o\000\040\000f\000l\000o\000t\000a\000n\000t\000e}{section.4}% 22
\BOOKMARK [2][-]{subsection.4.3}{\376\377\000R\000e\000p\000r\000e\000s\000e\000n\000t\000a\000c\000i\000\363\000n}{section.4}% 23
\BOOKMARK [2][-]{subsection.4.4}{\376\377\000E\000r\000r\000o\000r\000e\000s}{section.4}% 24
\BOOKMARK [2][-]{subsection.4.5}{\376\377\000C\000u\000a\000n\000t\000i\000f\000i\000c\000a\000c\000i\000\363\000n\000\040\000d\000e\000\040\000e\000r\000r\000o\000r\000e\000s}{section.4}% 25
\BOOKMARK [2][-]{subsection.4.6}{\376\377\000E\000r\000r\000o\000r\000e\000s\000\040\000e\000n\000\040\000p\000u\000n\000t\000o\000\040\000f\000l\000o\000t\000a\000n\000t\000e}{section.4}% 26
\BOOKMARK [2][-]{subsection.4.7}{\376\377\000A\000p\000r\000o\000x\000i\000m\000a\000c\000i\000\363\000n\000\040\000n\000u\000m\000\351\000r\000i\000c\000a\000\040\000y\000\040\000e\000r\000r\000o\000r\000e\000s}{section.4}% 27
\BOOKMARK [2][-]{subsection.4.8}{\376\377\000E\000j\000e\000r\000c\000i\000c\000i\000o\000s}{section.4}% 28
\BOOKMARK [1][-]{section.5}{\376\377\000S\000o\000l\000u\000c\000i\000\363\000n\000\040\000d\000e\000\040\000S\000i\000s\000t\000e\000m\000a\000s\000\040\000d\000e\000\040\000E\000c\000u\000a\000c\000i\000o\000n\000e\000s\000\040\000L\000i\000n\000e\000a\000l\000e\000s}{}% 29
\BOOKMARK [2][-]{subsubsection.5.0.1}{\376\377\000D\000e\000f\000i\000n\000i\000c\000i\000o\000n\000e\000s\000\040\000s\000o\000b\000r\000e\000\040\000m\000a\000t\000r\000i\000c\000e\000s}{section.5}% 30
\BOOKMARK [2][-]{subsection.5.1}{\376\377\000E\000l\000i\000m\000i\000n\000a\000c\000i\000\363\000n\000\040\000g\000a\000u\000s\000s\000i\000a\000n\000a\000\040\000s\000i\000m\000p\000l\000e}{section.5}% 31
\BOOKMARK [2][-]{subsection.5.2}{\376\377\000E\000l\000i\000m\000i\000n\000a\000c\000i\000\363\000n\000\040\000c\000o\000n\000\040\000p\000i\000v\000o\000t\000e\000o\000\040\000y\000\040\000e\000s\000c\000a\000l\000a\000m\000i\000e\000n\000t\000o}{section.5}% 32
\BOOKMARK [3][-]{subsubsection.5.2.1}{\376\377\000E\000l\000i\000m\000i\000n\000a\000c\000i\000\363\000n\000\040\000c\000o\000n\000\040\000P\000i\000v\000o\000t\000e\000o\000\040\000y\000\040\000E\000s\000c\000a\000l\000a\000m\000i\000e\000n\000t\000o}{subsection.5.2}% 33
\BOOKMARK [3][-]{subsubsection.5.2.2}{\376\377\000P\000i\000v\000o\000t\000e\000o\000\040\000y\000\040\000e\000s\000c\000a\000l\000a\000m\000i\000e\000n\000t\000o}{subsection.5.2}% 34
\BOOKMARK [2][-]{subsection.5.3}{\376\377\000G\000a\000u\000s\000s\040\023\000J\000o\000r\000d\000a\000n\000\040\000y\000\040\000c\000\341\000l\000c\000u\000l\000o\000\040\000d\000e\000\040\000i\000n\000v\000e\000r\000s\000a\000s}{section.5}% 35
\BOOKMARK [3][-]{subsubsection.5.3.1}{\376\377\000G\000a\000u\000s\000s\040\023\000J\000o\000r\000d\000a\000n\000\040\000e\000\040\000i\000n\000v\000e\000r\000s\000a\000s}{subsection.5.3}% 36
\BOOKMARK [2][-]{subsection.5.4}{\376\377\000F\000a\000c\000t\000o\000r\000i\000z\000a\000c\000i\000\363\000n\000\040\000L\000U}{section.5}% 37
\BOOKMARK [3][-]{subsubsection.5.4.1}{\376\377\000M\000\351\000t\000o\000d\000o\000\040\000c\000o\000n\000\040\000p\000e\000r\000m\000u\000t\000a\000c\000i\000o\000n\000e\000s}{subsection.5.4}% 38
\BOOKMARK [3][-]{subsubsection.5.4.2}{\376\377\000F\000a\000c\000t\000o\000r\000i\000z\000a\000c\000i\000\363\000n\000\040\000d\000e\000\040\000C\000h\000o\000l\000e\000s\000k\000y}{subsection.5.4}% 39
\BOOKMARK [3][-]{subsubsection.5.4.3}{\376\377\000F\000a\000c\000t\000o\000r\000i\000z\000a\000c\000i\000\363\000n\000\040\000d\000e\000\040\000D\000o\000o\000l\000i\000t\000t\000l\000e}{subsection.5.4}% 40
\BOOKMARK [2][-]{subsection.5.5}{\376\377\000D\000e\000s\000c\000o\000m\000p\000o\000s\000i\000c\000i\000\363\000n\000\040\000d\000e\000\040\000A}{section.5}% 41
\BOOKMARK [3][-]{subsubsection.5.5.1}{\376\377\000M\000\351\000t\000o\000d\000o\000\040\000d\000e\000\040\000J\000a\000c\000o\000b\000i}{subsection.5.5}% 42
\BOOKMARK [3][-]{subsubsection.5.5.2}{\376\377\000M\000\351\000t\000o\000d\000o\000\040\000d\000e\000\040\000G\000a\000u\000s\000s\040\023\000S\000e\000i\000d\000e\000l}{subsection.5.5}% 43
\BOOKMARK [3][-]{subsubsection.5.5.3}{\376\377\000M\000\351\000t\000o\000d\000o\000\040\000S\000O\000R\000\040\000\050\000S\000u\000c\000c\000e\000s\000s\000i\000v\000e\000\040\000O\000v\000e\000r\000-\000R\000e\000l\000a\000x\000a\000t\000i\000o\000n\000\051}{subsection.5.5}% 44
\BOOKMARK [3][-]{subsubsection.5.5.4}{\376\377\000D\000e\000s\000c\000o\000m\000p\000o\000s\000i\000c\000i\000\363\000n\000\040\000d\000e\000\040\000l\000a\000\040\000m\000a\000t\000r\000i\000z}{subsection.5.5}% 45
\BOOKMARK [3][-]{subsubsection.5.5.5}{\376\377\000M\000\351\000t\000o\000d\000o\000\040\000d\000e\000\040\000J\000a\000c\000o\000b\000i}{subsection.5.5}% 46
\BOOKMARK [3][-]{subsubsection.5.5.6}{\376\377\000M\000\351\000t\000o\000d\000o\000\040\000d\000e\000\040\000G\000a\000u\000s\000s\040\023\000S\000e\000i\000d\000e\000l}{subsection.5.5}% 47
\BOOKMARK [3][-]{subsubsection.5.5.7}{\376\377\000C\000o\000n\000d\000i\000c\000i\000o\000n\000e\000s\000\040\000d\000e\000\040\000c\000o\000n\000v\000e\000r\000g\000e\000n\000c\000i\000a}{subsection.5.5}% 48
\BOOKMARK [2][-]{subsection.5.6}{\376\377\000E\000j\000e\000r\000c\000i\000c\000i\000o\000s\000\040\000S\000E\000L}{section.5}% 49
\BOOKMARK [1][-]{section.6}{\376\377\000R\000a\000\355\000c\000e\000s\000\040\000d\000e\000\040\000F\000u\000n\000c\000i\000o\000n\000e\000s}{}% 50
\BOOKMARK [2][-]{subsection.6.1}{\376\377\000M\000\351\000t\000o\000d\000o\000\040\000d\000e\000\040\000B\000i\000s\000e\000c\000c\000i\000\363\000n}{section.6}% 51
\BOOKMARK [3][-]{subsubsection.6.1.1}{\376\377\000E\000j\000e\000m\000p\000l\000o\000s}{subsection.6.1}% 52
\BOOKMARK [3][-]{subsubsection.6.1.2}{\376\377\000I\000m\000p\000l\000e\000m\000e\000n\000t\000a\000c\000i\000o\000n\000e\000s\000\040\000n\000u\000m\000\351\000r\000i\000c\000a\000s}{subsection.6.1}% 53
\BOOKMARK [2][-]{subsection.6.2}{\376\377\000M\000\351\000t\000o\000d\000o\000\040\000d\000e\000\040\000l\000a\000\040\000S\000e\000c\000a\000n\000t\000e}{section.6}% 54
\BOOKMARK [2][-]{subsection.6.3}{\376\377\000M\000\351\000t\000o\000d\000o\000\040\000d\000e\000\040\000N\000e\000w\000t\000o\000n\000-\000R\000a\000p\000h\000s\000o\000n}{section.6}% 55
\BOOKMARK [2][-]{subsection.6.4}{\376\377\000M\000\351\000t\000o\000d\000o\000\040\000d\000e\000l\000\040\000p\000u\000n\000t\000o\000\040\000f\000i\000j\000o}{section.6}% 56
\BOOKMARK [2][-]{subsection.6.5}{\376\377\000E\000j\000e\000r\000c\000i\000c\000i\000o\000s}{section.6}% 57
\BOOKMARK [3][-]{subsubsection.6.5.1}{\376\377\000M\000\351\000t\000o\000d\000o\000\040\000d\000e\000\040\000B\000i\000s\000e\000c\000c\000i\000\363\000n}{subsection.6.5}% 58
\BOOKMARK [3][-]{subsubsection.6.5.2}{\376\377\000M\000\351\000t\000o\000d\000o\000\040\000d\000e\000\040\000l\000a\000\040\000S\000e\000c\000a\000n\000t\000e}{subsection.6.5}% 59
\BOOKMARK [3][-]{subsubsection.6.5.3}{\376\377\000M\000\351\000t\000o\000d\000o\000\040\000d\000e\000\040\000N\000e\000w\000t\000o\000n}{subsection.6.5}% 60
\BOOKMARK [3][-]{subsubsection.6.5.4}{\376\377\000M\000\351\000t\000o\000d\000o\000\040\000d\000e\000l\000\040\000P\000u\000n\000t\000o\000\040\000F\000i\000j\000o}{subsection.6.5}% 61
\BOOKMARK [3][-]{subsubsection.6.5.5}{\376\377\000P\000a\000r\000a\000\040\000i\000m\000p\000r\000e\000s\000i\000\363\000n}{subsection.6.5}% 62
\BOOKMARK [3][-]{subsubsection.6.5.6}{\376\377\000P\000u\000n\000t\000o\000\040\000f\000i\000j\000o}{subsection.6.5}% 63
\BOOKMARK [3][-]{subsubsection.6.5.7}{\376\377\000N\000e\000w\000t\000o\000n\000-\000R\000a\000p\000h\000s\000o\000n}{subsection.6.5}% 64
\BOOKMARK [3][-]{subsubsection.6.5.8}{\376\377\000B\000i\000s\000e\000c\000c\000i\000\363\000n}{subsection.6.5}% 65
\BOOKMARK [3][-]{subsubsection.6.5.9}{\376\377\000S\000e\000c\000a\000n\000t\000e}{subsection.6.5}% 66
\BOOKMARK [2][-]{subsection.6.6}{\376\377\000T\000a\000r\000e\000a\000\040\000p\000a\000r\000a\000\040\000e\000l\000\040\000p\000o\000r\000t\000a\000f\000o\000l\000i\000o}{section.6}% 67
\BOOKMARK [1][-]{section.7}{\376\377\000I\000n\000t\000e\000r\000p\000o\000l\000a\000c\000i\000\363\000n\000\040\000N\000u\000m\000\351\000r\000i\000c\000a}{}% 68
\BOOKMARK [2][-]{subsection.7.1}{\376\377\000C\000o\000n\000c\000e\000p\000t\000o\000s\000\040\000F\000u\000n\000d\000a\000m\000e\000n\000t\000a\000l\000e\000s}{section.7}% 69
\BOOKMARK [2][-]{subsection.7.2}{\376\377\000F\000o\000r\000m\000a\000\040\000G\000e\000n\000e\000r\000a\000l\000\040\000d\000e\000l\000\040\000P\000o\000l\000i\000n\000o\000m\000i\000o\000\040\000I\000n\000t\000e\000r\000p\000o\000l\000a\000n\000t\000e}{section.7}% 70
\BOOKMARK [2][-]{subsection.7.3}{\376\377\000I\000n\000t\000e\000r\000p\000o\000l\000a\000c\000i\000\363\000n\000\040\000d\000e\000\040\000L\000a\000g\000r\000a\000n\000g\000e}{section.7}% 71
\BOOKMARK [2][-]{subsection.7.4}{\376\377\000I\000n\000t\000e\000r\000p\000o\000l\000a\000c\000i\000\363\000n\000\040\000d\000e\000\040\000N\000e\000w\000t\000o\000n\040\023\000D\000i\000f\000e\000r\000e\000n\000c\000i\000a\000s\000\040\000F\000i\000n\000i\000t\000a\000s}{section.7}% 72
\BOOKMARK [2][-]{subsection.7.5}{\376\377\000P\000o\000l\000i\000n\000o\000m\000i\000o\000\040\000d\000e\000\040\000N\000e\000w\000t\000o\000n}{section.7}% 73
\BOOKMARK [3][-]{subsubsection.7.5.1}{\376\377\000E\000j\000e\000m\000p\000l\000o\000s\000\040\000d\000e\000l\000\040\000m\000\351\000t\000o\000d\000o\000\040\000d\000e\000\040\000N\000e\000w\000t\000o\000n\000\040\000c\000o\000n\000\040\000d\000i\000f\000e\000r\000e\000n\000c\000i\000a\000s\000\040\000f\000i\000n\000i\000t\000a\000s}{subsection.7.5}% 74
\BOOKMARK [2][-]{subsection.7.6}{\376\377\000S\000p\000l\000i\000n\000e\000s}{section.7}% 75
\BOOKMARK [2][-]{subsection.7.7}{\376\377\000E\000r\000r\000o\000r\000\040\000d\000e\000\040\000I\000n\000t\000e\000r\000p\000o\000l\000a\000c\000i\000\363\000n}{section.7}% 76
\BOOKMARK [2][-]{subsection.7.8}{\376\377\000E\000j\000e\000r\000c\000i\000c\000i\000o\000s\000\040}{section.7}% 77
\BOOKMARK [2][-]{subsection.7.9}{\376\377\000I\000m\000p\000l\000e\000m\000e\000n\000t\000a\000c\000i\000o\000n\000e\000s\000\040\000C\000o\000m\000p\000u\000t\000a\000c\000i\000o\000n\000a\000l\000e\000s}{section.7}% 78
\BOOKMARK [1][-]{section.8}{\376\377\000S\000o\000l\000u\000c\000i\000\363\000n\000\040\000n\000u\000m\000\351\000r\000i\000c\000a\000\040\000d\000e\000\040\000E\000c\000u\000a\000c\000i\000o\000n\000e\000s\000\040\000D\000i\000f\000e\000r\000e\000n\000c\000i\000a\000l\000e\000s}{}% 79
\BOOKMARK [2][-]{subsection.8.1}{\376\377\000M\000\351\000t\000o\000d\000o\000\040\000d\000e\000\040\000E\000u\000l\000e\000r\000\040\000\050\000e\000x\000p\000l\000\355\000c\000i\000t\000o\000\051}{section.8}% 80
\BOOKMARK [2][-]{subsection.8.2}{\376\377\000M\000\351\000t\000o\000d\000o\000\040\000d\000e\000\040\000E\000u\000l\000e\000r\000\040\000M\000e\000j\000o\000r\000a\000d\000o\000\040\000\050\000H\000e\000u\000n\000\051}{section.8}% 81
\BOOKMARK [2][-]{subsection.8.3}{\376\377\000M\000\351\000t\000o\000d\000o\000\040\000d\000e\000\040\000R\000u\000n\000g\000e\040\023\000K\000u\000t\000t\000a\000\040\000d\000e\000\040\000c\000u\000a\000r\000t\000o\000\040\000o\000r\000d\000e\000n\000\040\000\050\000R\000K\0004\000\051}{section.8}% 82
\BOOKMARK [2][-]{subsection.8.4}{\376\377\000M\000\351\000t\000o\000d\000o\000\040\000d\000e\000\040\000E\000u\000l\000e\000r\000\040\000i\000m\000p\000l\000\355\000c\000i\000t\000o}{section.8}% 83
\BOOKMARK [2][-]{subsection.8.5}{\376\377\000E\000j\000e\000r\000c\000i\000c\000i\000o\000s\000\040\000p\000r\000o\000p\000u\000e\000s\000t\000o\000s}{section.8}% 84
\BOOKMARK [1][-]{section.9}{\376\377\000T\000a\000r\000e\000a\000s\000\040\000d\000e\000l\000\040\000c\000u\000r\000s\000o}{}% 85
\BOOKMARK [1][-]{section.10}{\376\377\000A\000p\000e\000n\000d\000i\000c\000e\000\040\000A\000:\000\040\000B\000r\000e\000v\000e\000\040\000h\000i\000s\000t\000o\000r\000i\000a\000\040\000d\000e\000\040\000l\000o\000s\000\040\000M\000\351\000t\000o\000d\000o\000s\000\040\000N\000u\000m\000\351\000r\000i\000c\000o\000s}{}% 86
\BOOKMARK [1][-]{section.11}{\376\377\000I\000n\000t\000r\000o\000d\000u\000c\000c\000i\000\363\000n\000\040\000a\000l\000\040\000u\000s\000o\000\040\000d\000e\000\040\000R}{}% 87
\BOOKMARK [2][-]{subsection.11.1}{\376\377\000S\000e\000s\000i\000o\000n\000e\000s\000\040\000e\000n\000\040\000R\000S\000t\000u\000d\000i\000o}{section.11}% 88
\BOOKMARK [2][-]{subsection.11.2}{\376\377\000U\000s\000o\000\040\000d\000e\000\040\000R}{section.11}% 89
\BOOKMARK [2][-]{subsection.11.3}{\376\377\000F\000u\000n\000c\000i\000o\000n\000e\000s}{section.11}% 90
\BOOKMARK [2][-]{subsection.11.4}{\376\377\000C\000l\000a\000s\000e\000\040\000e\000n\000\040\000L\000a\000b\000o\000r\000a\000t\000o\000r\000i\000o\000\040\000d\000e\000\040\000C\000\363\000m\000p\000u\000t\000o}{section.11}% 91
\BOOKMARK [2][-]{subsection.11.5}{\376\377\000O\000p\000e\000r\000a\000d\000o\000r\000e\000s\000\040\000l\000\363\000g\000i\000c\000o\000s}{section.11}% 92
\BOOKMARK [2][-]{subsection.11.6}{\376\377\000O\000P\000E\000R\000A\000D\000O\000R\000E\000S\000\040\000A\000R\000I\000T\000M\000E\000T\000I\000C\000O\000S}{section.11}% 93
\BOOKMARK [3][-]{subsubsection.11.6.1}{\376\377\000S\000U\000M\000A\000,\000\040\000R\000E\000S\000T\000A\000,\000\040\000M\000U\000L\000T\000I\000P\000L\000I\000C\000A\000C\000I\000O\000N\000,\000\040\000D\000I\000V\000I\000S\000I\000O\000N\000,\000\040\000P\000O\000T\000E\000N\000C\000I\000A\000,\000\040\000M\000O\000D\000U\000L\000O\000,\000\040\000D\000I\000V\000I\000S\000I\000O\000N\000\040\000E\000N\000T\000E\000R\000A}{subsection.11.6}% 94
\BOOKMARK [3][-]{subsubsection.11.6.2}{\376\377\000L\000O\000G\000A\000R\000I\000T\000M\000O\000S\000\040\000Y\000\040\000E\000X\000P\000O\000N\000E\000N\000C\000I\000A\000L\000E\000S}{subsection.11.6}% 95
\BOOKMARK [3][-]{subsubsection.11.6.3}{\376\377\000F\000U\000N\000C\000I\000O\000N\000E\000S\000\040\000T\000R\000I\000G\000O\000N\000O\000M\000E\000T\000R\000I\000C\000A\000S}{subsection.11.6}% 96
\BOOKMARK [3][-]{subsubsection.11.6.4}{\376\377\000F\000U\000N\000C\000I\000O\000N\000E\000S\000\040\000V\000A\000R\000I\000A\000S}{subsection.11.6}% 97
\BOOKMARK [3][-]{subsubsection.11.6.5}{\376\377\000E\000J\000E\000R\000C\000I\000C\000I\000O\000S\000\040\000D\000E\000\040\000P\000R\000A\000C\000T\000I\000C\000A}{subsection.11.6}% 98
\BOOKMARK [2][-]{subsection.11.7}{\376\377\000E\000J\000E\000R\000C\000I\000C\000I\000O\000S\000\040\000D\000E\000\040\000P\000R\000A\000C\000T\000I\000C\000A}{section.11}% 99
\BOOKMARK [3][-]{subsubsection.11.7.1}{\376\377\000D\000E\000F\000I\000N\000I\000C\000I\000O\000N\000\040\000D\000E\000\040\000C\000O\000N\000S\000T\000A\000N\000T\000E\000S}{subsection.11.7}% 100
\BOOKMARK [3][-]{subsubsection.11.7.2}{\376\377\000C\000O\000N\000C\000A\000T\000E\000N\000A\000R\000\040\000Y\000\040\000P\000E\000G\000A\000R\000\040\000E\000X\000P\000R\000E\000S\000I\000O\000N\000E\000S}{subsection.11.7}% 101
\BOOKMARK [3][-]{subsubsection.11.7.3}{\376\377\000A\000S\000I\000G\000N\000A\000C\000I\000O\000N\000\040\000E\000\040\000I\000M\000P\000R\000E\000S\000I\000O\000N}{subsection.11.7}% 102
\BOOKMARK [3][-]{subsubsection.11.7.4}{\376\377\000L\000I\000S\000T\000A\000D\000O\000\040\000D\000E\000\040\000O\000B\000J\000E\000T\000O\000S\000\040\000D\000E\000F\000I\000N\000I\000D\000O\000S}{subsection.11.7}% 103
\BOOKMARK [3][-]{subsubsection.11.7.5}{\376\377\000I\000M\000P\000R\000I\000M\000I\000R\000\040\000P\000E\000G\000A\000R\000\040\000A\000V\000A\000N\000Z\000A\000D\000O}{subsection.11.7}% 104
\BOOKMARK [3][-]{subsubsection.11.7.6}{\376\377\000E\000J\000E\000R\000C\000I\000C\000I\000O\000S\000\040\000D\000E\000\040\000P\000R\000A\000C\000T\000I\000C\000A}{subsection.11.7}% 105
\BOOKMARK [3][-]{subsubsection.11.7.7}{\376\377\000D\000E\000F\000I\000N\000I\000C\000I\000O\000N\000\040\000D\000E\000\040\000F\000U\000N\000C\000I\000O\000N\000E\000S}{subsection.11.7}% 106
\BOOKMARK [3][-]{subsubsection.11.7.8}{\376\377\000E\000j\000e\000m\000p\000l\000o\000\040\0001}{subsection.11.7}% 107
\BOOKMARK [3][-]{subsubsection.11.7.9}{\376\377\000E\000j\000e\000m\000p\000l\000o\000\040\0002}{subsection.11.7}% 108
\BOOKMARK [3][-]{subsubsection.11.7.10}{\376\377\000G\000R\000A\000F\000I\000C\000A\000S}{subsection.11.7}% 109
\BOOKMARK [3][-]{subsubsection.11.7.11}{\376\377\000E\000J\000E\000M\000P\000L\000O\000S\000\040\000D\000E\000\040\000P\000R\000A\000C\000T\000I\000C\000A}{subsection.11.7}% 110
\BOOKMARK [2][-]{subsection.11.8}{\376\377\000I\000n\000t\000r\000o\000d\000u\000c\000c\000i\000\363\000n\000\040\000a\000\040\000F\000a\000c\000t\000o\000r\000i\000z\000a\000c\000i\000\363\000n\000\040\000L\000U}{section.11}% 111
\BOOKMARK [3][-]{subsubsection.11.8.1}{\376\377\000I\000n\000v\000e\000r\000s\000a\000\040\000d\000e\000\040\000u\000n\000a\000\040\000m\000a\000t\000r\000i\000z}{subsection.11.8}% 112
\BOOKMARK [3][-]{subsubsection.11.8.2}{\376\377\000F\000a\000c\000t\000o\000r\000i\000z\000a\000c\000i\000\363\000n\000\040\000L\000U}{subsection.11.8}% 113
\BOOKMARK [3][-]{subsubsection.11.8.3}{\376\377\000N\000o\000t\000a\000s\000\040\000i\000m\000p\000o\000r\000t\000a\000n\000t\000e\000s}{subsection.11.8}% 114
\BOOKMARK [2][-]{subsection.11.9}{\376\377\000M\000\351\000t\000o\000d\000o\000s\000\040\000d\000e\000\040\000E\000l\000i\000m\000i\000n\000a\000c\000i\000\363\000n\000\040\000d\000i\000r\000e\000c\000t\000a}{section.11}% 115
\BOOKMARK [3][-]{subsubsection.11.9.1}{\376\377\000G\000a\000u\000s\000s\000i\000a\000n\000a\000\040\000S\000i\000m\000p\000l\000e}{subsection.11.9}% 116
\BOOKMARK [3][-]{subsubsection.11.9.2}{\376\377\000G\000a\000u\000s\000s\000i\000a\000n\000a\000\040\000c\000o\000n\000\040\000p\000i\000v\000o\000t\000e\000o\000\040\000p\000a\000r\000c\000i\000a\000l}{subsection.11.9}% 117
\BOOKMARK [3][-]{subsubsection.11.9.3}{\376\377\000G\000a\000u\000s\000s\000\040\000J\000o\000r\000d\000a\000n}{subsection.11.9}% 118
\BOOKMARK [3][-]{subsubsection.11.9.4}{\376\377\000C\000\341\000l\000c\000u\000l\000o\000\040\000d\000e\000\040\000I\000n\000v\000e\000r\000s\000a}{subsection.11.9}% 119
\BOOKMARK [3][-]{subsubsection.11.9.5}{\376\377\000F\000a\000c\000t\000o\000r\000i\000z\000a\000c\000i\000\363\000n\000\040\000L\000U}{subsection.11.9}% 120
\BOOKMARK [3][-]{subsubsection.11.9.6}{\376\377\000R\000e\000s\000o\000l\000u\000c\000i\000o\000n\000\040\000c\000o\000n\000\040\000p\000i\000v\000o\000t\000e\000o}{subsection.11.9}% 121
\BOOKMARK [3][-]{subsubsection.11.9.7}{\376\377\000F\000a\000c\000t\000o\000r\000i\000z\000a\000c\000i\000\363\000n\000\040\000d\000e\000\040\000C\000h\000o\000l\000e\000s\000k\000y}{subsection.11.9}% 122
\BOOKMARK [3][-]{subsubsection.11.9.8}{\376\377\000S\000o\000l\000u\000c\000i\000\363\000n\000\040\000v\000\355\000a\000\040\000C\000h\000o\000l\000e\000s\000k\000y}{subsection.11.9}% 123
\BOOKMARK [2][-]{subsection.11.10}{\376\377\000M\000\351\000t\000o\000d\000o\000s\000\040\000I\000t\000e\000r\000a\000t\000i\000v\000o\000s}{section.11}% 124
\BOOKMARK [3][-]{subsubsection.11.10.1}{\376\377\000G\000a\000u\000s\000s\000\040\000J\000a\000c\000o\000b\000i}{subsection.11.10}% 125
\BOOKMARK [3][-]{subsubsection.11.10.2}{\376\377\000G\000a\000u\000s\000s\000\040\000S\000e\000i\000d\000e\000l}{subsection.11.10}% 126
\BOOKMARK [2][-]{subsection.11.11}{\376\377\000C\000l\000a\000s\000e\000s}{section.11}% 127
\BOOKMARK [3][-]{subsubsection.11.11.1}{\376\377\000M\000\351\000t\000o\000d\000o\000s\000\040\000I\000t\000e\000r\000a\000t\000i\000v\000o\000s}{subsection.11.11}% 128
\BOOKMARK [3][-]{subsubsection.11.11.2}{\376\377\000G\000a\000u\000s\000s\000-\000J\000a\000c\000o\000b\000i}{subsection.11.11}% 129
\BOOKMARK [3][-]{subsubsection.11.11.3}{\376\377\000G\000a\000u\000s\000s\000-\000S\000e\000i\000d\000e\000l}{subsection.11.11}% 130
