This is pdfTeX, Version 3.141592653-2.6-1.40.26 (TeX Live 2024) (preloaded format=pdflatex 2024.11.10)  4 DEC 2025 00:00
entering extended mode
 restricted \write18 enabled.
 file:line:error style messages enabled.
 %&-line parsing enabled.
**NotasCursoMetodosNumericos.tex
(./NotasCursoMetodosNumericos.tex
LaTeX2e <2023-11-01> patch level 1
L3 programming layer <2024-02-20>
(/usr/local/texlive/2024/texmf-dist/tex/latex/base/report.cls
Document Class: report 2023/05/17 v1.4n Standard LaTeX document class
(/usr/local/texlive/2024/texmf-dist/tex/latex/base/size12.clo
File: size12.clo 2023/05/17 v1.4n Standard LaTeX file (size option)
)
\c@part=\count188
\c@chapter=\count189
\c@section=\count190
\c@subsection=\count191
\c@subsubsection=\count192
\c@paragraph=\count193
\c@subparagraph=\count194
\c@figure=\count195
\c@table=\count196
\abovecaptionskip=\skip48
\belowcaptionskip=\skip49
\bibindent=\dimen140
)
(/usr/local/texlive/2024/texmf-dist/tex/latex/base/inputenc.sty
Package: inputenc 2021/02/14 v1.3d Input encoding file
\inpenc@prehook=\toks17
\inpenc@posthook=\toks18
)
(/usr/local/texlive/2024/texmf-dist/tex/generic/babel/babel.sty
Package: babel 2024/02/07 v24.2 The Babel package
\babel@savecnt=\count197
\U@D=\dimen141
\l@unhyphenated=\language89

(/usr/local/texlive/2024/texmf-dist/tex/generic/babel/txtbabel.def)
\bbl@readstream=\read2
\bbl@dirlevel=\count198

(/usr/local/texlive/2024/texmf-dist/tex/generic/babel-spanish/spanish.ldf
Language: spanish.ldf 2021/05/27 v5.0q Spanish support from the babel system
\es@quottoks=\toks19
\es@quotdepth=\count199
Package babel Info: Making " an active character on input line 570.
Package babel Info: Making . an active character on input line 675.
Package babel Info: Making < an active character on input line 722.
Package babel Info: Making > an active character on input line 722.
))
(/usr/local/texlive/2024/texmf-dist/tex/generic/babel/locale/es/babel-spanish.t
ex
Package babel Info: Importing font and identification data for spanish
(babel)             from babel-es.ini. Reported on input line 11.
) (/usr/local/texlive/2024/texmf-dist/tex/latex/geometry/geometry.sty
Package: geometry 2020/01/02 v5.9 Page Geometry

(/usr/local/texlive/2024/texmf-dist/tex/latex/graphics/keyval.sty
Package: keyval 2022/05/29 v1.15 key=value parser (DPC)
\KV@toks@=\toks20
)
(/usr/local/texlive/2024/texmf-dist/tex/generic/iftex/ifvtex.sty
Package: ifvtex 2019/10/25 v1.7 ifvtex legacy package. Use iftex instead.

(/usr/local/texlive/2024/texmf-dist/tex/generic/iftex/iftex.sty
Package: iftex 2022/02/03 v1.0f TeX engine tests
))
\Gm@cnth=\count266
\Gm@cntv=\count267
\c@Gm@tempcnt=\count268
\Gm@bindingoffset=\dimen142
\Gm@wd@mp=\dimen143
\Gm@odd@mp=\dimen144
\Gm@even@mp=\dimen145
\Gm@layoutwidth=\dimen146
\Gm@layoutheight=\dimen147
\Gm@layouthoffset=\dimen148
\Gm@layoutvoffset=\dimen149
\Gm@dimlist=\toks21
)
(/usr/local/texlive/2024/texmf-dist/tex/latex/amsmath/amsmath.sty
Package: amsmath 2023/05/13 v2.17o AMS math features
\@mathmargin=\skip50

For additional information on amsmath, use the `?' option.
(/usr/local/texlive/2024/texmf-dist/tex/latex/amsmath/amstext.sty
Package: amstext 2021/08/26 v2.01 AMS text

(/usr/local/texlive/2024/texmf-dist/tex/latex/amsmath/amsgen.sty
File: amsgen.sty 1999/11/30 v2.0 generic functions
\@emptytoks=\toks22
\ex@=\dimen150
))
(/usr/local/texlive/2024/texmf-dist/tex/latex/amsmath/amsbsy.sty
Package: amsbsy 1999/11/29 v1.2d Bold Symbols
\pmbraise@=\dimen151
)
(/usr/local/texlive/2024/texmf-dist/tex/latex/amsmath/amsopn.sty
Package: amsopn 2022/04/08 v2.04 operator names
)
\inf@bad=\count269
LaTeX Info: Redefining \frac on input line 234.
\uproot@=\count270
\leftroot@=\count271
LaTeX Info: Redefining \overline on input line 399.
LaTeX Info: Redefining \colon on input line 410.
\classnum@=\count272
\DOTSCASE@=\count273
LaTeX Info: Redefining \ldots on input line 496.
LaTeX Info: Redefining \dots on input line 499.
LaTeX Info: Redefining \cdots on input line 620.
\Mathstrutbox@=\box51
\strutbox@=\box52
LaTeX Info: Redefining \big on input line 722.
LaTeX Info: Redefining \Big on input line 723.
LaTeX Info: Redefining \bigg on input line 724.
LaTeX Info: Redefining \Bigg on input line 725.
\big@size=\dimen152
LaTeX Font Info:    Redeclaring font encoding OML on input line 743.
LaTeX Font Info:    Redeclaring font encoding OMS on input line 744.
\macc@depth=\count274
LaTeX Info: Redefining \bmod on input line 905.
LaTeX Info: Redefining \pmod on input line 910.
LaTeX Info: Redefining \smash on input line 940.
LaTeX Info: Redefining \relbar on input line 970.
LaTeX Info: Redefining \Relbar on input line 971.
\c@MaxMatrixCols=\count275
\dotsspace@=\muskip16
\c@parentequation=\count276
\dspbrk@lvl=\count277
\tag@help=\toks23
\row@=\count278
\column@=\count279
\maxfields@=\count280
\andhelp@=\toks24
\eqnshift@=\dimen153
\alignsep@=\dimen154
\tagshift@=\dimen155
\tagwidth@=\dimen156
\totwidth@=\dimen157
\lineht@=\dimen158
\@envbody=\toks25
\multlinegap=\skip51
\multlinetaggap=\skip52
\mathdisplay@stack=\toks26
LaTeX Info: Redefining \[ on input line 2953.
LaTeX Info: Redefining \] on input line 2954.
)
(/usr/local/texlive/2024/texmf-dist/tex/latex/amsfonts/amssymb.sty
Package: amssymb 2013/01/14 v3.01 AMS font symbols

(/usr/local/texlive/2024/texmf-dist/tex/latex/amsfonts/amsfonts.sty
Package: amsfonts 2013/01/14 v3.01 Basic AMSFonts support
\symAMSa=\mathgroup4
\symAMSb=\mathgroup5
LaTeX Font Info:    Redeclaring math symbol \hbar on input line 98.
LaTeX Font Info:    Overwriting math alphabet `\mathfrak' in version `bold'
(Font)                  U/euf/m/n --> U/euf/b/n on input line 106.
))
(/usr/local/texlive/2024/texmf-dist/tex/latex/amscls/amsthm.sty
Package: amsthm 2020/05/29 v2.20.6
\thm@style=\toks27
\thm@bodyfont=\toks28
\thm@headfont=\toks29
\thm@notefont=\toks30
\thm@headpunct=\toks31
\thm@preskip=\skip53
\thm@postskip=\skip54
\thm@headsep=\skip55
\dth@everypar=\toks32
)
(/usr/local/texlive/2024/texmf-dist/tex/latex/hyperref/hyperref.sty
Package: hyperref 2024-01-20 v7.01h Hypertext links for LaTeX

(/usr/local/texlive/2024/texmf-dist/tex/latex/kvsetkeys/kvsetkeys.sty
Package: kvsetkeys 2022-10-05 v1.19 Key value parser (HO)
)
(/usr/local/texlive/2024/texmf-dist/tex/generic/kvdefinekeys/kvdefinekeys.sty
Package: kvdefinekeys 2019-12-19 v1.6 Define keys (HO)
)
(/usr/local/texlive/2024/texmf-dist/tex/generic/pdfescape/pdfescape.sty
Package: pdfescape 2019/12/09 v1.15 Implements pdfTeX's escape features (HO)

(/usr/local/texlive/2024/texmf-dist/tex/generic/ltxcmds/ltxcmds.sty
Package: ltxcmds 2023-12-04 v1.26 LaTeX kernel commands for general use (HO)
)
(/usr/local/texlive/2024/texmf-dist/tex/generic/pdftexcmds/pdftexcmds.sty
Package: pdftexcmds 2020-06-27 v0.33 Utility functions of pdfTeX for LuaTeX (HO
)

(/usr/local/texlive/2024/texmf-dist/tex/generic/infwarerr/infwarerr.sty
Package: infwarerr 2019/12/03 v1.5 Providing info/warning/error messages (HO)
)
Package pdftexcmds Info: \pdf@primitive is available.
Package pdftexcmds Info: \pdf@ifprimitive is available.
Package pdftexcmds Info: \pdfdraftmode found.
))
(/usr/local/texlive/2024/texmf-dist/tex/latex/hycolor/hycolor.sty
Package: hycolor 2020-01-27 v1.10 Color options for hyperref/bookmark (HO)
)
(/usr/local/texlive/2024/texmf-dist/tex/latex/auxhook/auxhook.sty
Package: auxhook 2019-12-17 v1.6 Hooks for auxiliary files (HO)
)
(/usr/local/texlive/2024/texmf-dist/tex/latex/hyperref/nameref.sty
Package: nameref 2023-11-26 v2.56 Cross-referencing by name of section

(/usr/local/texlive/2024/texmf-dist/tex/latex/refcount/refcount.sty
Package: refcount 2019/12/15 v3.6 Data extraction from label references (HO)
)
(/usr/local/texlive/2024/texmf-dist/tex/generic/gettitlestring/gettitlestring.s
ty
Package: gettitlestring 2019/12/15 v1.6 Cleanup title references (HO)
 (/usr/local/texlive/2024/texmf-dist/tex/latex/kvoptions/kvoptions.sty
Package: kvoptions 2022-06-15 v3.15 Key value format for package options (HO)
))
\c@section@level=\count281
)
(/usr/local/texlive/2024/texmf-dist/tex/latex/etoolbox/etoolbox.sty
Package: etoolbox 2020/10/05 v2.5k e-TeX tools for LaTeX (JAW)
\etb@tempcnta=\count282
)
\@linkdim=\dimen159
\Hy@linkcounter=\count283
\Hy@pagecounter=\count284

(/usr/local/texlive/2024/texmf-dist/tex/latex/hyperref/pd1enc.def
File: pd1enc.def 2024-01-20 v7.01h Hyperref: PDFDocEncoding definition (HO)
Now handling font encoding PD1 ...
... no UTF-8 mapping file for font encoding PD1
)
(/usr/local/texlive/2024/texmf-dist/tex/generic/intcalc/intcalc.sty
Package: intcalc 2019/12/15 v1.3 Expandable calculations with integers (HO)
)
\Hy@SavedSpaceFactor=\count285

(/usr/local/texlive/2024/texmf-dist/tex/latex/hyperref/puenc.def
File: puenc.def 2024-01-20 v7.01h Hyperref: PDF Unicode definition (HO)
Now handling font encoding PU ...
... no UTF-8 mapping file for font encoding PU
)
Package hyperref Info: Hyper figures OFF on input line 4179.
Package hyperref Info: Link nesting OFF on input line 4184.
Package hyperref Info: Hyper index ON on input line 4187.
Package hyperref Info: Plain pages OFF on input line 4194.
Package hyperref Info: Backreferencing OFF on input line 4199.
Package hyperref Info: Implicit mode ON; LaTeX internals redefined.
Package hyperref Info: Bookmarks ON on input line 4446.
\c@Hy@tempcnt=\count286

(/usr/local/texlive/2024/texmf-dist/tex/latex/url/url.sty
\Urlmuskip=\muskip17
Package: url 2013/09/16  ver 3.4  Verb mode for urls, etc.
)
LaTeX Info: Redefining \url on input line 4784.
\XeTeXLinkMargin=\dimen160

(/usr/local/texlive/2024/texmf-dist/tex/generic/bitset/bitset.sty
Package: bitset 2019/12/09 v1.3 Handle bit-vector datatype (HO)

(/usr/local/texlive/2024/texmf-dist/tex/generic/bigintcalc/bigintcalc.sty
Package: bigintcalc 2019/12/15 v1.5 Expandable calculations on big integers (HO
)
))
\Fld@menulength=\count287
\Field@Width=\dimen161
\Fld@charsize=\dimen162
Package hyperref Info: Hyper figures OFF on input line 6063.
Package hyperref Info: Link nesting OFF on input line 6068.
Package hyperref Info: Hyper index ON on input line 6071.
Package hyperref Info: backreferencing OFF on input line 6078.
Package hyperref Info: Link coloring OFF on input line 6083.
Package hyperref Info: Link coloring with OCG OFF on input line 6088.
Package hyperref Info: PDF/A mode OFF on input line 6093.

(/usr/local/texlive/2024/texmf-dist/tex/latex/base/atbegshi-ltx.sty
Package: atbegshi-ltx 2021/01/10 v1.0c Emulation of the original atbegshi
package with kernel methods
)
\Hy@abspage=\count288
\c@Item=\count289
\c@Hfootnote=\count290
)
Package hyperref Info: Driver (autodetected): hpdftex.

(/usr/local/texlive/2024/texmf-dist/tex/latex/hyperref/hpdftex.def
File: hpdftex.def 2024-01-20 v7.01h Hyperref driver for pdfTeX

(/usr/local/texlive/2024/texmf-dist/tex/latex/base/atveryend-ltx.sty
Package: atveryend-ltx 2020/08/19 v1.0a Emulation of the original atveryend pac
kage
with kernel methods
)
\Fld@listcount=\count291
\c@bookmark@seq@number=\count292

(/usr/local/texlive/2024/texmf-dist/tex/latex/rerunfilecheck/rerunfilecheck.sty
Package: rerunfilecheck 2022-07-10 v1.10 Rerun checks for auxiliary files (HO)

(/usr/local/texlive/2024/texmf-dist/tex/generic/uniquecounter/uniquecounter.sty
Package: uniquecounter 2019/12/15 v1.4 Provide unlimited unique counter (HO)
)
Package uniquecounter Info: New unique counter `rerunfilecheck' on input line 2
85.
)
\Hy@SectionHShift=\skip56
) (/usr/local/texlive/2024/texmf-dist/tex/latex/fancyhdr/fancyhdr.sty
Package: fancyhdr 2022/11/09 v4.1 Extensive control of page headers and footers

\f@nch@headwidth=\skip57
\f@nch@O@elh=\skip58
\f@nch@O@erh=\skip59
\f@nch@O@olh=\skip60
\f@nch@O@orh=\skip61
\f@nch@O@elf=\skip62
\f@nch@O@erf=\skip63
\f@nch@O@olf=\skip64
\f@nch@O@orf=\skip65
)
(/usr/local/texlive/2024/texmf-dist/tex/latex/titlesec/titlesec.sty
Package: titlesec 2023/10/27 v2.16 Sectioning titles
\ttl@box=\box53
\beforetitleunit=\skip66
\aftertitleunit=\skip67
\ttl@plus=\dimen163
\ttl@minus=\dimen164
\ttl@toksa=\toks33
\titlewidth=\dimen165
\titlewidthlast=\dimen166
\titlewidthfirst=\dimen167
)
(/usr/local/texlive/2024/texmf-dist/tex/latex/listings/listings.sty
\lst@mode=\count293
\lst@gtempboxa=\box54
\lst@token=\toks34
\lst@length=\count294
\lst@currlwidth=\dimen168
\lst@column=\count295
\lst@pos=\count296
\lst@lostspace=\dimen169
\lst@width=\dimen170
\lst@newlines=\count297
\lst@lineno=\count298
\lst@maxwidth=\dimen171

(/usr/local/texlive/2024/texmf-dist/tex/latex/listings/lstpatch.sty
File: lstpatch.sty 2024/02/21 1.10 (Carsten Heinz)
)
(/usr/local/texlive/2024/texmf-dist/tex/latex/listings/lstmisc.sty
File: lstmisc.sty 2024/02/21 1.10 (Carsten Heinz)
\c@lstnumber=\count299
\lst@skipnumbers=\count300
\lst@framebox=\box55
)
(/usr/local/texlive/2024/texmf-dist/tex/latex/listings/listings.cfg
File: listings.cfg 2024/02/21 1.10 listings configuration
))
Package: listings 2024/02/21 1.10 (Carsten Heinz)

(/usr/local/texlive/2024/texmf-dist/tex/latex/graphics/graphicx.sty
Package: graphicx 2021/09/16 v1.2d Enhanced LaTeX Graphics (DPC,SPQR)

(/usr/local/texlive/2024/texmf-dist/tex/latex/graphics/graphics.sty
Package: graphics 2022/03/10 v1.4e Standard LaTeX Graphics (DPC,SPQR)

(/usr/local/texlive/2024/texmf-dist/tex/latex/graphics/trig.sty
Package: trig 2021/08/11 v1.11 sin cos tan (DPC)
)
(/usr/local/texlive/2024/texmf-dist/tex/latex/graphics-cfg/graphics.cfg
File: graphics.cfg 2016/06/04 v1.11 sample graphics configuration
)
Package graphics Info: Driver file: pdftex.def on input line 107.

(/usr/local/texlive/2024/texmf-dist/tex/latex/graphics-def/pdftex.def
File: pdftex.def 2022/09/22 v1.2b Graphics/color driver for pdftex
))
\Gin@req@height=\dimen172
\Gin@req@width=\dimen173
)
(/usr/local/texlive/2024/texmf-dist/tex/latex/tools/multicol.sty
Package: multicol 2023/03/30 v1.9f multicolumn formatting (FMi)
\c@tracingmulticols=\count301
\mult@box=\box56
\multicol@leftmargin=\dimen174
\c@unbalance=\count302
\c@collectmore=\count303
\doublecol@number=\count304
\multicoltolerance=\count305
\multicolpretolerance=\count306
\full@width=\dimen175
\page@free=\dimen176
\premulticols=\dimen177
\postmulticols=\dimen178
\multicolsep=\skip68
\multicolbaselineskip=\skip69
\partial@page=\box57
\last@line=\box58
\mc@boxedresult=\box59
\maxbalancingoverflow=\dimen179
\mult@rightbox=\box60
\mult@grightbox=\box61
\mult@firstbox=\box62
\mult@gfirstbox=\box63
\@tempa=\box64
\@tempa=\box65
\@tempa=\box66
\@tempa=\box67
\@tempa=\box68
\@tempa=\box69
\@tempa=\box70
\@tempa=\box71
\@tempa=\box72
\@tempa=\box73
\@tempa=\box74
\@tempa=\box75
\@tempa=\box76
\@tempa=\box77
\@tempa=\box78
\@tempa=\box79
\@tempa=\box80
\@tempa=\box81
\@tempa=\box82
\@tempa=\box83
\@tempa=\box84
\@tempa=\box85
\@tempa=\box86
\@tempa=\box87
\@tempa=\box88
\@tempa=\box89
\@tempa=\box90
\@tempa=\box91
\@tempa=\box92
\@tempa=\box93
\@tempa=\box94
\@tempa=\box95
\@tempa=\box96
\@tempa=\box97
\@tempa=\box98
\@tempa=\box99
\c@minrows=\count307
\c@columnbadness=\count308
\c@finalcolumnbadness=\count309
\last@try=\dimen180
\multicolovershoot=\dimen181
\multicolundershoot=\dimen182
\mult@nat@firstbox=\box100
\colbreak@box=\box101
\mc@col@check@num=\count310
)
(/usr/local/texlive/2024/texmf-dist/tex/latex/multirow/multirow.sty
Package: multirow 2021/03/15 v2.8 Span multiple rows of a table
\multirow@colwidth=\skip70
\multirow@cntb=\count311
\multirow@dima=\skip71
\bigstrutjot=\dimen183
)
(/usr/local/texlive/2024/texmf-dist/tex/latex/graphics/color.sty
Package: color 2022/01/06 v1.3d Standard LaTeX Color (DPC)

(/usr/local/texlive/2024/texmf-dist/tex/latex/graphics-cfg/color.cfg
File: color.cfg 2016/01/02 v1.6 sample color configuration
)
Package color Info: Driver file: pdftex.def on input line 149.

(/usr/local/texlive/2024/texmf-dist/tex/latex/graphics/mathcolor.ltx))
(/usr/local/texlive/2024/texmf-dist/tex/latex/float/float.sty
Package: float 2001/11/08 v1.3d Float enhancements (AL)
\c@float@type=\count312
\float@exts=\toks35
\float@box=\box102
\@float@everytoks=\toks36
\@floatcapt=\box103
)
(/usr/local/texlive/2024/texmf-dist/tex/latex/subfig/subfig.sty
Package: subfig 2005/06/28 ver: 1.3 subfig package

(/usr/local/texlive/2024/texmf-dist/tex/latex/caption/caption.sty
Package: caption 2023/08/05 v3.6o Customizing captions (AR)

(/usr/local/texlive/2024/texmf-dist/tex/latex/caption/caption3.sty
Package: caption3 2023/07/31 v2.4d caption3 kernel (AR)
\caption@tempdima=\dimen184
\captionmargin=\dimen185
\caption@leftmargin=\dimen186
\caption@rightmargin=\dimen187
\caption@width=\dimen188
\caption@indent=\dimen189
\caption@parindent=\dimen190
\caption@hangindent=\dimen191
Package caption Info: Standard document class detected.
)
\c@caption@flags=\count313
\c@continuedfloat=\count314
Package caption Info: float package is loaded.
Package caption Info: hyperref package is loaded.
Package caption Info: listings package is loaded.
)
\c@KVtest=\count315
\sf@farskip=\skip72
\sf@captopadj=\dimen192
\sf@capskip=\skip73
\sf@nearskip=\skip74
\c@subfigure=\count316
\c@subfigure@save=\count317
\c@lofdepth=\count318
\c@subtable=\count319
\c@subtable@save=\count320
\c@lotdepth=\count321
\sf@top=\skip75
\sf@bottom=\skip76
)
(/usr/local/texlive/2024/texmf-dist/tex/latex/graphics/rotating.sty
Package: rotating 2016/08/11 v2.16d rotated objects in LaTeX

(/usr/local/texlive/2024/texmf-dist/tex/latex/base/ifthen.sty
Package: ifthen 2022/04/13 v1.1d Standard LaTeX ifthen package (DPC)
)
\c@r@tfl@t=\count322
\rotFPtop=\skip77
\rotFPbot=\skip78
\rot@float@box=\box104
\rot@mess@toks=\toks37
)
(/usr/local/texlive/2024/texmf-dist/tex/latex/tools/enumerate.sty
Package: enumerate 2023/07/04 v3.00 enumerate extensions (DPC)
\@enLab=\toks38
)
(/usr/local/texlive/2024/texmf-dist/tex/latex/anysize/anysize.sty
Package: anysize 1994/08/13 setting margin sizes

document style option `anysize' loaded
Michael Salzenberg, Thomas Esser, Dirk Hillbrecht
Version 1.0, Aug 13, 1994
\@Leftmargin=\dimen193
\@Rightmargin=\dimen194
\@Topmargin=\dimen195
\@Bottommargin=\dimen196
) (/usr/local/texlive/2024/texmf-dist/tex/latex/imakeidx/imakeidx.sty
Package: imakeidx 2016/10/15 v1.3e Package for typesetting indices in a synchro
nous mode

(/usr/local/texlive/2024/texmf-dist/tex/latex/xkeyval/xkeyval.sty
Package: xkeyval 2022/06/16 v2.9 package option processing (HA)

(/usr/local/texlive/2024/texmf-dist/tex/generic/xkeyval/xkeyval.tex
(/usr/local/texlive/2024/texmf-dist/tex/generic/xkeyval/xkvutils.tex
\XKV@toks=\toks39
\XKV@tempa@toks=\toks40
)
\XKV@depth=\count323
File: xkeyval.tex 2014/12/03 v2.7a key=value parser (HA)
))
(/usr/local/texlive/2024/texmf-dist/tex/generic/iftex/ifxetex.sty
Package: ifxetex 2019/10/25 v0.7 ifxetex legacy package. Use iftex instead.
)
(/usr/local/texlive/2024/texmf-dist/tex/generic/iftex/ifluatex.sty
Package: ifluatex 2019/10/25 v1.5 ifluatex legacy package. Use iftex instead.
))
(/usr/local/texlive/2024/texmf-dist/tex/latex/chngcntr/chngcntr.sty
Package: chngcntr 2018/04/09 v1.1a change counter resetting
Package chngcntr Info: \counterwithout already defined.
(chngcntr)             Quitting chngcntr on input line 21.
)
(/usr/local/texlive/2024/texmf-dist/tex/latex/enumitem/enumitem.sty
Package: enumitem 2019/06/20 v3.9 Customized lists
\labelindent=\skip79
\enit@outerparindent=\dimen197
\enit@toks=\toks41
\enit@inbox=\box105
\enit@count@id=\count324
\enitdp@description=\count325
)
\c@globalitem=\count326
\c@Criterio=\count327
\c@Sup=\count328
\c@Note=\count329
\c@Ejem=\count330
\c@Prop=\count331
\c@Def=\count332
\c@Teo=\count333
\c@Algthm=\count334
\c@Sol=\count335
\c@Ejer=\count336
\c@Quest=\count337
\c@Obs=\count338
\c@Propty=\count339
\c@lem=\count340
\c@Result=\count341

(/usr/local/texlive/2024/texmf-dist/tex/latex/l3backend/l3backend-pdftex.def
File: l3backend-pdftex.def 2024-02-20 L3 backend support: PDF output (pdfTeX)
\l__color_backend_stack_int=\count342
\l__pdf_internal_box=\box106
)
(./NotasCursoMetodosNumericos.aux
LaTeX Info: Redefining \. on input line 11.
LaTeX Info: Redefining \% on input line 11.
)
\openout1 = `NotasCursoMetodosNumericos.aux'.

LaTeX Font Info:    Checking defaults for OML/cmm/m/it on input line 110.
LaTeX Font Info:    ... okay on input line 110.
LaTeX Font Info:    Checking defaults for OMS/cmsy/m/n on input line 110.
LaTeX Font Info:    ... okay on input line 110.
LaTeX Font Info:    Checking defaults for OT1/cmr/m/n on input line 110.
LaTeX Font Info:    ... okay on input line 110.
LaTeX Font Info:    Checking defaults for T1/cmr/m/n on input line 110.
LaTeX Font Info:    ... okay on input line 110.
LaTeX Font Info:    Checking defaults for TS1/cmr/m/n on input line 110.
LaTeX Font Info:    ... okay on input line 110.
LaTeX Font Info:    Checking defaults for OMX/cmex/m/n on input line 110.
LaTeX Font Info:    ... okay on input line 110.
LaTeX Font Info:    Checking defaults for U/cmr/m/n on input line 110.
LaTeX Font Info:    ... okay on input line 110.
LaTeX Font Info:    Checking defaults for PD1/pdf/m/n on input line 110.
LaTeX Font Info:    ... okay on input line 110.
LaTeX Font Info:    Checking defaults for PU/pdf/m/n on input line 110.
LaTeX Font Info:    ... okay on input line 110.
LaTeX Info: Redefining \. on input line 110.
LaTeX Info: Redefining \% on input line 110.

*geometry* driver: auto-detecting
*geometry* detected driver: pdftex
*geometry* verbose mode - [ preamble ] result:
* driver: pdftex
* paper: a4paper
* layout: <same size as paper>
* layoutoffset:(h,v)=(0.0pt,0.0pt)
* modes: includehead includefoot twoside 
* h-part:(L,W,R)=(42.67912pt, 519.26282pt, 35.56593pt)
* v-part:(T,H,B)=(42.67912pt, 773.91498pt, 28.45274pt)
* \paperwidth=597.50787pt
* \paperheight=845.04684pt
* \textwidth=455.24411pt
* \textheight=662.23584pt
* \oddsidemargin=13.08827pt
* \evensidemargin=-15.36449pt
* \topmargin=-15.36449pt
* \headheight=14.0pt
* \headsep=25.0pt
* \topskip=12.0pt
* \footskip=30.0pt
* \marginparwidth=95.0pt
* \marginparsep=10.0pt
* \columnsep=10.0pt
* \skip\footins=10.8pt plus 4.0pt minus 2.0pt
* \hoffset=0.0pt
* \voffset=0.0pt
* \mag=1000
* \@twocolumnfalse
* \@twosidetrue
* \@mparswitchtrue
* \@reversemarginfalse
* (1in=72.27pt=25.4mm, 1cm=28.453pt)

Package hyperref Info: Link coloring OFF on input line 110.
(./NotasCursoMetodosNumericos.out) (./NotasCursoMetodosNumericos.out)
\@outlinefile=\write3
\openout3 = `NotasCursoMetodosNumericos.out'.

\c@lstlisting=\count343

(/usr/local/texlive/2024/texmf-dist/tex/context/base/mkii/supp-pdf.mkii
[Loading MPS to PDF converter (version 2006.09.02).]
\scratchcounter=\count344
\scratchdimen=\dimen198
\scratchbox=\box107
\nofMPsegments=\count345
\nofMParguments=\count346
\everyMPshowfont=\toks42
\MPscratchCnt=\count347
\MPscratchDim=\dimen199
\MPnumerator=\count348
\makeMPintoPDFobject=\count349
\everyMPtoPDFconversion=\toks43
) (/usr/local/texlive/2024/texmf-dist/tex/latex/epstopdf-pkg/epstopdf-base.sty
Package: epstopdf-base 2020-01-24 v2.11 Base part for package epstopdf
Package epstopdf-base Info: Redefining graphics rule for `.eps' on input line 4
85.

(/usr/local/texlive/2024/texmf-dist/tex/latex/latexconfig/epstopdf-sys.cfg
File: epstopdf-sys.cfg 2010/07/13 v1.3 Configuration of (r)epstopdf for TeX Liv
e
))
Package caption Info: Begin \AtBeginDocument code.
Package caption Info: subfig package v1.3 is loaded.
Package caption Info: rotating package is loaded.
Package caption Info: End \AtBeginDocument code.

[1

{/usr/local/texlive/2024/texmf-var/fonts/map/pdftex/updmap/pdftex.map}]
(./NotasCursoMetodosNumericos.toc
LaTeX Info: Redefining \. on input line 1.
LaTeX Info: Redefining \% on input line 1.
LaTeX Font Info:    Trying to load font information for U+msa on input line 3.

(/usr/local/texlive/2024/texmf-dist/tex/latex/amsfonts/umsa.fd
File: umsa.fd 2013/01/14 v3.01 AMS symbols A
)
LaTeX Font Info:    Trying to load font information for U+msb on input line 3.

(/usr/local/texlive/2024/texmf-dist/tex/latex/amsfonts/umsb.fd
File: umsb.fd 2013/01/14 v3.01 AMS symbols B
) [2

]
LaTeX Info: Redefining \. on input line 114.
LaTeX Info: Redefining \% on input line 114.


Package fancyhdr Warning: \headheight is too small (14.0pt): 
(fancyhdr)                Make it at least 14.4521pt, for example:
(fancyhdr)                \setlength{\headheight}{14.4521pt}.
(fancyhdr)                You might also make \topmargin smaller to compensate:

(fancyhdr)                \addtolength{\topmargin}{-0.4521pt}.

LaTeX Info: Redefining \. on input line 114.
LaTeX Info: Redefining \% on input line 114.
[3]
Overfull \hbox (9.36366pt too wide) in paragraph at lines 135--135
 [][] [][]\OT1/cmr/m/n/12 SUMA, RES-TA, MUL-TI-PLI-CA-CION, DI-VI-SION, PO-TEN-
CIA, MO- 
 []

LaTeX Info: Redefining \. on input line 167.
LaTeX Info: Redefining \% on input line 167.

Package fancyhdr Warning: \headheight is too small (14.0pt): 
(fancyhdr)                Make it at least 14.4521pt, for example:
(fancyhdr)                \setlength{\headheight}{14.4521pt}.
(fancyhdr)                You might also make \topmargin smaller to compensate:

(fancyhdr)                \addtolength{\topmargin}{-0.4521pt}.

LaTeX Info: Redefining \. on input line 167.
LaTeX Info: Redefining \% on input line 167.
[4])
\tf@toc=\write4
\openout4 = `NotasCursoMetodosNumericos.toc'.

LaTeX Info: Redefining \. on input line 146.
LaTeX Info: Redefining \% on input line 146.


Package fancyhdr Warning: \headheight is too small (14.0pt): 
(fancyhdr)                Make it at least 14.4521pt, for example:
(fancyhdr)                \setlength{\headheight}{14.4521pt}.
(fancyhdr)                You might also make \topmargin smaller to compensate:

(fancyhdr)                \addtolength{\topmargin}{-0.4521pt}.

LaTeX Info: Redefining \. on input line 146.
LaTeX Info: Redefining \% on input line 146.
[5] [6

] (./NotasSobreCurso.tex
Cap\'{\i }tulo 1.

pdfTeX warning (ext4): destination with the same identifier (name{page.1}) has 
been already used, duplicate ignored
<to be read again> 
                   \relax 
l.25 
      [1

]
Underfull \vbox (badness 1048) has occurred while \output is active []

LaTeX Info: Redefining \. on input line 48.
LaTeX Info: Redefining \% on input line 48.

pdfTeX warning (ext4): destination with the same identifier (name{page.2}) has 
been already used, duplicate ignored
<to be read again> 
                   \relax 
l.48 ...l punto $x = x_0$, lo que denotamos por $$
                                                  \lim_{x \to x_0} f(x) = L,...
[2]
<Fig1.png, id=685, 543.02875pt x 293.095pt>
File: Fig1.png Graphic file (type png)
<use Fig1.png>
Package pdftex.def Info: Fig1.png  used on input line 72.
(pdftex.def)             Requested size: 295.90588pt x 159.71794pt.

Underfull \vbox (badness 2237) has occurred while \output is active []

LaTeX Info: Redefining \. on input line 76.
LaTeX Info: Redefining \% on input line 76.
LaTeX Info: Redefining \. on input line 76.
LaTeX Info: Redefining \% on input line 76.

pdfTeX warning (ext4): destination with the same identifier (name{page.3}) has 
been already used, duplicate ignored
<to be read again> 
                   \relax 
l.76 \end{Teo}
               [3]
<Fig2.png, id=700, 514.92375pt x 336.25626pt>
File: Fig2.png Graphic file (type png)
<use Fig2.png>
Package pdftex.def Info: Fig2.png  used on input line 94.
(pdftex.def)             Requested size: 295.90588pt x 193.2381pt.
LaTeX Info: Redefining \. on input line 100.
LaTeX Info: Redefining \% on input line 100.
LaTeX Info: Redefining \. on input line 100.
LaTeX Info: Redefining \% on input line 100.

pdfTeX warning (ext4): destination with the same identifier (name{page.4}) has 
been already used, duplicate ignored
<to be read again> 
                   \relax 
l.100 
       [4 <./Fig1.png> <./Fig2.png>]
<Fig3.png, id=709, 514.92375pt x 336.25626pt>
File: Fig3.png Graphic file (type png)
<use Fig3.png>
Package pdftex.def Info: Fig3.png  used on input line 110.
(pdftex.def)             Requested size: 295.90588pt x 193.2381pt.
LaTeX Info: Redefining \. on input line 133.
LaTeX Info: Redefining \% on input line 133.
LaTeX Info: Redefining \. on input line 133.
LaTeX Info: Redefining \% on input line 133.

pdfTeX warning (ext4): destination with the same identifier (name{page.5}) has 
been already used, duplicate ignored
<to be read again> 
                   \relax 
l.133 ...)g(x) \, dx = f(c) \int_a^b g(x) \, dx.$$
                                                   [5 <./Fig3.png>]
<Fig4.png, id=721, 514.92375pt x 336.25626pt>
File: Fig4.png Graphic file (type png)
<use Fig4.png>
Package pdftex.def Info: Fig4.png  used on input line 141.
(pdftex.def)             Requested size: 295.90588pt x 193.2381pt.
<Fig5.png, id=723, 514.92375pt x 336.25626pt>
File: Fig5.png Graphic file (type png)
<use Fig5.png>
Package pdftex.def Info: Fig5.png  used on input line 166.
(pdftex.def)             Requested size: 273.14923pt x 178.37402pt.
LaTeX Info: Redefining \. on input line 170.
LaTeX Info: Redefining \% on input line 170.
LaTeX Info: Redefining \. on input line 170.
LaTeX Info: Redefining \% on input line 170.

pdfTeX warning (ext4): destination with the same identifier (name{page.6}) has 
been already used, duplicate ignored
<to be read again> 
                   \relax 
l.170 
       [6 <./Fig4.png>]
LaTeX Info: Redefining \. on input line 208.
LaTeX Info: Redefining \% on input line 208.
LaTeX Info: Redefining \. on input line 208.
LaTeX Info: Redefining \% on input line 208.
 [7 <./Fig5.png>]
LaTeX Info: Redefining \. on input line 247.
LaTeX Info: Redefining \% on input line 247.
 [8]
LaTeX Info: Redefining \. on input line 283.
LaTeX Info: Redefining \% on input line 283.
LaTeX Info: Redefining \. on input line 283.
LaTeX Info: Redefining \% on input line 283.
 [9]
LaTeX Info: Redefining \. on input line 314.
LaTeX Info: Redefining \% on input line 314.
LaTeX Info: Redefining \. on input line 314.
LaTeX Info: Redefining \% on input line 314.
 [10]

LaTeX Warning: Citation `Isaacson' on page 11 undefined on input line 337.

LaTeX Info: Redefining \. on input line 338.
LaTeX Info: Redefining \% on input line 338.
LaTeX Info: Redefining \. on input line 338.
LaTeX Info: Redefining \% on input line 338.
[11]
LaTeX Info: Redefining \. on input line 353.
LaTeX Info: Redefining \% on input line 353.
 [12])
LaTeX Info: Redefining \. on input line 160.
LaTeX Info: Redefining \% on input line 160.
 [13] (./NotasSistemasPuntoFlotante.tex
Cap\'{\i }tulo 2.
[14

]
LaTeX Info: Redefining \. on input line 87.
LaTeX Info: Redefining \% on input line 87.
LaTeX Info: Redefining \. on input line 87.
LaTeX Info: Redefining \% on input line 87.
 [15]
LaTeX Info: Redefining \. on input line 147.
LaTeX Info: Redefining \% on input line 147.
LaTeX Info: Redefining \. on input line 147.
LaTeX Info: Redefining \% on input line 147.
 [16]
LaTeX Info: Redefining \. on input line 194.
LaTeX Info: Redefining \% on input line 194.
LaTeX Info: Redefining \. on input line 194.
LaTeX Info: Redefining \% on input line 194.
 [17]
LaTeX Info: Redefining \. on input line 218.
LaTeX Info: Redefining \% on input line 218.
LaTeX Info: Redefining \. on input line 218.
LaTeX Info: Redefining \% on input line 218.
 [18]
LaTeX Info: Redefining \. on input line 242.
LaTeX Info: Redefining \% on input line 242.
LaTeX Info: Redefining \. on input line 242.
LaTeX Info: Redefining \% on input line 242.
 [19]
LaTeX Info: Redefining \. on input line 276.
LaTeX Info: Redefining \% on input line 276.
LaTeX Info: Redefining \. on input line 276.
LaTeX Info: Redefining \% on input line 276.
 [20]
LaTeX Info: Redefining \. on input line 309.
LaTeX Info: Redefining \% on input line 309.
LaTeX Info: Redefining \. on input line 309.
LaTeX Info: Redefining \% on input line 309.
 [21]
LaTeX Info: Redefining \. on input line 318.
LaTeX Info: Redefining \% on input line 318.
LaTeX Info: Redefining \. on input line 318.
LaTeX Info: Redefining \% on input line 318.
 [22])
LaTeX Info: Redefining \. on input line 163.
LaTeX Info: Redefining \% on input line 163.
LaTeX Info: Redefining \. on input line 163.
LaTeX Info: Redefining \% on input line 163.
 [23]
(./NotasSistemasEcuacionesLineales.tex
Cap\'{\i }tulo 3.
[24

]
LaTeX Info: Redefining \. on input line 128.
LaTeX Info: Redefining \% on input line 128.
 [25]
LaTeX Info: Redefining \. on input line 197.
LaTeX Info: Redefining \% on input line 197.
 [26]
LaTeX Info: Redefining \. on input line 253.
LaTeX Info: Redefining \% on input line 253.
LaTeX Info: Redefining \. on input line 253.
LaTeX Info: Redefining \% on input line 253.
 [27]

Package hyperref Warning: Token not allowed in a PDF string (Unicode):
(hyperref)                removing `math shift' on input line 328.


Package hyperref Warning: Token not allowed in a PDF string (Unicode):
(hyperref)                removing `math shift' on input line 328.

LaTeX Info: Redefining \. on input line 331.
LaTeX Info: Redefining \% on input line 331.
LaTeX Info: Redefining \. on input line 331.
LaTeX Info: Redefining \% on input line 331.
[28]
LaTeX Info: Redefining \. on input line 380.
LaTeX Info: Redefining \% on input line 380.
 [29]
LaTeX Info: Redefining \. on input line 448.
LaTeX Info: Redefining \% on input line 448.
 [30]
LaTeX Info: Redefining \. on input line 526.
LaTeX Info: Redefining \% on input line 526.
LaTeX Info: Redefining \. on input line 526.
LaTeX Info: Redefining \% on input line 526.
 [31]
Overfull \hbox (21.03337pt too wide) in alignment at lines 581--593
 [][][] []
 []

LaTeX Info: Redefining \. on input line 615.
LaTeX Info: Redefining \% on input line 615.
LaTeX Info: Redefining \. on input line 615.
LaTeX Info: Redefining \% on input line 615.
[32]
LaTeX Info: Redefining \. on input line 721.
LaTeX Info: Redefining \% on input line 721.
LaTeX Info: Redefining \. on input line 721.
LaTeX Info: Redefining \% on input line 721.
 [33]
LaTeX Info: Redefining \. on input line 790.
LaTeX Info: Redefining \% on input line 790.
LaTeX Info: Redefining \. on input line 790.
LaTeX Info: Redefining \% on input line 790.
 [34]
LaTeX Info: Redefining \. on input line 861.
LaTeX Info: Redefining \% on input line 861.
LaTeX Info: Redefining \. on input line 861.
LaTeX Info: Redefining \% on input line 861.
 [35]
LaTeX Info: Redefining \. on input line 916.
LaTeX Info: Redefining \% on input line 916.
LaTeX Info: Redefining \. on input line 916.
LaTeX Info: Redefining \% on input line 916.
 [36]
Overfull \hbox (64.51967pt too wide) in alignment at lines 942--960
 [][][] []
 []

LaTeX Info: Redefining \. on input line 1017.
LaTeX Info: Redefining \% on input line 1017.
LaTeX Info: Redefining \. on input line 1017.
LaTeX Info: Redefining \% on input line 1017.
[37]
Overfull \hbox (75.36879pt too wide) in alignment at lines 1032--1050
 [][][] []
 []

LaTeX Info: Redefining \. on input line 1106.
LaTeX Info: Redefining \% on input line 1106.
LaTeX Info: Redefining \. on input line 1106.
LaTeX Info: Redefining \% on input line 1106.
[38]

Package hyperref Warning: Token not allowed in a PDF string (Unicode):
(hyperref)                removing `math shift' on input line 1158.


Package hyperref Warning: Token not allowed in a PDF string (Unicode):
(hyperref)                removing `math shift' on input line 1158.

LaTeX Info: Redefining \. on input line 1185.
LaTeX Info: Redefining \% on input line 1185.
[39]
LaTeX Info: Redefining \. on input line 1248.
LaTeX Info: Redefining \% on input line 1248.
LaTeX Info: Redefining \. on input line 1248.
LaTeX Info: Redefining \% on input line 1248.
 [40]
LaTeX Info: Redefining \. on input line 1308.
LaTeX Info: Redefining \% on input line 1308.
LaTeX Info: Redefining \. on input line 1308.
LaTeX Info: Redefining \% on input line 1308.
 [41]
LaTeX Info: Redefining \. on input line 1347.
LaTeX Info: Redefining \% on input line 1347.
LaTeX Info: Redefining \. on input line 1347.
LaTeX Info: Redefining \% on input line 1347.
 [42]
LaTeX Info: Redefining \. on input line 1425.
LaTeX Info: Redefining \% on input line 1425.
LaTeX Info: Redefining \. on input line 1425.
LaTeX Info: Redefining \% on input line 1425.
 [43]
LaTeX Info: Redefining \. on input line 1492.
LaTeX Info: Redefining \% on input line 1492.
LaTeX Info: Redefining \. on input line 1492.
LaTeX Info: Redefining \% on input line 1492.
 [44]
LaTeX Info: Redefining \. on input line 1546.
LaTeX Info: Redefining \% on input line 1546.
 [45]
LaTeX Info: Redefining \. on input line 1585.
LaTeX Info: Redefining \% on input line 1585.
 [46]
LaTeX Info: Redefining \. on input line 1669.
LaTeX Info: Redefining \% on input line 1669.
 [47]
LaTeX Info: Redefining \. on input line 1728.
LaTeX Info: Redefining \% on input line 1728.
 [48]
LaTeX Info: Redefining \. on input line 1781.
LaTeX Info: Redefining \% on input line 1781.
 [49]
LaTeX Info: Redefining \. on input line 1831.
LaTeX Info: Redefining \% on input line 1831.
 [50]
LaTeX Info: Redefining \. on input line 1895.
LaTeX Info: Redefining \% on input line 1895.
 [51]
LaTeX Info: Redefining \. on input line 1953.
LaTeX Info: Redefining \% on input line 1953.
 [52]
LaTeX Info: Redefining \. on input line 2023.
LaTeX Info: Redefining \% on input line 2023.
 [53])
LaTeX Info: Redefining \. on input line 166.
LaTeX Info: Redefining \% on input line 166.

[54] (./NotasRaicesFunciones.tex
Cap\'{\i }tulo 4.

Overfull \hbox (22.79317pt too wide) in alignment at lines 40--47
 [][][] []
 []

[55

]
LaTeX Info: Redefining \. on input line 165.
LaTeX Info: Redefining \% on input line 165.
 [56]
Underfull \vbox (badness 10000) has occurred while \output is active []

LaTeX Info: Redefining \. on input line 165.
LaTeX Info: Redefining \% on input line 165.
 [57]
LaTeX Info: Redefining \. on input line 190.
LaTeX Info: Redefining \% on input line 190.
LaTeX Info: Redefining \. on input line 190.
LaTeX Info: Redefining \% on input line 190.

[58]
LaTeX Info: Redefining \. on input line 259.
LaTeX Info: Redefining \% on input line 259.
LaTeX Info: Redefining \. on input line 259.
LaTeX Info: Redefining \% on input line 259.
 [59]
Overfull \hbox (1.1651pt too wide) in paragraph at lines 318--319
[]\OT1/cmr/m/it/12 Iteraci^^Son 3: $\OML/cmm/m/it/12 c[] \OT1/cmr/m/n/12 = 1\OM
L/cmm/m/it/12 :\OT1/cmr/m/n/12 875\OML/cmm/m/it/12 ;  f\OT1/cmr/m/n/12 (1\OML/c
mm/m/it/12 :\OT1/cmr/m/n/12 875) = 3\OML/cmm/m/it/12 :\OT1/cmr/m/n/12 516 \OMS/
cmsy/m/n/12 ^^@ \OT1/cmr/m/n/12 3\OML/cmm/m/it/12 :\OT1/cmr/m/n/12 75 = \OMS/cm
sy/m/n/12 ^^@\OT1/cmr/m/n/12 0\OML/cmm/m/it/12 :\OT1/cmr/m/n/12 234 \OML/cmm/m/
it/12 < \OT1/cmr/m/n/12 0$ \OT1/cmr/m/it/12 en-ton-ces $\OT1/cmr/m/n/12 [1\OML/
cmm/m/it/12 :\OT1/cmr/m/n/12 875\OML/cmm/m/it/12 ; \OT1/cmr/m/n/12 2\OML/cmm/m/
it/12 :\OT1/cmr/m/n/12 1]$\OT1/cmr/m/it/12 .
 []

LaTeX Info: Redefining \. on input line 332.
LaTeX Info: Redefining \% on input line 332.
LaTeX Info: Redefining \. on input line 332.
LaTeX Info: Redefining \% on input line 332.
[60]
Overfull \hbox (82.68224pt too wide) in paragraph at lines 363--364
 [][] 
 []

LaTeX Info: Redefining \. on input line 410.
LaTeX Info: Redefining \% on input line 410.
LaTeX Info: Redefining \. on input line 410.
LaTeX Info: Redefining \% on input line 410.
[61]
LaTeX Info: Redefining \. on input line 498.
LaTeX Info: Redefining \% on input line 498.
LaTeX Info: Redefining \. on input line 498.
LaTeX Info: Redefining \% on input line 498.
 [62]
LaTeX Info: Redefining \. on input line 567.
LaTeX Info: Redefining \% on input line 567.
LaTeX Info: Redefining \. on input line 567.
LaTeX Info: Redefining \% on input line 567.
 [63]
Overfull \hbox (7.88112pt too wide) in paragraph at lines 614--614
[]\OT1/cmtt/m/n/12 # Ejecutar exactamente 8 iteraciones, sin usar ninguna funci
on/recursividad[] 
 []

LaTeX Info: Redefining \. on input line 614.
LaTeX Info: Redefining \% on input line 614.
LaTeX Info: Redefining \. on input line 614.
LaTeX Info: Redefining \% on input line 614.
[64]
LaTeX Info: Redefining \. on input line 656.
LaTeX Info: Redefining \% on input line 656.
LaTeX Info: Redefining \. on input line 656.
LaTeX Info: Redefining \% on input line 656.
 [65]
Overfull \hbox (9.84264pt too wide) in alignment at lines 694--696
 [][][] []
 []

LaTeX Info: Redefining \. on input line 725.
LaTeX Info: Redefining \% on input line 725.
[66]
LaTeX Info: Redefining \. on input line 773.
LaTeX Info: Redefining \% on input line 773.
 [67]
LaTeX Info: Redefining \. on input line 808.
LaTeX Info: Redefining \% on input line 808.
 [68]
LaTeX Info: Redefining \. on input line 891.
LaTeX Info: Redefining \% on input line 891.
 [69]
LaTeX Info: Redefining \. on input line 930.
LaTeX Info: Redefining \% on input line 930.
 [70]
Underfull \vbox (badness 4726) has occurred while \output is active []

LaTeX Info: Redefining \. on input line 965.
LaTeX Info: Redefining \% on input line 965.
 [71]
LaTeX Info: Redefining \. on input line 1015.
LaTeX Info: Redefining \% on input line 1015.

[72]
LaTeX Info: Redefining \. on input line 1065.
LaTeX Info: Redefining \% on input line 1065.
 [73]
LaTeX Info: Redefining \. on input line 1111.
LaTeX Info: Redefining \% on input line 1111.
 [74]
LaTeX Info: Redefining \. on input line 1160.
LaTeX Info: Redefining \% on input line 1160.
 [75]
LaTeX Info: Redefining \. on input line 1215.
LaTeX Info: Redefining \% on input line 1215.
 [76]
LaTeX Info: Redefining \. on input line 1279.
LaTeX Info: Redefining \% on input line 1279.
 [77]
LaTeX Info: Redefining \. on input line 1331.
LaTeX Info: Redefining \% on input line 1331.
 [78]
LaTeX Info: Redefining \. on input line 1367.
LaTeX Info: Redefining \% on input line 1367.
 [79]
LaTeX Info: Redefining \. on input line 1425.
LaTeX Info: Redefining \% on input line 1425.
LaTeX Info: Redefining \. on input line 1425.
LaTeX Info: Redefining \% on input line 1425.
 [80]
LaTeX Info: Redefining \. on input line 1486.
LaTeX Info: Redefining \% on input line 1486.
LaTeX Info: Redefining \. on input line 1486.
LaTeX Info: Redefining \% on input line 1486.
 [81]
LaTeX Info: Redefining \. on input line 1542.
LaTeX Info: Redefining \% on input line 1542.
LaTeX Info: Redefining \. on input line 1542.
LaTeX Info: Redefining \% on input line 1542.
 [82]
LaTeX Info: Redefining \. on input line 1579.
LaTeX Info: Redefining \% on input line 1579.
LaTeX Info: Redefining \. on input line 1579.
LaTeX Info: Redefining \% on input line 1579.
 [83]
LaTeX Info: Redefining \. on input line 1640.
LaTeX Info: Redefining \% on input line 1640.
 [84]
LaTeX Info: Redefining \. on input line 1700.
LaTeX Info: Redefining \% on input line 1700.
LaTeX Info: Redefining \. on input line 1700.
LaTeX Info: Redefining \% on input line 1700.
 [85]
LaTeX Info: Redefining \. on input line 1742.
LaTeX Info: Redefining \% on input line 1742.
LaTeX Info: Redefining \. on input line 1742.
LaTeX Info: Redefining \% on input line 1742.
 [86]
LaTeX Info: Redefining \. on input line 1817.
LaTeX Info: Redefining \% on input line 1817.
LaTeX Info: Redefining \. on input line 1817.
LaTeX Info: Redefining \% on input line 1817.

[87]
LaTeX Info: Redefining \. on input line 1853.
LaTeX Info: Redefining \% on input line 1853.
LaTeX Info: Redefining \. on input line 1853.
LaTeX Info: Redefining \% on input line 1853.
 [88]
LaTeX Info: Redefining \. on input line 1855.
LaTeX Info: Redefining \% on input line 1855.
LaTeX Info: Redefining \. on input line 1855.
LaTeX Info: Redefining \% on input line 1855.
 [89])
LaTeX Info: Redefining \. on input line 169.
LaTeX Info: Redefining \% on input line 169.
 [90] (./NotasInterpolacion.tex
Cap\'{\i }tulo 5.

Underfull \hbox (badness 1661) in paragraph at lines 38--38
[]\OT1/cmr/m/n/12 Se usa cuan-do los da-tos
 []


Underfull \hbox (badness 2717) in paragraph at lines 39--39
[]\OT1/cmr/m/n/12 Ejemplo: ta-blas de lo-ga-
 []


Underfull \hbox (badness 2197) in paragraph at lines 39--39
\OT1/cmr/m/n/12 rit-mos o fun-cio-nes tri-go-
 []

[91

]
Overfull \hbox (2.16586pt too wide) in paragraph at lines 69--70
[]\OT1/cmr/m/n/12 Se de-fi-ne el po-li-no-mio de gra-do $\OML/cmm/m/it/12 n$ \O
T1/cmr/m/n/12 que pa-sa por $\OML/cmm/m/it/12 n \OT1/cmr/m/n/12 + 1$ pun-tos $(
\OML/cmm/m/it/12 x[]; y[]\OT1/cmr/m/n/12 )\OML/cmm/m/it/12 ; \OT1/cmr/m/n/12 (\
OML/cmm/m/it/12 x[]; y[]\OT1/cmr/m/n/12 )\OML/cmm/m/it/12 ; [] ; \OT1/cmr/m/n/1
2 (\OML/cmm/m/it/12 x[]; y[]\OT1/cmr/m/n/12 )$. 
 []

LaTeX Info: Redefining \. on input line 87.
LaTeX Info: Redefining \% on input line 87.
[92]
LaTeX Info: Redefining \. on input line 153.
LaTeX Info: Redefining \% on input line 153.
 [93]
LaTeX Info: Redefining \. on input line 216.
LaTeX Info: Redefining \% on input line 216.
 [94]
LaTeX Info: Redefining \. on input line 264.
LaTeX Info: Redefining \% on input line 264.
 [95]
LaTeX Info: Redefining \. on input line 314.
LaTeX Info: Redefining \% on input line 314.
 [96]
LaTeX Info: Redefining \. on input line 382.
LaTeX Info: Redefining \% on input line 382.
 [97]
LaTeX Info: Redefining \. on input line 441.
LaTeX Info: Redefining \% on input line 441.
 [98]
Overfull \hbox (44.91412pt too wide) detected at line 472
[][][]\OML/cmm/m/it/12 P[]\OT1/cmr/m/n/12 (\OML/cmm/m/it/12 x\OT1/cmr/m/n/12 ) 
= \OML/cmm/m/it/12 f\OT1/cmr/m/n/12 [\OML/cmm/m/it/12 x[]\OT1/cmr/m/n/12 ] + (\
OML/cmm/m/it/12 x \OMS/cmsy/m/n/12 ^^@ \OML/cmm/m/it/12 x[]\OT1/cmr/m/n/12 )\OM
L/cmm/m/it/12 f\OT1/cmr/m/n/12 [\OML/cmm/m/it/12 x[]; x[]\OT1/cmr/m/n/12 ] + (\
OML/cmm/m/it/12 x \OMS/cmsy/m/n/12 ^^@ \OML/cmm/m/it/12 x[]\OT1/cmr/m/n/12 )(\O
ML/cmm/m/it/12 x \OMS/cmsy/m/n/12 ^^@ \OML/cmm/m/it/12 x[]\OT1/cmr/m/n/12 )\OML
/cmm/m/it/12 f\OT1/cmr/m/n/12 [\OML/cmm/m/it/12 x[]; x[]; x[]\OT1/cmr/m/n/12 ] 
+ [] + (\OML/cmm/m/it/12 x \OMS/cmsy/m/n/12 ^^@ \OML/cmm/m/it/12 x[]\OT1/cmr/m/
n/12 ) [] (\OML/cmm/m/it/12 x \OMS/cmsy/m/n/12 ^^@ \OML/cmm/m/it/12 x[]\OT1/cmr
/m/n/12 )\OML/cmm/m/it/12 f\OT1/cmr/m/n/12 [\OML/cmm/m/it/12 x[]; [] ; x[]\OT1/
cmr/m/n/12 ]\OML/cmm/m/it/12 :
 []

LaTeX Info: Redefining \. on input line 507.
LaTeX Info: Redefining \% on input line 507.
[99]
LaTeX Info: Redefining \. on input line 578.
LaTeX Info: Redefining \% on input line 578.
 [100]
LaTeX Info: Redefining \. on input line 638.
LaTeX Info: Redefining \% on input line 638.
 [101]
Overfull \hbox (12.49768pt too wide) detected at line 650
[][][]\OML/cmm/m/it/12 P[]\OT1/cmr/m/n/12 (\OML/cmm/m/it/12 x\OT1/cmr/m/n/12 ) 
= \OML/cmm/m/it/12 f[] \OT1/cmr/m/n/12 + \OML/cmm/m/it/12 s \OT1/cmr/m/n/12 ^^A
\OML/cmm/m/it/12 f[] \OT1/cmr/m/n/12 + [] ^^A[]\OML/cmm/m/it/12 f[] \OT1/cmr/m/
n/12 + [] ^^A[]\OML/cmm/m/it/12 f[] \OT1/cmr/m/n/12 + [] + [] ^^A[]\OML/cmm/m/i
t/12 f[];
 []

LaTeX Info: Redefining \. on input line 701.
LaTeX Info: Redefining \% on input line 701.
[102]
Overfull \hbox (17.09033pt too wide) detected at line 782
[][][]\OML/cmm/m/it/12 P[]\OT1/cmr/m/n/12 (\OML/cmm/m/it/12 x\OT1/cmr/m/n/12 ) 
= \OML/cmm/m/it/12 f[] \OT1/cmr/m/n/12 + \OML/cmm/m/it/12 s \OMS/cmsy/m/n/12 r\
OML/cmm/m/it/12 f[] \OT1/cmr/m/n/12 + [] \OMS/cmsy/m/n/12 r[]\OML/cmm/m/it/12 f
[] \OT1/cmr/m/n/12 + [] \OMS/cmsy/m/n/12 r[]\OML/cmm/m/it/12 f[] \OT1/cmr/m/n/1
2 + [] + [] \OMS/cmsy/m/n/12 r[]\OML/cmm/m/it/12 f[];
 []

LaTeX Info: Redefining \. on input line 786.
LaTeX Info: Redefining \% on input line 786.
[103]
LaTeX Info: Redefining \. on input line 841.
LaTeX Info: Redefining \% on input line 841.
LaTeX Info: Redefining \. on input line 841.
LaTeX Info: Redefining \% on input line 841.
 [104]
Overfull \hbox (4.02832pt too wide) in paragraph at lines 873--877
\OT1/cmr/m/it/12 donde $\OT1/cmr/m/n/12 1\OML/cmm/m/it/12 :\OT1/cmr/m/n/12 5(0\
OML/cmm/m/it/12 :\OT1/cmr/m/n/12 405465) \OMS/cmsy/m/n/12 ^^Y \OT1/cmr/m/n/12 0
\OML/cmm/m/it/12 :\OT1/cmr/m/n/12 6081975$\OT1/cmr/m/it/12 , $[] \OT1/cmr/m/n/1
2 = [] = 0\OML/cmm/m/it/12 :\OT1/cmr/m/n/12 375$\OT1/cmr/m/it/12 , y $\OT1/cmr/
m/n/12 0\OML/cmm/m/it/12 :\OT1/cmr/m/n/12 375(\OMS/cmsy/m/n/12 ^^@\OT1/cmr/m/n/
12 0\OML/cmm/m/it/12 :\OT1/cmr/m/n/12 117783) \OMS/cmsy/m/n/12 ^^Y ^^@\OT1/cmr/
m/n/12 0\OML/cmm/m/it/12 :\OT1/cmr/m/n/12 044168$\OT1/cmr/m/it/12 ,
 []

LaTeX Info: Redefining \. on input line 899.
LaTeX Info: Redefining \% on input line 899.
LaTeX Info: Redefining \. on input line 899.
LaTeX Info: Redefining \% on input line 899.
[105]
Overfull \hbox (20.98671pt too wide) in paragraph at lines 913--916
[]\OT1/cmr/m/it/12 Evaluando en $\OML/cmm/m/it/12 x \OT1/cmr/m/n/12 = 2\OML/cmm
/m/it/12 :\OT1/cmr/m/n/12 6$\OT1/cmr/m/it/12 : $\OML/cmm/m/it/12 s \OT1/cmr/m/n
/12 = [] = \OMS/cmsy/m/n/12 ^^@\OT1/cmr/m/n/12 0\OML/cmm/m/it/12 :\OT1/cmr/m/n/
12 4$\OT1/cmr/m/it/12 . En-ton-ces $\OML/cmm/m/it/12 P[]\OT1/cmr/m/n/12 (2\OML/
cmm/m/it/12 :\OT1/cmr/m/n/12 6) = 1\OML/cmm/m/it/12 :\OT1/cmr/m/n/12 732051 + (
\OMS/cmsy/m/n/12 ^^@\OT1/cmr/m/n/12 0\OML/cmm/m/it/12 :\OT1/cmr/m/n/12 4)(0\OML
/cmm/m/it/12 :\OT1/cmr/m/n/12 317837) +
 []

LaTeX Info: Redefining \. on input line 956.
LaTeX Info: Redefining \% on input line 956.
LaTeX Info: Redefining \. on input line 956.
LaTeX Info: Redefining \% on input line 956.
[106]
Overfull \hbox (16.82254pt too wide) in alignment at lines 959--963
 [][][] []
 []


Overfull \hbox (12.41714pt too wide) in alignment at lines 970--972
 [][][] []
 []

LaTeX Info: Redefining \. on input line 1004.
LaTeX Info: Redefining \% on input line 1004.
LaTeX Info: Redefining \. on input line 1004.
LaTeX Info: Redefining \% on input line 1004.
[107]
LaTeX Info: Redefining \. on input line 1080.
LaTeX Info: Redefining \% on input line 1080.
LaTeX Info: Redefining \. on input line 1080.
LaTeX Info: Redefining \% on input line 1080.
 [108]
LaTeX Info: Redefining \. on input line 1154.
LaTeX Info: Redefining \% on input line 1154.
LaTeX Info: Redefining \. on input line 1154.
LaTeX Info: Redefining \% on input line 1154.
 [109]
LaTeX Info: Redefining \. on input line 1222.
LaTeX Info: Redefining \% on input line 1222.
LaTeX Info: Redefining \. on input line 1222.
LaTeX Info: Redefining \% on input line 1222.
 [110]
LaTeX Info: Redefining \. on input line 1305.
LaTeX Info: Redefining \% on input line 1305.
LaTeX Info: Redefining \. on input line 1305.
LaTeX Info: Redefining \% on input line 1305.
 [111]
Overfull \hbox (69.63115pt too wide) in paragraph at lines 1484--1484
[]  \OT1/cmtt/m/n/12 if (check_equispaced && !is_equispaced(x)) stop("Los nodos
 no son equiespaciados.")[] 
 []

LaTeX Info: Redefining \. on input line 1484.
LaTeX Info: Redefining \% on input line 1484.
LaTeX Info: Redefining \. on input line 1484.
LaTeX Info: Redefining \% on input line 1484.
[112]
Overfull \hbox (69.63115pt too wide) in paragraph at lines 1484--1484
[]  \OT1/cmtt/m/n/12 if (check_equispaced && !is_equispaced(x)) stop("Los nodos
 no son equiespaciados.")[] 
 []


Overfull \hbox (32.58113pt too wide) in paragraph at lines 1484--1484
[]\OT1/cmtt/m/n/12 # - max_order: orden maximo a usar (por defecto, n-1). Trunc
ar ayuda con ruido.[] 
 []


Underfull \vbox (badness 10000) has occurred while \output is active []

LaTeX Info: Redefining \. on input line 1484.
LaTeX Info: Redefining \% on input line 1484.
LaTeX Info: Redefining \. on input line 1484.
LaTeX Info: Redefining \% on input line 1484.
 [113]
Overfull \hbox (57.28114pt too wide) in paragraph at lines 1484--1484
[]\OT1/cmtt/m/n/12 newton_interp_equispaced <- function(x, y, xq, method = "aut
o", max_order = NULL) {[] 
 []


Underfull \vbox (badness 10000) has occurred while \output is active []

LaTeX Info: Redefining \. on input line 1484.
LaTeX Info: Redefining \% on input line 1484.
LaTeX Info: Redefining \. on input line 1484.
LaTeX Info: Redefining \% on input line 1484.
 [114]
Overfull \hbox (26.40613pt too wide) in paragraph at lines 1484--1484
[]\OT1/cmtt/m/n/12 # Ejemplo 1 (adelante, auto): f(x)=x^2 en x=0:3, evaluar en 
xq=seq(0,2,by=0.5)[] 
 []


Underfull \vbox (badness 10000) has occurred while \output is active []

LaTeX Info: Redefining \. on input line 1494.
LaTeX Info: Redefining \% on input line 1494.
LaTeX Info: Redefining \. on input line 1494.
LaTeX Info: Redefining \% on input line 1494.
 [115]
LaTeX Info: Redefining \. on input line 1553.
LaTeX Info: Redefining \% on input line 1553.

[116]
Overfull \hbox (61.59998pt too wide) in alignment at lines 1556--1562
 [][][] []
 []

LaTeX Info: Redefining \. on input line 1622.
LaTeX Info: Redefining \% on input line 1622.
[117]
LaTeX Info: Redefining \. on input line 1691.
LaTeX Info: Redefining \% on input line 1691.
 [118]
LaTeX Info: Redefining \. on input line 1740.
LaTeX Info: Redefining \% on input line 1740.
 [119]
LaTeX Info: Redefining \. on input line 1801.
LaTeX Info: Redefining \% on input line 1801.
 [120]
LaTeX Info: Redefining \. on input line 1859.
LaTeX Info: Redefining \% on input line 1859.
 [121]
Overfull \hbox (87.26132pt too wide) in paragraph at lines 1885--1888
[][]\OT1/cmr/bx/n/12 Ejercicio 15. []\OT1/cmr/m/it/12 Im-ple-men-te los si-guie
n-tes ejer-ci-cios uti-li-zan-do las fun-cio-nes \OT1/cmtt/m/it/12 newton[]inte
rp[]equispaced()\OT1/cmr/m/it/12 ,
 []

LaTeX Info: Redefining \. on input line 1928.
LaTeX Info: Redefining \% on input line 1928.
[122]
Overfull \hbox (44.58156pt too wide) in alignment at lines 1970--1974
 [][][] []
 []

LaTeX Info: Redefining \. on input line 1989.
LaTeX Info: Redefining \% on input line 1989.
[123]
LaTeX Info: Redefining \. on input line 2044.
LaTeX Info: Redefining \% on input line 2044.
 [124]
LaTeX Info: Redefining \. on input line 2114.
LaTeX Info: Redefining \% on input line 2114.
 [125]
LaTeX Info: Redefining \. on input line 2171.
LaTeX Info: Redefining \% on input line 2171.
 [126]
LaTeX Info: Redefining \. on input line 2228.
LaTeX Info: Redefining \% on input line 2228.
 [127]
LaTeX Info: Redefining \. on input line 2319.
LaTeX Info: Redefining \% on input line 2319.
 [128]
Underfull \vbox (badness 1072) has occurred while \output is active []

LaTeX Info: Redefining \. on input line 2319.
LaTeX Info: Redefining \% on input line 2319.
 [129]
LaTeX Info: Redefining \. on input line 2384.
LaTeX Info: Redefining \% on input line 2384.

[130]
LaTeX Info: Redefining \. on input line 2595.
LaTeX Info: Redefining \% on input line 2595.
 [131]
Underfull \vbox (badness 10000) has occurred while \output is active []

LaTeX Info: Redefining \. on input line 2595.
LaTeX Info: Redefining \% on input line 2595.
 [132]
Underfull \vbox (badness 10000) has occurred while \output is active []

LaTeX Info: Redefining \. on input line 2595.
LaTeX Info: Redefining \% on input line 2595.
 [133]
Underfull \vbox (badness 10000) has occurred while \output is active []

LaTeX Info: Redefining \. on input line 2595.
LaTeX Info: Redefining \% on input line 2595.
 [134]
Underfull \vbox (badness 10000) has occurred while \output is active []

LaTeX Info: Redefining \. on input line 2595.
LaTeX Info: Redefining \% on input line 2595.
 [135])
LaTeX Info: Redefining \. on input line 172.
LaTeX Info: Redefining \% on input line 172.

[136] (./NotasSolucionNumericaEDO.tex
Cap\'{\i }tulo 6.
[137

]
LaTeX Info: Redefining \. on input line 124.
LaTeX Info: Redefining \% on input line 124.
 [138]
LaTeX Info: Redefining \. on input line 180.
LaTeX Info: Redefining \% on input line 180.
 [139]
LaTeX Info: Redefining \. on input line 248.
LaTeX Info: Redefining \% on input line 248.
 [140]
LaTeX Info: Redefining \. on input line 312.
LaTeX Info: Redefining \% on input line 312.
 [141]
LaTeX Info: Redefining \. on input line 348.
LaTeX Info: Redefining \% on input line 348.
 [142]
LaTeX Info: Redefining \. on input line 433.
LaTeX Info: Redefining \% on input line 433.
 [143]
LaTeX Info: Redefining \. on input line 469.
LaTeX Info: Redefining \% on input line 469.
 [144]
LaTeX Info: Redefining \. on input line 562.
LaTeX Info: Redefining \% on input line 562.
 [145]
LaTeX Info: Redefining \. on input line 605.
LaTeX Info: Redefining \% on input line 605.
 [146]
Overfull \hbox (2.4015pt too wide) in paragraph at lines 638--639
[]\OT1/cmr/m/n/12 Use el m^^Seto-do de Runge--Kutta de cuar-to or-den, cal-cu-l
an-do expl^^S^^Pci-ta-men-te $\OML/cmm/m/it/12 k[]; k[]; k[]; k[]$\OT1/cmr/m/n/
12 . 
 []

LaTeX Info: Redefining \. on input line 646.
LaTeX Info: Redefining \% on input line 646.
[147])
LaTeX Info: Redefining \. on input line 175.
LaTeX Info: Redefining \% on input line 175.
 [148] (./NotasTareas.tex
Cap\'{\i }tulo 7.
[149

]
LaTeX Info: Redefining \. on input line 94.
LaTeX Info: Redefining \% on input line 94.
 [150]
LaTeX Info: Redefining \. on input line 145.
LaTeX Info: Redefining \% on input line 145.
 [151]
LaTeX Info: Redefining \. on input line 226.
LaTeX Info: Redefining \% on input line 226.
 [152]
LaTeX Info: Redefining \. on input line 280.
LaTeX Info: Redefining \% on input line 280.
 [153]
LaTeX Info: Redefining \. on input line 333.
LaTeX Info: Redefining \% on input line 333.
 [154]
LaTeX Info: Redefining \. on input line 390.
LaTeX Info: Redefining \% on input line 390.
 [155]
LaTeX Info: Redefining \. on input line 433.
LaTeX Info: Redefining \% on input line 433.
 [156]
LaTeX Info: Redefining \. on input line 500.
LaTeX Info: Redefining \% on input line 500.
 [157]
LaTeX Info: Redefining \. on input line 571.
LaTeX Info: Redefining \% on input line 571.
 [158])
LaTeX Info: Redefining \. on input line 178.
LaTeX Info: Redefining \% on input line 178.
 [159]
(./NotasIntroduccionR.tex
Cap\'{\i }tulo 8.
[160

]
Overfull \hbox (88.15616pt too wide) in paragraph at lines 81--81
[]\OT1/cmtt/m/n/12 return( ... ) #valor que retorna (o tambi^^Sen la ^^Sultima 
instrucci^^Son, si ^^Sesta retorna algo)[] 
 []

LaTeX Info: Redefining \. on input line 100.
LaTeX Info: Redefining \% on input line 100.
[161]
Overfull \hbox (37.25581pt too wide) in paragraph at lines 130--130
 []\OT1/cmtt/m/n/12 C = matrix(c(x,y,z), nrow = length(x)); C # ncol no es nece
sario declararlo[] 
 []

LaTeX Info: Redefining \. on input line 155.
LaTeX Info: Redefining \% on input line 155.
[162]
Overfull \hbox (31.08081pt too wide) in paragraph at lines 201--201
 []                 \OT1/cmtt/m/n/12 100,100,100, 100, 70, 76, 95), nrow=3, byr
ow=TRUE); notas[] 
 []

LaTeX Info: Redefining \. on input line 220.
LaTeX Info: Redefining \% on input line 220.
[163]
LaTeX Info: Redefining \. on input line 278.
LaTeX Info: Redefining \% on input line 278.
 [164]
Overfull \hbox (0.2058pt too wide) in paragraph at lines 316--316
 []\OT1/cmtt/m/n/12 A=matrix(c(1,0.8,0.5,0.8,0.6,0.4,0.5,0.4,0.25),ncol=3);es.p
ositiva(A)[] 
 []


Overfull \hbox (55.78082pt too wide) in paragraph at lines 334--334
 []\OT1/cmtt/m/n/12 plot(m,mapply(dmatrixA,m=m),type="l") # Dibuja el determina
nte en funci?n de m[] 
 []

LaTeX Info: Redefining \. on input line 346.
LaTeX Info: Redefining \% on input line 346.
[165]
LaTeX Info: Redefining \. on input line 398.
LaTeX Info: Redefining \% on input line 398.
 [166]
LaTeX Info: Redefining \. on input line 446.
LaTeX Info: Redefining \% on input line 446.
LaTeX Info: Redefining \. on input line 446.
LaTeX Info: Redefining \% on input line 446.
 [167]
LaTeX Info: Redefining \. on input line 496.
LaTeX Info: Redefining \% on input line 496.
LaTeX Info: Redefining \. on input line 496.
LaTeX Info: Redefining \% on input line 496.
 [168]
LaTeX Info: Redefining \. on input line 544.
LaTeX Info: Redefining \% on input line 544.
LaTeX Info: Redefining \. on input line 544.
LaTeX Info: Redefining \% on input line 544.
 [169]
LaTeX Info: Redefining \. on input line 607.
LaTeX Info: Redefining \% on input line 607.
LaTeX Info: Redefining \. on input line 607.
LaTeX Info: Redefining \% on input line 607.
 [170]
LaTeX Info: Redefining \. on input line 670.
LaTeX Info: Redefining \% on input line 670.
LaTeX Info: Redefining \. on input line 670.
LaTeX Info: Redefining \% on input line 670.
 [171]
Overfull \hbox (1.70612pt too wide) in paragraph at lines 704--704
[]\OT1/cmtt/m/n/12 A=matrix(c(1,1,1,1,2,3,1,5,-1,1,-5,3,3,1,7,-2),byrow = TRUE,
nrow = 4); (A)[] 
 []

LaTeX Info: Redefining \. on input line 729.
LaTeX Info: Redefining \% on input line 729.
LaTeX Info: Redefining \. on input line 729.
LaTeX Info: Redefining \% on input line 729.
[172]
LaTeX Info: Redefining \. on input line 805.
LaTeX Info: Redefining \% on input line 805.
LaTeX Info: Redefining \. on input line 805.
LaTeX Info: Redefining \% on input line 805.
 [173]
LaTeX Info: Redefining \. on input line 848.
LaTeX Info: Redefining \% on input line 848.
LaTeX Info: Redefining \. on input line 848.
LaTeX Info: Redefining \% on input line 848.
 [174]
LaTeX Info: Redefining \. on input line 914.
LaTeX Info: Redefining \% on input line 914.
LaTeX Info: Redefining \. on input line 914.
LaTeX Info: Redefining \% on input line 914.
 [175]
LaTeX Info: Redefining \. on input line 1008.
LaTeX Info: Redefining \% on input line 1008.
LaTeX Info: Redefining \. on input line 1008.
LaTeX Info: Redefining \% on input line 1008.
 [176]
Overfull \hbox (57.28114pt too wide) in paragraph at lines 1008--1008
[]  \OT1/cmtt/m/n/12 if (length(b) != n) stop("Longitud de b debe ser igual al 
n^^Sumero de filas de A.")[] 
 []

LaTeX Info: Redefining \. on input line 1025.
LaTeX Info: Redefining \% on input line 1025.
[177]
LaTeX Info: Redefining \. on input line 1072.
LaTeX Info: Redefining \% on input line 1072.
LaTeX Info: Redefining \. on input line 1072.
LaTeX Info: Redefining \% on input line 1072.
 [178]
Overfull \hbox (162.2562pt too wide) in paragraph at lines 1142--1142
[]      \OT1/cmtt/m/n/12 if (verbose) cat(sprintf("Sin pivote usable en col=%d 
(|piv <tol). Se omite columna.\n", col))[] 
 []

LaTeX Info: Redefining \. on input line 1142.
LaTeX Info: Redefining \% on input line 1142.
LaTeX Info: Redefining \. on input line 1142.
LaTeX Info: Redefining \% on input line 1142.
[179]
LaTeX Info: Redefining \. on input line 1214.
LaTeX Info: Redefining \% on input line 1214.
LaTeX Info: Redefining \. on input line 1214.
LaTeX Info: Redefining \% on input line 1214.
 [180]
Underfull \vbox (badness 10000) has occurred while \output is active []

LaTeX Info: Redefining \. on input line 1214.
LaTeX Info: Redefining \% on input line 1214.
LaTeX Info: Redefining \. on input line 1214.
LaTeX Info: Redefining \% on input line 1214.
 [181]
LaTeX Info: Redefining \. on input line 1276.
LaTeX Info: Redefining \% on input line 1276.
LaTeX Info: Redefining \. on input line 1276.
LaTeX Info: Redefining \% on input line 1276.

[182]
LaTeX Info: Redefining \. on input line 1320.
LaTeX Info: Redefining \% on input line 1320.
LaTeX Info: Redefining \. on input line 1320.
LaTeX Info: Redefining \% on input line 1320.
 [183]
LaTeX Info: Redefining \. on input line 1381.
LaTeX Info: Redefining \% on input line 1381.
LaTeX Info: Redefining \. on input line 1381.
LaTeX Info: Redefining \% on input line 1381.
 [184]
LaTeX Info: Redefining \. on input line 1439.
LaTeX Info: Redefining \% on input line 1439.
LaTeX Info: Redefining \. on input line 1439.
LaTeX Info: Redefining \% on input line 1439.
 [185]
Underfull \vbox (badness 1939) has occurred while \output is active []

LaTeX Info: Redefining \. on input line 1512.
LaTeX Info: Redefining \% on input line 1512.
LaTeX Info: Redefining \. on input line 1512.
LaTeX Info: Redefining \% on input line 1512.
 [186]
LaTeX Info: Redefining \. on input line 1568.
LaTeX Info: Redefining \% on input line 1568.

[187]
Underfull \vbox (badness 6559) has occurred while \output is active []

LaTeX Info: Redefining \. on input line 1606.
LaTeX Info: Redefining \% on input line 1606.
LaTeX Info: Redefining \. on input line 1606.
LaTeX Info: Redefining \% on input line 1606.
 [188]
LaTeX Info: Redefining \. on input line 1645.
LaTeX Info: Redefining \% on input line 1645.

[189]
LaTeX Info: Redefining \. on input line 1703.
LaTeX Info: Redefining \% on input line 1703.
LaTeX Info: Redefining \. on input line 1703.
LaTeX Info: Redefining \% on input line 1703.
 [190]
LaTeX Info: Redefining \. on input line 1788.
LaTeX Info: Redefining \% on input line 1788.
LaTeX Info: Redefining \. on input line 1788.
LaTeX Info: Redefining \% on input line 1788.
 [191]
LaTeX Info: Redefining \. on input line 1847.
LaTeX Info: Redefining \% on input line 1847.
LaTeX Info: Redefining \. on input line 1847.
LaTeX Info: Redefining \% on input line 1847.
 [192]
LaTeX Info: Redefining \. on input line 1928.
LaTeX Info: Redefining \% on input line 1928.
LaTeX Info: Redefining \. on input line 1928.
LaTeX Info: Redefining \% on input line 1928.
 [193])
LaTeX Info: Redefining \. on input line 181.
LaTeX Info: Redefining \% on input line 181.
LaTeX Info: Redefining \. on input line 181.
LaTeX Info: Redefining \% on input line 181.
 [194] (./NotasCursoMetodosNumericos.aux
LaTeX Info: Redefining \. on input line 11.
LaTeX Info: Redefining \% on input line 11.
)
 ***********
LaTeX2e <2023-11-01> patch level 1
L3 programming layer <2024-02-20>
 ***********


LaTeX Warning: There were undefined references.

Package rerunfilecheck Info: File `NotasCursoMetodosNumericos.out' has not chan
ged.
(rerunfilecheck)             Checksum: 7C9F55B06C979A3D335976C4CBB89D81;22504.
 ) 
Here is how much of TeX's memory you used:
 17606 strings out of 474116
 272349 string characters out of 5743681
 1982187 words of memory out of 5000000
 38741 multiletter control sequences out of 15000+600000
 572903 words of font info for 92 fonts, out of 8000000 for 9000
 1141 hyphenation exceptions out of 8191
 75i,21n,79p,2211b,966s stack positions out of 10000i,1000n,20000p,200000b,200000s
</usr/local/texlive/2024/texmf-dist/fonts/type1/public/amsfonts/cm/cmbx12.pfb
></usr/local/texlive/2024/texmf-dist/fonts/type1/public/amsfonts/cm/cmbxti10.pf
b></usr/local/texlive/2024/texmf-dist/fonts/type1/public/amsfonts/cm/cmex10.pfb
></usr/local/texlive/2024/texmf-dist/fonts/type1/public/amsfonts/cm/cmitt10.pfb
></usr/local/texlive/2024/texmf-dist/fonts/type1/public/amsfonts/cm/cmmi10.pfb>
</usr/local/texlive/2024/texmf-dist/fonts/type1/public/amsfonts/cm/cmmi12.pfb><
/usr/local/texlive/2024/texmf-dist/fonts/type1/public/amsfonts/cm/cmmi6.pfb></u
sr/local/texlive/2024/texmf-dist/fonts/type1/public/amsfonts/cm/cmmi8.pfb></usr
/local/texlive/2024/texmf-dist/fonts/type1/public/amsfonts/cm/cmr10.pfb></usr/l
ocal/texlive/2024/texmf-dist/fonts/type1/public/amsfonts/cm/cmr12.pfb></usr/loc
al/texlive/2024/texmf-dist/fonts/type1/public/amsfonts/cm/cmr6.pfb></usr/local/
texlive/2024/texmf-dist/fonts/type1/public/amsfonts/cm/cmr8.pfb></usr/local/tex
live/2024/texmf-dist/fonts/type1/public/amsfonts/cm/cmsy10.pfb></usr/local/texl
ive/2024/texmf-dist/fonts/type1/public/amsfonts/cm/cmsy6.pfb></usr/local/texliv
e/2024/texmf-dist/fonts/type1/public/amsfonts/cm/cmsy8.pfb></usr/local/texlive/
2024/texmf-dist/fonts/type1/public/amsfonts/cm/cmti10.pfb></usr/local/texlive/2
024/texmf-dist/fonts/type1/public/amsfonts/cm/cmti12.pfb></usr/local/texlive/20
24/texmf-dist/fonts/type1/public/amsfonts/cm/cmti8.pfb></usr/local/texlive/2024
/texmf-dist/fonts/type1/public/amsfonts/cm/cmtt12.pfb></usr/local/texlive/2024/
texmf-dist/fonts/type1/public/amsfonts/symbols/msbm10.pfb>
Output written on NotasCursoMetodosNumericos.pdf (200 pages, 822131 bytes).
PDF statistics:
 2473 PDF objects out of 2487 (max. 8388607)
 2199 compressed objects within 22 object streams
 970 named destinations out of 1000 (max. 500000)
 1042 words of extra memory for PDF output out of 10000 (max. 10000000)

